[ 2015-07-12T18:21:07+08:00 ] ::1 /hometownMarket/
INFO: [ app_init ] --START--
INFO: Run Behavior\BuildLiteBehavior [ RunTime:0.000017s ]
INFO: [ app_init ] --END-- [ RunTime:0.001749s ]
INFO: [ app_begin ] --START--
INFO: Run Behavior\ReadHtmlCacheBehavior [ RunTime:0.000894s ]
INFO: [ app_begin ] --END-- [ RunTime:0.000953s ]
SQL: SHOW COLUMNS FROM `tt_seconduploads` [ RunTime:0.0459s ]
SQL: SELECT * FROM `tt_seconduploads` ORDER BY seconduploads_size DESC LIMIT 3   [ RunTime:0.0024s ]
SQL: SHOW COLUMNS FROM `tt_secondgoods` [ RunTime:0.0166s ]
SQL: SELECT * FROM `tt_secondgoods` WHERE ( secondgoods_tradetype='0' ) ORDER BY secondgoods_postdate DESC  [ RunTime:0.0081s ]
SQL: SELECT COUNT(*) AS tp_count FROM `tt_secondgoods` LIMIT 1   [ RunTime:0.0056s ]
SQL: SELECT * FROM `tt_secondgoods` WHERE ( secondgoods_tradetype='1' ) ORDER BY secondgoods_postdate DESC  [ RunTime:0.0009s ]
SQL: SELECT COUNT(*) AS tp_count FROM `tt_secondgoods` LIMIT 1   [ RunTime:0.0002s ]
SQL: SELECT * FROM `tt_secondgoods` WHERE ( secondgoods_tradetype='0' ) ORDER BY secondgoods_postdate DESC LIMIT 10   [ RunTime:0.0008s ]
NOTIC: [8] Use of undefined constant secondgoods_pastdate - assumed 'secondgoods_pastdate' E:\xampp\htdocs\hometownMarket\Application\Home\Model\SecondgoodsModel.class.php 第 156 行.
NOTIC: [8] Use of undefined constant secondgoods_id - assumed 'secondgoods_id' E:\xampp\htdocs\hometownMarket\Application\Home\Model\SecondgoodsModel.class.php 第 157 行.
SQL: UPDATE `tt_secondgoods` SET `secondgoods_efficiency`='2' WHERE ( secondgoods_id='58' ) [ RunTime:0.0052s ]
NOTIC: [8] Use of undefined constant secondgoods_pastdate - assumed 'secondgoods_pastdate' E:\xampp\htdocs\hometownMarket\Application\Home\Model\SecondgoodsModel.class.php 第 156 行.
NOTIC: [8] Use of undefined constant secondgoods_id - assumed 'secondgoods_id' E:\xampp\htdocs\hometownMarket\Application\Home\Model\SecondgoodsModel.class.php 第 157 行.
SQL: UPDATE `tt_secondgoods` SET `secondgoods_efficiency`='2' WHERE ( secondgoods_id='49' ) [ RunTime:0.0004s ]
NOTIC: [8] Use of undefined constant secondgoods_pastdate - assumed 'secondgoods_pastdate' E:\xampp\htdocs\hometownMarket\Application\Home\Model\SecondgoodsModel.class.php 第 156 行.
NOTIC: [8] Use of undefined constant secondgoods_id - assumed 'secondgoods_id' E:\xampp\htdocs\hometownMarket\Application\Home\Model\SecondgoodsModel.class.php 第 157 行.
SQL: UPDATE `tt_secondgoods` SET `secondgoods_efficiency`='2' WHERE ( secondgoods_id='48' ) [ RunTime:0.0003s ]
NOTIC: [8] Use of undefined constant secondgoods_pastdate - assumed 'secondgoods_pastdate' E:\xampp\htdocs\hometownMarket\Application\Home\Model\SecondgoodsModel.class.php 第 156 行.
NOTIC: [8] Use of undefined constant secondgoods_id - assumed 'secondgoods_id' E:\xampp\htdocs\hometownMarket\Application\Home\Model\SecondgoodsModel.class.php 第 157 行.
SQL: UPDATE `tt_secondgoods` SET `secondgoods_efficiency`='2' WHERE ( secondgoods_id='47' ) [ RunTime:0.0003s ]
NOTIC: [8] Use of undefined constant secondgoods_pastdate - assumed 'secondgoods_pastdate' E:\xampp\htdocs\hometownMarket\Application\Home\Model\SecondgoodsModel.class.php 第 156 行.
NOTIC: [8] Use of undefined constant secondgoods_id - assumed 'secondgoods_id' E:\xampp\htdocs\hometownMarket\Application\Home\Model\SecondgoodsModel.class.php 第 157 行.
SQL: UPDATE `tt_secondgoods` SET `secondgoods_efficiency`='2' WHERE ( secondgoods_id='46' ) [ RunTime:0.0003s ]
NOTIC: [8] Use of undefined constant secondgoods_pastdate - assumed 'secondgoods_pastdate' E:\xampp\htdocs\hometownMarket\Application\Home\Model\SecondgoodsModel.class.php 第 156 行.
NOTIC: [8] Use of undefined constant secondgoods_id - assumed 'secondgoods_id' E:\xampp\htdocs\hometownMarket\Application\Home\Model\SecondgoodsModel.class.php 第 157 行.
SQL: UPDATE `tt_secondgoods` SET `secondgoods_efficiency`='2' WHERE ( secondgoods_id='45' ) [ RunTime:0.0003s ]
NOTIC: [8] Use of undefined constant secondgoods_pastdate - assumed 'secondgoods_pastdate' E:\xampp\htdocs\hometownMarket\Application\Home\Model\SecondgoodsModel.class.php 第 156 行.
NOTIC: [8] Use of undefined constant secondgoods_id - assumed 'secondgoods_id' E:\xampp\htdocs\hometownMarket\Application\Home\Model\SecondgoodsModel.class.php 第 157 行.
SQL: UPDATE `tt_secondgoods` SET `secondgoods_efficiency`='2' WHERE ( secondgoods_id='44' ) [ RunTime:0.0003s ]
NOTIC: [8] Use of undefined constant secondgoods_pastdate - assumed 'secondgoods_pastdate' E:\xampp\htdocs\hometownMarket\Application\Home\Model\SecondgoodsModel.class.php 第 156 行.
NOTIC: [8] Use of undefined constant secondgoods_id - assumed 'secondgoods_id' E:\xampp\htdocs\hometownMarket\Application\Home\Model\SecondgoodsModel.class.php 第 157 行.
SQL: UPDATE `tt_secondgoods` SET `secondgoods_efficiency`='2' WHERE ( secondgoods_id='43' ) [ RunTime:0.0005s ]
NOTIC: [8] Use of undefined constant secondgoods_pastdate - assumed 'secondgoods_pastdate' E:\xampp\htdocs\hometownMarket\Application\Home\Model\SecondgoodsModel.class.php 第 156 行.
NOTIC: [8] Use of undefined constant secondgoods_id - assumed 'secondgoods_id' E:\xampp\htdocs\hometownMarket\Application\Home\Model\SecondgoodsModel.class.php 第 157 行.
SQL: UPDATE `tt_secondgoods` SET `secondgoods_efficiency`='2' WHERE ( secondgoods_id='42' ) [ RunTime:0.0005s ]
NOTIC: [8] Use of undefined constant secondgoods_pastdate - assumed 'secondgoods_pastdate' E:\xampp\htdocs\hometownMarket\Application\Home\Model\SecondgoodsModel.class.php 第 156 行.
NOTIC: [8] Use of undefined constant secondgoods_id - assumed 'secondgoods_id' E:\xampp\htdocs\hometownMarket\Application\Home\Model\SecondgoodsModel.class.php 第 157 行.
SQL: UPDATE `tt_secondgoods` SET `secondgoods_efficiency`='2' WHERE ( secondgoods_id='41' ) [ RunTime:0.0003s ]
SQL: SELECT * FROM `tt_secondgoods` WHERE ( secondgoods_tradetype='1' ) ORDER BY secondgoods_postdate DESC LIMIT 10   [ RunTime:0.0007s ]
NOTIC: [8] Use of undefined constant secondgoods_pastdate - assumed 'secondgoods_pastdate' E:\xampp\htdocs\hometownMarket\Application\Home\Model\SecondgoodsModel.class.php 第 156 行.
NOTIC: [8] Use of undefined constant secondgoods_id - assumed 'secondgoods_id' E:\xampp\htdocs\hometownMarket\Application\Home\Model\SecondgoodsModel.class.php 第 157 行.
SQL: UPDATE `tt_secondgoods` SET `secondgoods_efficiency`='2' WHERE ( secondgoods_id='13' ) [ RunTime:0.0003s ]
NOTIC: [8] Use of undefined constant secondgoods_pastdate - assumed 'secondgoods_pastdate' E:\xampp\htdocs\hometownMarket\Application\Home\Model\SecondgoodsModel.class.php 第 156 行.
NOTIC: [8] Use of undefined constant secondgoods_id - assumed 'secondgoods_id' E:\xampp\htdocs\hometownMarket\Application\Home\Model\SecondgoodsModel.class.php 第 157 行.
SQL: UPDATE `tt_secondgoods` SET `secondgoods_efficiency`='2' WHERE ( secondgoods_id='12' ) [ RunTime:0.0003s ]
NOTIC: [8] Use of undefined constant secondgoods_pastdate - assumed 'secondgoods_pastdate' E:\xampp\htdocs\hometownMarket\Application\Home\Model\SecondgoodsModel.class.php 第 156 行.
NOTIC: [8] Use of undefined constant secondgoods_id - assumed 'secondgoods_id' E:\xampp\htdocs\hometownMarket\Application\Home\Model\SecondgoodsModel.class.php 第 157 行.
SQL: UPDATE `tt_secondgoods` SET `secondgoods_efficiency`='2' WHERE ( secondgoods_id='10' ) [ RunTime:0.0003s ]
NOTIC: [8] Use of undefined constant secondgoods_pastdate - assumed 'secondgoods_pastdate' E:\xampp\htdocs\hometownMarket\Application\Home\Model\SecondgoodsModel.class.php 第 156 行.
NOTIC: [8] Use of undefined constant secondgoods_id - assumed 'secondgoods_id' E:\xampp\htdocs\hometownMarket\Application\Home\Model\SecondgoodsModel.class.php 第 157 行.
SQL: UPDATE `tt_secondgoods` SET `secondgoods_efficiency`='2' WHERE ( secondgoods_id='9' ) [ RunTime:0.0003s ]
NOTIC: [8] Use of undefined constant secondgoods_pastdate - assumed 'secondgoods_pastdate' E:\xampp\htdocs\hometownMarket\Application\Home\Model\SecondgoodsModel.class.php 第 156 行.
NOTIC: [8] Use of undefined constant secondgoods_id - assumed 'secondgoods_id' E:\xampp\htdocs\hometownMarket\Application\Home\Model\SecondgoodsModel.class.php 第 157 行.
SQL: UPDATE `tt_secondgoods` SET `secondgoods_efficiency`='2' WHERE ( secondgoods_id='8' ) [ RunTime:0.0003s ]
SQL: SHOW COLUMNS FROM `tt_notice_all` [ RunTime:0.0080s ]
SQL: SELECT * FROM `tt_notice_all` ORDER BY notice_noticedate DESC  [ RunTime:0.0005s ]
SQL: SHOW COLUMNS FROM `tt_category` [ RunTime:0.0087s ]
SQL: SELECT `cate_class`,`cate_name`,`cate_pid` FROM `tt_category`  [ RunTime:0.0005s ]
INFO: [ view_parse ] --START--
INFO: [ template_filter ] --START--
INFO: Run Behavior\ContentReplaceBehavior [ RunTime:0.000437s ]
INFO: [ template_filter ] --END-- [ RunTime:0.000535s ]
NOTIC: [8] Undefined index: userid E:\xampp\htdocs\hometownMarket\Application\Runtime\Cache\Home\2a94b8bda04ff446dcedd42276fc99ee.php 第 36 行.
NOTIC: [8] Undefined index: userid E:\xampp\htdocs\hometownMarket\Application\Runtime\Cache\Home\2a94b8bda04ff446dcedd42276fc99ee.php 第 114 行.
NOTIC: [8] Undefined index: userid E:\xampp\htdocs\hometownMarket\Application\Runtime\Cache\Home\2a94b8bda04ff446dcedd42276fc99ee.php 第 149 行.
NOTIC: [8] Use of undefined constant cate_class - assumed 'cate_class' E:\xampp\htdocs\hometownMarket\Application\Runtime\Cache\Home\2a94b8bda04ff446dcedd42276fc99ee.php 第 228 行.
NOTIC: [8] Use of undefined constant cate_class - assumed 'cate_class' E:\xampp\htdocs\hometownMarket\Application\Runtime\Cache\Home\2a94b8bda04ff446dcedd42276fc99ee.php 第 228 行.
NOTIC: [8] Use of undefined constant cate_class - assumed 'cate_class' E:\xampp\htdocs\hometownMarket\Application\Runtime\Cache\Home\2a94b8bda04ff446dcedd42276fc99ee.php 第 228 行.
NOTIC: [8] Use of undefined constant cate_class - assumed 'cate_class' E:\xampp\htdocs\hometownMarket\Application\Runtime\Cache\Home\2a94b8bda04ff446dcedd42276fc99ee.php 第 228 行.
NOTIC: [8] Use of undefined constant cate_class - assumed 'cate_class' E:\xampp\htdocs\hometownMarket\Application\Runtime\Cache\Home\2a94b8bda04ff446dcedd42276fc99ee.php 第 235 行.
NOTIC: [8] Use of undefined constant cate_class - assumed 'cate_class' E:\xampp\htdocs\hometownMarket\Application\Runtime\Cache\Home\2a94b8bda04ff446dcedd42276fc99ee.php 第 242 行.
NOTIC: [8] Use of undefined constant cate_class - assumed 'cate_class' E:\xampp\htdocs\hometownMarket\Application\Runtime\Cache\Home\2a94b8bda04ff446dcedd42276fc99ee.php 第 249 行.
NOTIC: [8] Use of undefined constant cate_class - assumed 'cate_class' E:\xampp\htdocs\hometownMarket\Application\Runtime\Cache\Home\2a94b8bda04ff446dcedd42276fc99ee.php 第 256 行.
NOTIC: [8] Use of undefined constant cate_class - assumed 'cate_class' E:\xampp\htdocs\hometownMarket\Application\Runtime\Cache\Home\2a94b8bda04ff446dcedd42276fc99ee.php 第 263 行.
NOTIC: [8] Use of undefined constant cate_class - assumed 'cate_class' E:\xampp\htdocs\hometownMarket\Application\Runtime\Cache\Home\2a94b8bda04ff446dcedd42276fc99ee.php 第 263 行.
NOTIC: [8] Use of undefined constant cate_class - assumed 'cate_class' E:\xampp\htdocs\hometownMarket\Application\Runtime\Cache\Home\2a94b8bda04ff446dcedd42276fc99ee.php 第 270 行.
NOTIC: [8] Use of undefined constant cate_class - assumed 'cate_class' E:\xampp\htdocs\hometownMarket\Application\Runtime\Cache\Home\2a94b8bda04ff446dcedd42276fc99ee.php 第 228 行.
NOTIC: [8] Use of undefined constant cate_class - assumed 'cate_class' E:\xampp\htdocs\hometownMarket\Application\Runtime\Cache\Home\2a94b8bda04ff446dcedd42276fc99ee.php 第 228 行.
NOTIC: [8] Use of undefined constant cate_class - assumed 'cate_class' E:\xampp\htdocs\hometownMarket\Application\Runtime\Cache\Home\2a94b8bda04ff446dcedd42276fc99ee.php 第 228 行.
NOTIC: [8] Use of undefined constant cate_class - assumed 'cate_class' E:\xampp\htdocs\hometownMarket\Application\Runtime\Cache\Home\2a94b8bda04ff446dcedd42276fc99ee.php 第 228 行.
NOTIC: [8] Use of undefined constant cate_class - assumed 'cate_class' E:\xampp\htdocs\hometownMarket\Application\Runtime\Cache\Home\2a94b8bda04ff446dcedd42276fc99ee.php 第 235 行.
NOTIC: [8] Use of undefined constant cate_class - assumed 'cate_class' E:\xampp\htdocs\hometownMarket\Application\Runtime\Cache\Home\2a94b8bda04ff446dcedd42276fc99ee.php 第 242 行.
NOTIC: [8] Use of undefined constant cate_class - assumed 'cate_class' E:\xampp\htdocs\hometownMarket\Application\Runtime\Cache\Home\2a94b8bda04ff446dcedd42276fc99ee.php 第 249 行.
NOTIC: [8] Use of undefined constant cate_class - assumed 'cate_class' E:\xampp\htdocs\hometownMarket\Application\Runtime\Cache\Home\2a94b8bda04ff446dcedd42276fc99ee.php 第 256 行.
NOTIC: [8] Use of undefined constant cate_class - assumed 'cate_class' E:\xampp\htdocs\hometownMarket\Application\Runtime\Cache\Home\2a94b8bda04ff446dcedd42276fc99ee.php 第 263 行.
NOTIC: [8] Use of undefined constant cate_class - assumed 'cate_class' E:\xampp\htdocs\hometownMarket\Application\Runtime\Cache\Home\2a94b8bda04ff446dcedd42276fc99ee.php 第 263 行.
NOTIC: [8] Use of undefined constant cate_class - assumed 'cate_class' E:\xampp\htdocs\hometownMarket\Application\Runtime\Cache\Home\2a94b8bda04ff446dcedd42276fc99ee.php 第 270 行.
NOTIC: [8] Use of undefined constant cate_class - assumed 'cate_class' E:\xampp\htdocs\hometownMarket\Application\Runtime\Cache\Home\2a94b8bda04ff446dcedd42276fc99ee.php 第 228 行.
NOTIC: [8] Use of undefined constant cate_class - assumed 'cate_class' E:\xampp\htdocs\hometownMarket\Application\Runtime\Cache\Home\2a94b8bda04ff446dcedd42276fc99ee.php 第 228 行.
NOTIC: [8] Use of undefined constant cate_class - assumed 'cate_class' E:\xampp\htdocs\hometownMarket\Application\Runtime\Cache\Home\2a94b8bda04ff446dcedd42276fc99ee.php 第 228 行.
NOTIC: [8] Use of undefined constant cate_class - assumed 'cate_class' E:\xampp\htdocs\hometownMarket\Application\Runtime\Cache\Home\2a94b8bda04ff446dcedd42276fc99ee.php 第 228 行.
NOTIC: [8] Use of undefined constant cate_class - assumed 'cate_class' E:\xampp\htdocs\hometownMarket\Application\Runtime\Cache\Home\2a94b8bda04ff446dcedd42276fc99ee.php 第 235 行.
NOTIC: [8] Use of undefined constant cate_class - assumed 'cate_class' E:\xampp\htdocs\hometownMarket\Application\Runtime\Cache\Home\2a94b8bda04ff446dcedd42276fc99ee.php 第 242 行.
NOTIC: [8] Use of undefined constant cate_class - assumed 'cate_class' E:\xampp\htdocs\hometownMarket\Application\Runtime\Cache\Home\2a94b8bda04ff446dcedd42276fc99ee.php 第 249 行.
NOTIC: [8] Use of undefined constant cate_class - assumed 'cate_class' E:\xampp\htdocs\hometownMarket\Application\Runtime\Cache\Home\2a94b8bda04ff446dcedd42276fc99ee.php 第 256 行.
NOTIC: [8] Use of undefined constant cate_class - assumed 'cate_class' E:\xampp\htdocs\hometownMarket\Application\Runtime\Cache\Home\2a94b8bda04ff446dcedd42276fc99ee.php 第 263 行.
NOTIC: [8] Use of undefined constant cate_class - assumed 'cate_class' E:\xampp\htdocs\hometownMarket\Application\Runtime\Cache\Home\2a94b8bda04ff446dcedd42276fc99ee.php 第 263 行.
NOTIC: [8] Use of undefined constant cate_class - assumed 'cate_class' E:\xampp\htdocs\hometownMarket\Application\Runtime\Cache\Home\2a94b8bda04ff446dcedd42276fc99ee.php 第 270 行.
NOTIC: [8] Use of undefined constant cate_class - assumed 'cate_class' E:\xampp\htdocs\hometownMarket\Application\Runtime\Cache\Home\2a94b8bda04ff446dcedd42276fc99ee.php 第 228 行.
NOTIC: [8] Use of undefined constant cate_class - assumed 'cate_class' E:\xampp\htdocs\hometownMarket\Application\Runtime\Cache\Home\2a94b8bda04ff446dcedd42276fc99ee.php 第 228 行.
NOTIC: [8] Use of undefined constant cate_class - assumed 'cate_class' E:\xampp\htdocs\hometownMarket\Application\Runtime\Cache\Home\2a94b8bda04ff446dcedd42276fc99ee.php 第 228 行.
NOTIC: [8] Use of undefined constant cate_class - assumed 'cate_class' E:\xampp\htdocs\hometownMarket\Application\Runtime\Cache\Home\2a94b8bda04ff446dcedd42276fc99ee.php 第 228 行.
NOTIC: [8] Use of undefined constant cate_class - assumed 'cate_class' E:\xampp\htdocs\hometownMarket\Application\Runtime\Cache\Home\2a94b8bda04ff446dcedd42276fc99ee.php 第 235 行.
NOTIC: [8] Use of undefined constant cate_class - assumed 'cate_class' E:\xampp\htdocs\hometownMarket\Application\Runtime\Cache\Home\2a94b8bda04ff446dcedd42276fc99ee.php 第 242 行.
NOTIC: [8] Use of undefined constant cate_class - assumed 'cate_class' E:\xampp\htdocs\hometownMarket\Application\Runtime\Cache\Home\2a94b8bda04ff446dcedd42276fc99ee.php 第 249 行.
NOTIC: [8] Use of undefined constant cate_class - assumed 'cate_class' E:\xampp\htdocs\hometownMarket\Application\Runtime\Cache\Home\2a94b8bda04ff446dcedd42276fc99ee.php 第 256 行.
NOTIC: [8] Use of undefined constant cate_class - assumed 'cate_class' E:\xampp\htdocs\hometownMarket\Application\Runtime\Cache\Home\2a94b8bda04ff446dcedd42276fc99ee.php 第 263 行.
NOTIC: [8] Use of undefined constant cate_class - assumed 'cate_class' E:\xampp\htdocs\hometownMarket\Application\Runtime\Cache\Home\2a94b8bda04ff446dcedd42276fc99ee.php 第 263 行.
NOTIC: [8] Use of undefined constant cate_class - assumed 'cate_class' E:\xampp\htdocs\hometownMarket\Application\Runtime\Cache\Home\2a94b8bda04ff446dcedd42276fc99ee.php 第 270 行.
NOTIC: [8] Use of undefined constant cate_class - assumed 'cate_class' E:\xampp\htdocs\hometownMarket\Application\Runtime\Cache\Home\2a94b8bda04ff446dcedd42276fc99ee.php 第 228 行.
NOTIC: [8] Use of undefined constant cate_class - assumed 'cate_class' E:\xampp\htdocs\hometownMarket\Application\Runtime\Cache\Home\2a94b8bda04ff446dcedd42276fc99ee.php 第 228 行.
NOTIC: [8] Use of undefined constant cate_class - assumed 'cate_class' E:\xampp\htdocs\hometownMarket\Application\Runtime\Cache\Home\2a94b8bda04ff446dcedd42276fc99ee.php 第 228 行.
NOTIC: [8] Use of undefined constant cate_class - assumed 'cate_class' E:\xampp\htdocs\hometownMarket\Application\Runtime\Cache\Home\2a94b8bda04ff446dcedd42276fc99ee.php 第 228 行.
NOTIC: [8] Use of undefined constant cate_class - assumed 'cate_class' E:\xampp\htdocs\hometownMarket\Application\Runtime\Cache\Home\2a94b8bda04ff446dcedd42276fc99ee.php 第 235 行.
NOTIC: [8] Use of undefined constant cate_class - assumed 'cate_class' E:\xampp\htdocs\hometownMarket\Application\Runtime\Cache\Home\2a94b8bda04ff446dcedd42276fc99ee.php 第 242 行.
NOTIC: [8] Use of undefined constant cate_class - assumed 'cate_class' E:\xampp\htdocs\hometownMarket\Application\Runtime\Cache\Home\2a94b8bda04ff446dcedd42276fc99ee.php 第 249 行.
NOTIC: [8] Use of undefined constant cate_class - assumed 'cate_class' E:\xampp\htdocs\hometownMarket\Application\Runtime\Cache\Home\2a94b8bda04ff446dcedd42276fc99ee.php 第 256 行.
NOTIC: [8] Use of undefined constant cate_class - assumed 'cate_class' E:\xampp\htdocs\hometownMarket\Application\Runtime\Cache\Home\2a94b8bda04ff446dcedd42276fc99ee.php 第 263 行.
NOTIC: [8] Use of undefined constant cate_class - assumed 'cate_class' E:\xampp\htdocs\hometownMarket\Application\Runtime\Cache\Home\2a94b8bda04ff446dcedd42276fc99ee.php 第 263 行.
NOTIC: [8] Use of undefined constant cate_class - assumed 'cate_class' E:\xampp\htdocs\hometownMarket\Application\Runtime\Cache\Home\2a94b8bda04ff446dcedd42276fc99ee.php 第 270 行.
NOTIC: [8] Use of undefined constant cate_class - assumed 'cate_class' E:\xampp\htdocs\hometownMarket\Application\Runtime\Cache\Home\2a94b8bda04ff446dcedd42276fc99ee.php 第 228 行.
NOTIC: [8] Use of undefined constant cate_class - assumed 'cate_class' E:\xampp\htdocs\hometownMarket\Application\Runtime\Cache\Home\2a94b8bda04ff446dcedd42276fc99ee.php 第 228 行.
NOTIC: [8] Use of undefined constant cate_class - assumed 'cate_class' E:\xampp\htdocs\hometownMarket\Application\Runtime\Cache\Home\2a94b8bda04ff446dcedd42276fc99ee.php 第 228 行.
NOTIC: [8] Use of undefined constant cate_class - assumed 'cate_class' E:\xampp\htdocs\hometownMarket\Application\Runtime\Cache\Home\2a94b8bda04ff446dcedd42276fc99ee.php 第 228 行.
NOTIC: [8] Use of undefined constant cate_class - assumed 'cate_class' E:\xampp\htdocs\hometownMarket\Application\Runtime\Cache\Home\2a94b8bda04ff446dcedd42276fc99ee.php 第 235 行.
NOTIC: [8] Use of undefined constant cate_class - assumed 'cate_class' E:\xampp\htdocs\hometownMarket\Application\Runtime\Cache\Home\2a94b8bda04ff446dcedd42276fc99ee.php 第 242 行.
NOTIC: [8] Use of undefined constant cate_class - assumed 'cate_class' E:\xampp\htdocs\hometownMarket\Application\Runtime\Cache\Home\2a94b8bda04ff446dcedd42276fc99ee.php 第 249 行.
NOTIC: [8] Use of undefined constant cate_class - assumed 'cate_class' E:\xampp\htdocs\hometownMarket\Application\Runtime\Cache\Home\2a94b8bda04ff446dcedd42276fc99ee.php 第 256 行.
NOTIC: [8] Use of undefined constant cate_class - assumed 'cate_class' E:\xampp\htdocs\hometownMarket\Application\Runtime\Cache\Home\2a94b8bda04ff446dcedd42276fc99ee.php 第 263 行.
NOTIC: [8] Use of undefined constant cate_class - assumed 'cate_class' E:\xampp\htdocs\hometownMarket\Application\Runtime\Cache\Home\2a94b8bda04ff446dcedd42276fc99ee.php 第 263 行.
NOTIC: [8] Use of undefined constant cate_class - assumed 'cate_class' E:\xampp\htdocs\hometownMarket\Application\Runtime\Cache\Home\2a94b8bda04ff446dcedd42276fc99ee.php 第 270 行.
NOTIC: [8] Use of undefined constant cate_class - assumed 'cate_class' E:\xampp\htdocs\hometownMarket\Application\Runtime\Cache\Home\2a94b8bda04ff446dcedd42276fc99ee.php 第 228 行.
NOTIC: [8] Use of undefined constant cate_class - assumed 'cate_class' E:\xampp\htdocs\hometownMarket\Application\Runtime\Cache\Home\2a94b8bda04ff446dcedd42276fc99ee.php 第 228 行.
NOTIC: [8] Use of undefined constant cate_class - assumed 'cate_class' E:\xampp\htdocs\hometownMarket\Application\Runtime\Cache\Home\2a94b8bda04ff446dcedd42276fc99ee.php 第 228 行.
NOTIC: [8] Use of undefined constant cate_class - assumed 'cate_class' E:\xampp\htdocs\hometownMarket\Application\Runtime\Cache\Home\2a94b8bda04ff446dcedd42276fc99ee.php 第 228 行.
NOTIC: [8] Use of undefined constant cate_class - assumed 'cate_class' E:\xampp\htdocs\hometownMarket\Application\Runtime\Cache\Home\2a94b8bda04ff446dcedd42276fc99ee.php 第 235 行.
NOTIC: [8] Use of undefined constant cate_class - assumed 'cate_class' E:\xampp\htdocs\hometownMarket\Application\Runtime\Cache\Home\2a94b8bda04ff446dcedd42276fc99ee.php 第 242 行.
NOTIC: [8] Use of undefined constant cate_class - assumed 'cate_class' E:\xampp\htdocs\hometownMarket\Application\Runtime\Cache\Home\2a94b8bda04ff446dcedd42276fc99ee.php 第 249 行.
NOTIC: [8] Use of undefined constant cate_class - assumed 'cate_class' E:\xampp\htdocs\hometownMarket\Application\Runtime\Cache\Home\2a94b8bda04ff446dcedd42276fc99ee.php 第 256 行.
NOTIC: [8] Use of undefined constant cate_class - assumed 'cate_class' E:\xampp\htdocs\hometownMarket\Application\Runtime\Cache\Home\2a94b8bda04ff446dcedd42276fc99ee.php 第 263 行.
NOTIC: [8] Use of undefined constant cate_class - assumed 'cate_class' E:\xampp\htdocs\hometownMarket\Application\Runtime\Cache\Home\2a94b8bda04ff446dcedd42276fc99ee.php 第 263 行.
NOTIC: [8] Use of undefined constant cate_class - assumed 'cate_class' E:\xampp\htdocs\hometownMarket\Application\Runtime\Cache\Home\2a94b8bda04ff446dcedd42276fc99ee.php 第 270 行.
NOTIC: [8] Undefined index: secondgoods_id E:\xampp\htdocs\hometownMarket\Application\Runtime\Cache\Home\2a94b8bda04ff446dcedd42276fc99ee.php 第 367 行.
NOTIC: [8] Undefined variable: goodsDesc E:\xampp\htdocs\hometownMarket\Application\Runtime\Cache\Home\2a94b8bda04ff446dcedd42276fc99ee.php 第 475 行.
INFO: Run Behavior\ParseTemplateBehavior [ RunTime:0.055457s ]
INFO: [ view_parse ] --END-- [ RunTime:0.055573s ]
INFO: [ view_filter ] --START--
INFO: Run Behavior\WriteHtmlCacheBehavior [ RunTime:0.001291s ]
INFO: [ view_filter ] --END-- [ RunTime:0.001374s ]
INFO: [ app_end ] --START--
INFO: Run Behavior\ShowPageTraceBehavior [ RunTime:0.001744s ]
INFO: [ app_end ] --END-- [ RunTime:0.001866s ]

