[ 2015-07-02T14:33:51+08:00 ] ::1 /hometownMarket/index.php
INFO: [ app_init ] --START--
INFO: Run Behavior\BuildLiteBehavior [ RunTime:0.000019s ]
INFO: [ app_init ] --END-- [ RunTime:0.002193s ]
INFO: [ app_begin ] --START--
INFO: Run Behavior\ReadHtmlCacheBehavior [ RunTime:0.001123s ]
INFO: [ app_begin ] --END-- [ RunTime:0.001212s ]
SQL: SHOW COLUMNS FROM `tt_seconduploads` [ RunTime:0.0584s ]
SQL: SELECT * FROM `tt_seconduploads` ORDER BY seconduploads_size DESC LIMIT 3   [ RunTime:0.0025s ]
SQL: SHOW COLUMNS FROM `tt_secondgoods` [ RunTime:0.0102s ]
SQL: SELECT * FROM `tt_secondgoods` WHERE ( secondgoods_tradetype='0' ) ORDER BY secondgoods_postdate DESC  [ RunTime:0.0060s ]
SQL: SELECT COUNT(*) AS tp_count FROM `tt_secondgoods` LIMIT 1   [ RunTime:0.0053s ]
SQL: SELECT * FROM `tt_secondgoods` WHERE ( secondgoods_tradetype='1' ) ORDER BY secondgoods_postdate DESC  [ RunTime:0.0006s ]
SQL: SELECT COUNT(*) AS tp_count FROM `tt_secondgoods` LIMIT 1   [ RunTime:0.0002s ]
SQL: SELECT * FROM `tt_secondgoods` WHERE ( secondgoods_tradetype='0' ) ORDER BY secondgoods_postdate DESC LIMIT 10   [ RunTime:0.0009s ]
NOTIC: [8] Use of undefined constant secondgoods_pastdate - assumed 'secondgoods_pastdate' E:\xampp\htdocs\hometownMarket\Application\Home\Model\SecondgoodsModel.class.php 第 156 行.
NOTIC: [8] Use of undefined constant secondgoods_pastdate - assumed 'secondgoods_pastdate' E:\xampp\htdocs\hometownMarket\Application\Home\Model\SecondgoodsModel.class.php 第 156 行.
NOTIC: [8] Use of undefined constant secondgoods_id - assumed 'secondgoods_id' E:\xampp\htdocs\hometownMarket\Application\Home\Model\SecondgoodsModel.class.php 第 157 行.
SQL: UPDATE `tt_secondgoods` SET `secondgoods_efficiency`='2' WHERE ( secondgoods_id='49' ) [ RunTime:0.0052s ]
NOTIC: [8] Use of undefined constant secondgoods_pastdate - assumed 'secondgoods_pastdate' E:\xampp\htdocs\hometownMarket\Application\Home\Model\SecondgoodsModel.class.php 第 156 行.
NOTIC: [8] Use of undefined constant secondgoods_id - assumed 'secondgoods_id' E:\xampp\htdocs\hometownMarket\Application\Home\Model\SecondgoodsModel.class.php 第 157 行.
SQL: UPDATE `tt_secondgoods` SET `secondgoods_efficiency`='2' WHERE ( secondgoods_id='48' ) [ RunTime:0.0003s ]
NOTIC: [8] Use of undefined constant secondgoods_pastdate - assumed 'secondgoods_pastdate' E:\xampp\htdocs\hometownMarket\Application\Home\Model\SecondgoodsModel.class.php 第 156 行.
NOTIC: [8] Use of undefined constant secondgoods_id - assumed 'secondgoods_id' E:\xampp\htdocs\hometownMarket\Application\Home\Model\SecondgoodsModel.class.php 第 157 行.
SQL: UPDATE `tt_secondgoods` SET `secondgoods_efficiency`='2' WHERE ( secondgoods_id='47' ) [ RunTime:0.0002s ]
NOTIC: [8] Use of undefined constant secondgoods_pastdate - assumed 'secondgoods_pastdate' E:\xampp\htdocs\hometownMarket\Application\Home\Model\SecondgoodsModel.class.php 第 156 行.
NOTIC: [8] Use of undefined constant secondgoods_id - assumed 'secondgoods_id' E:\xampp\htdocs\hometownMarket\Application\Home\Model\SecondgoodsModel.class.php 第 157 行.
SQL: UPDATE `tt_secondgoods` SET `secondgoods_efficiency`='2' WHERE ( secondgoods_id='46' ) [ RunTime:0.0004s ]
NOTIC: [8] Use of undefined constant secondgoods_pastdate - assumed 'secondgoods_pastdate' E:\xampp\htdocs\hometownMarket\Application\Home\Model\SecondgoodsModel.class.php 第 156 行.
NOTIC: [8] Use of undefined constant secondgoods_id - assumed 'secondgoods_id' E:\xampp\htdocs\hometownMarket\Application\Home\Model\SecondgoodsModel.class.php 第 157 行.
SQL: UPDATE `tt_secondgoods` SET `secondgoods_efficiency`='2' WHERE ( secondgoods_id='45' ) [ RunTime:0.0002s ]
NOTIC: [8] Use of undefined constant secondgoods_pastdate - assumed 'secondgoods_pastdate' E:\xampp\htdocs\hometownMarket\Application\Home\Model\SecondgoodsModel.class.php 第 156 行.
NOTIC: [8] Use of undefined constant secondgoods_id - assumed 'secondgoods_id' E:\xampp\htdocs\hometownMarket\Application\Home\Model\SecondgoodsModel.class.php 第 157 行.
SQL: UPDATE `tt_secondgoods` SET `secondgoods_efficiency`='2' WHERE ( secondgoods_id='44' ) [ RunTime:0.0003s ]
NOTIC: [8] Use of undefined constant secondgoods_pastdate - assumed 'secondgoods_pastdate' E:\xampp\htdocs\hometownMarket\Application\Home\Model\SecondgoodsModel.class.php 第 156 行.
NOTIC: [8] Use of undefined constant secondgoods_id - assumed 'secondgoods_id' E:\xampp\htdocs\hometownMarket\Application\Home\Model\SecondgoodsModel.class.php 第 157 行.
SQL: UPDATE `tt_secondgoods` SET `secondgoods_efficiency`='2' WHERE ( secondgoods_id='43' ) [ RunTime:0.0002s ]
NOTIC: [8] Use of undefined constant secondgoods_pastdate - assumed 'secondgoods_pastdate' E:\xampp\htdocs\hometownMarket\Application\Home\Model\SecondgoodsModel.class.php 第 156 行.
NOTIC: [8] Use of undefined constant secondgoods_id - assumed 'secondgoods_id' E:\xampp\htdocs\hometownMarket\Application\Home\Model\SecondgoodsModel.class.php 第 157 行.
SQL: UPDATE `tt_secondgoods` SET `secondgoods_efficiency`='2' WHERE ( secondgoods_id='42' ) [ RunTime:0.0002s ]
NOTIC: [8] Use of undefined constant secondgoods_pastdate - assumed 'secondgoods_pastdate' E:\xampp\htdocs\hometownMarket\Application\Home\Model\SecondgoodsModel.class.php 第 156 行.
NOTIC: [8] Use of undefined constant secondgoods_id - assumed 'secondgoods_id' E:\xampp\htdocs\hometownMarket\Application\Home\Model\SecondgoodsModel.class.php 第 157 行.
SQL: UPDATE `tt_secondgoods` SET `secondgoods_efficiency`='2' WHERE ( secondgoods_id='41' ) [ RunTime:0.0002s ]
SQL: SELECT * FROM `tt_secondgoods` WHERE ( secondgoods_tradetype='1' ) ORDER BY secondgoods_postdate DESC LIMIT 10   [ RunTime:0.0005s ]
NOTIC: [8] Use of undefined constant secondgoods_pastdate - assumed 'secondgoods_pastdate' E:\xampp\htdocs\hometownMarket\Application\Home\Model\SecondgoodsModel.class.php 第 156 行.
NOTIC: [8] Use of undefined constant secondgoods_id - assumed 'secondgoods_id' E:\xampp\htdocs\hometownMarket\Application\Home\Model\SecondgoodsModel.class.php 第 157 行.
SQL: UPDATE `tt_secondgoods` SET `secondgoods_efficiency`='2' WHERE ( secondgoods_id='13' ) [ RunTime:0.0003s ]
NOTIC: [8] Use of undefined constant secondgoods_pastdate - assumed 'secondgoods_pastdate' E:\xampp\htdocs\hometownMarket\Application\Home\Model\SecondgoodsModel.class.php 第 156 行.
NOTIC: [8] Use of undefined constant secondgoods_id - assumed 'secondgoods_id' E:\xampp\htdocs\hometownMarket\Application\Home\Model\SecondgoodsModel.class.php 第 157 行.
SQL: UPDATE `tt_secondgoods` SET `secondgoods_efficiency`='2' WHERE ( secondgoods_id='12' ) [ RunTime:0.0002s ]
NOTIC: [8] Use of undefined constant secondgoods_pastdate - assumed 'secondgoods_pastdate' E:\xampp\htdocs\hometownMarket\Application\Home\Model\SecondgoodsModel.class.php 第 156 行.
NOTIC: [8] Use of undefined constant secondgoods_id - assumed 'secondgoods_id' E:\xampp\htdocs\hometownMarket\Application\Home\Model\SecondgoodsModel.class.php 第 157 行.
SQL: UPDATE `tt_secondgoods` SET `secondgoods_efficiency`='2' WHERE ( secondgoods_id='10' ) [ RunTime:0.0002s ]
NOTIC: [8] Use of undefined constant secondgoods_pastdate - assumed 'secondgoods_pastdate' E:\xampp\htdocs\hometownMarket\Application\Home\Model\SecondgoodsModel.class.php 第 156 行.
NOTIC: [8] Use of undefined constant secondgoods_id - assumed 'secondgoods_id' E:\xampp\htdocs\hometownMarket\Application\Home\Model\SecondgoodsModel.class.php 第 157 行.
SQL: UPDATE `tt_secondgoods` SET `secondgoods_efficiency`='2' WHERE ( secondgoods_id='9' ) [ RunTime:0.0002s ]
NOTIC: [8] Use of undefined constant secondgoods_pastdate - assumed 'secondgoods_pastdate' E:\xampp\htdocs\hometownMarket\Application\Home\Model\SecondgoodsModel.class.php 第 156 行.
NOTIC: [8] Use of undefined constant secondgoods_id - assumed 'secondgoods_id' E:\xampp\htdocs\hometownMarket\Application\Home\Model\SecondgoodsModel.class.php 第 157 行.
SQL: UPDATE `tt_secondgoods` SET `secondgoods_efficiency`='2' WHERE ( secondgoods_id='8' ) [ RunTime:0.0002s ]
SQL: SHOW COLUMNS FROM `tt_notice_all` [ RunTime:0.0080s ]
SQL: SELECT * FROM `tt_notice_all` ORDER BY notice_noticedate DESC  [ RunTime:0.0005s ]
SQL: SHOW COLUMNS FROM `tt_category` [ RunTime:0.0095s ]
SQL: SELECT `cate_class`,`cate_name`,`cate_pid` FROM `tt_category`  [ RunTime:0.0005s ]
INFO: [ view_parse ] --START--
INFO: [ template_filter ] --START--
INFO: Run Behavior\ContentReplaceBehavior [ RunTime:0.000257s ]
INFO: [ template_filter ] --END-- [ RunTime:0.000324s ]
NOTIC: [8] Undefined index: userid E:\xampp\htdocs\hometownMarket\Application\Runtime\Cache\Home\2a94b8bda04ff446dcedd42276fc99ee.php 第 36 行.
NOTIC: [8] Undefined index: userid E:\xampp\htdocs\hometownMarket\Application\Runtime\Cache\Home\2a94b8bda04ff446dcedd42276fc99ee.php 第 114 行.
NOTIC: [8] Undefined index: userid E:\xampp\htdocs\hometownMarket\Application\Runtime\Cache\Home\2a94b8bda04ff446dcedd42276fc99ee.php 第 149 行.
NOTIC: [8] Use of undefined constant cate_class - assumed 'cate_class' E:\xampp\htdocs\hometownMarket\Application\Runtime\Cache\Home\2a94b8bda04ff446dcedd42276fc99ee.php 第 228 行.
NOTIC: [8] Use of undefined constant cate_class - assumed 'cate_class' E:\xampp\htdocs\hometownMarket\Application\Runtime\Cache\Home\2a94b8bda04ff446dcedd42276fc99ee.php 第 228 行.
NOTIC: [8] Use of undefined constant cate_class - assumed 'cate_class' E:\xampp\htdocs\hometownMarket\Application\Runtime\Cache\Home\2a94b8bda04ff446dcedd42276fc99ee.php 第 228 行.
NOTIC: [8] Use of undefined constant cate_class - assumed 'cate_class' E:\xampp\htdocs\hometownMarket\Application\Runtime\Cache\Home\2a94b8bda04ff446dcedd42276fc99ee.php 第 228 行.
NOTIC: [8] Use of undefined constant cate_class - assumed 'cate_class' E:\xampp\htdocs\hometownMarket\Application\Runtime\Cache\Home\2a94b8bda04ff446dcedd42276fc99ee.php 第 235 行.
NOTIC: [8] Use of undefined constant cate_class - assumed 'cate_class' E:\xampp\htdocs\hometownMarket\Application\Runtime\Cache\Home\2a94b8bda04ff446dcedd42276fc99ee.php 第 242 行.
NOTIC: [8] Use of undefined constant cate_class - assumed 'cate_class' E:\xampp\htdocs\hometownMarket\Application\Runtime\Cache\Home\2a94b8bda04ff446dcedd42276fc99ee.php 第 249 行.
NOTIC: [8] Use of undefined constant cate_class - assumed 'cate_class' E:\xampp\htdocs\hometownMarket\Application\Runtime\Cache\Home\2a94b8bda04ff446dcedd42276fc99ee.php 第 256 行.
NOTIC: [8] Use of undefined constant cate_class - assumed 'cate_class' E:\xampp\htdocs\hometownMarket\Application\Runtime\Cache\Home\2a94b8bda04ff446dcedd42276fc99ee.php 第 263 行.
NOTIC: [8] Use of undefined constant cate_class - assumed 'cate_class' E:\xampp\htdocs\hometownMarket\Application\Runtime\Cache\Home\2a94b8bda04ff446dcedd42276fc99ee.php 第 263 行.
NOTIC: [8] Use of undefined constant cate_class - assumed 'cate_class' E:\xampp\htdocs\hometownMarket\Application\Runtime\Cache\Home\2a94b8bda04ff446dcedd42276fc99ee.php 第 270 行.
NOTIC: [8] Use of undefined constant cate_class - assumed 'cate_class' E:\xampp\htdocs\hometownMarket\Application\Runtime\Cache\Home\2a94b8bda04ff446dcedd42276fc99ee.php 第 228 行.
NOTIC: [8] Use of undefined constant cate_class - assumed 'cate_class' E:\xampp\htdocs\hometownMarket\Application\Runtime\Cache\Home\2a94b8bda04ff446dcedd42276fc99ee.php 第 228 行.
NOTIC: [8] Use of undefined constant cate_class - assumed 'cate_class' E:\xampp\htdocs\hometownMarket\Application\Runtime\Cache\Home\2a94b8bda04ff446dcedd42276fc99ee.php 第 228 行.
NOTIC: [8] Use of undefined constant cate_class - assumed 'cate_class' E:\xampp\htdocs\hometownMarket\Application\Runtime\Cache\Home\2a94b8bda04ff446dcedd42276fc99ee.php 第 228 行.
NOTIC: [8] Use of undefined constant cate_class - assumed 'cate_class' E:\xampp\htdocs\hometownMarket\Application\Runtime\Cache\Home\2a94b8bda04ff446dcedd42276fc99ee.php 第 235 行.
NOTIC: [8] Use of undefined constant cate_class - assumed 'cate_class' E:\xampp\htdocs\hometownMarket\Application\Runtime\Cache\Home\2a94b8bda04ff446dcedd42276fc99ee.php 第 242 行.
NOTIC: [8] Use of undefined constant cate_class - assumed 'cate_class' E:\xampp\htdocs\hometownMarket\Application\Runtime\Cache\Home\2a94b8bda04ff446dcedd42276fc99ee.php 第 249 行.
NOTIC: [8] Use of undefined constant cate_class - assumed 'cate_class' E:\xampp\htdocs\hometownMarket\Application\Runtime\Cache\Home\2a94b8bda04ff446dcedd42276fc99ee.php 第 256 行.
NOTIC: [8] Use of undefined constant cate_class - assumed 'cate_class' E:\xampp\htdocs\hometownMarket\Application\Runtime\Cache\Home\2a94b8bda04ff446dcedd42276fc99ee.php 第 263 行.
NOTIC: [8] Use of undefined constant cate_class - assumed 'cate_class' E:\xampp\htdocs\hometownMarket\Application\Runtime\Cache\Home\2a94b8bda04ff446dcedd42276fc99ee.php 第 263 行.
NOTIC: [8] Use of undefined constant cate_class - assumed 'cate_class' E:\xampp\htdocs\hometownMarket\Application\Runtime\Cache\Home\2a94b8bda04ff446dcedd42276fc99ee.php 第 270 行.
NOTIC: [8] Use of undefined constant cate_class - assumed 'cate_class' E:\xampp\htdocs\hometownMarket\Application\Runtime\Cache\Home\2a94b8bda04ff446dcedd42276fc99ee.php 第 228 行.
NOTIC: [8] Use of undefined constant cate_class - assumed 'cate_class' E:\xampp\htdocs\hometownMarket\Application\Runtime\Cache\Home\2a94b8bda04ff446dcedd42276fc99ee.php 第 228 行.
NOTIC: [8] Use of undefined constant cate_class - assumed 'cate_class' E:\xampp\htdocs\hometownMarket\Application\Runtime\Cache\Home\2a94b8bda04ff446dcedd42276fc99ee.php 第 228 行.
NOTIC: [8] Use of undefined constant cate_class - assumed 'cate_class' E:\xampp\htdocs\hometownMarket\Application\Runtime\Cache\Home\2a94b8bda04ff446dcedd42276fc99ee.php 第 228 行.
NOTIC: [8] Use of undefined constant cate_class - assumed 'cate_class' E:\xampp\htdocs\hometownMarket\Application\Runtime\Cache\Home\2a94b8bda04ff446dcedd42276fc99ee.php 第 235 行.
NOTIC: [8] Use of undefined constant cate_class - assumed 'cate_class' E:\xampp\htdocs\hometownMarket\Application\Runtime\Cache\Home\2a94b8bda04ff446dcedd42276fc99ee.php 第 242 行.
NOTIC: [8] Use of undefined constant cate_class - assumed 'cate_class' E:\xampp\htdocs\hometownMarket\Application\Runtime\Cache\Home\2a94b8bda04ff446dcedd42276fc99ee.php 第 249 行.
NOTIC: [8] Use of undefined constant cate_class - assumed 'cate_class' E:\xampp\htdocs\hometownMarket\Application\Runtime\Cache\Home\2a94b8bda04ff446dcedd42276fc99ee.php 第 256 行.
NOTIC: [8] Use of undefined constant cate_class - assumed 'cate_class' E:\xampp\htdocs\hometownMarket\Application\Runtime\Cache\Home\2a94b8bda04ff446dcedd42276fc99ee.php 第 263 行.
NOTIC: [8] Use of undefined constant cate_class - assumed 'cate_class' E:\xampp\htdocs\hometownMarket\Application\Runtime\Cache\Home\2a94b8bda04ff446dcedd42276fc99ee.php 第 263 行.
NOTIC: [8] Use of undefined constant cate_class - assumed 'cate_class' E:\xampp\htdocs\hometownMarket\Application\Runtime\Cache\Home\2a94b8bda04ff446dcedd42276fc99ee.php 第 270 行.
NOTIC: [8] Use of undefined constant cate_class - assumed 'cate_class' E:\xampp\htdocs\hometownMarket\Application\Runtime\Cache\Home\2a94b8bda04ff446dcedd42276fc99ee.php 第 228 行.
NOTIC: [8] Use of undefined constant cate_class - assumed 'cate_class' E:\xampp\htdocs\hometownMarket\Application\Runtime\Cache\Home\2a94b8bda04ff446dcedd42276fc99ee.php 第 228 行.
NOTIC: [8] Use of undefined constant cate_class - assumed 'cate_class' E:\xampp\htdocs\hometownMarket\Application\Runtime\Cache\Home\2a94b8bda04ff446dcedd42276fc99ee.php 第 228 行.
NOTIC: [8] Use of undefined constant cate_class - assumed 'cate_class' E:\xampp\htdocs\hometownMarket\Application\Runtime\Cache\Home\2a94b8bda04ff446dcedd42276fc99ee.php 第 228 行.
NOTIC: [8] Use of undefined constant cate_class - assumed 'cate_class' E:\xampp\htdocs\hometownMarket\Application\Runtime\Cache\Home\2a94b8bda04ff446dcedd42276fc99ee.php 第 235 行.
NOTIC: [8] Use of undefined constant cate_class - assumed 'cate_class' E:\xampp\htdocs\hometownMarket\Application\Runtime\Cache\Home\2a94b8bda04ff446dcedd42276fc99ee.php 第 242 行.
NOTIC: [8] Use of undefined constant cate_class - assumed 'cate_class' E:\xampp\htdocs\hometownMarket\Application\Runtime\Cache\Home\2a94b8bda04ff446dcedd42276fc99ee.php 第 249 行.
NOTIC: [8] Use of undefined constant cate_class - assumed 'cate_class' E:\xampp\htdocs\hometownMarket\Application\Runtime\Cache\Home\2a94b8bda04ff446dcedd42276fc99ee.php 第 256 行.
NOTIC: [8] Use of undefined constant cate_class - assumed 'cate_class' E:\xampp\htdocs\hometownMarket\Application\Runtime\Cache\Home\2a94b8bda04ff446dcedd42276fc99ee.php 第 263 行.
NOTIC: [8] Use of undefined constant cate_class - assumed 'cate_class' E:\xampp\htdocs\hometownMarket\Application\Runtime\Cache\Home\2a94b8bda04ff446dcedd42276fc99ee.php 第 263 行.
NOTIC: [8] Use of undefined constant cate_class - assumed 'cate_class' E:\xampp\htdocs\hometownMarket\Application\Runtime\Cache\Home\2a94b8bda04ff446dcedd42276fc99ee.php 第 270 行.
NOTIC: [8] Use of undefined constant cate_class - assumed 'cate_class' E:\xampp\htdocs\hometownMarket\Application\Runtime\Cache\Home\2a94b8bda04ff446dcedd42276fc99ee.php 第 228 行.
NOTIC: [8] Use of undefined constant cate_class - assumed 'cate_class' E:\xampp\htdocs\hometownMarket\Application\Runtime\Cache\Home\2a94b8bda04ff446dcedd42276fc99ee.php 第 228 行.
NOTIC: [8] Use of undefined constant cate_class - assumed 'cate_class' E:\xampp\htdocs\hometownMarket\Application\Runtime\Cache\Home\2a94b8bda04ff446dcedd42276fc99ee.php 第 228 行.
NOTIC: [8] Use of undefined constant cate_class - assumed 'cate_class' E:\xampp\htdocs\hometownMarket\Application\Runtime\Cache\Home\2a94b8bda04ff446dcedd42276fc99ee.php 第 228 行.
NOTIC: [8] Use of undefined constant cate_class - assumed 'cate_class' E:\xampp\htdocs\hometownMarket\Application\Runtime\Cache\Home\2a94b8bda04ff446dcedd42276fc99ee.php 第 235 行.
NOTIC: [8] Use of undefined constant cate_class - assumed 'cate_class' E:\xampp\htdocs\hometownMarket\Application\Runtime\Cache\Home\2a94b8bda04ff446dcedd42276fc99ee.php 第 242 行.
NOTIC: [8] Use of undefined constant cate_class - assumed 'cate_class' E:\xampp\htdocs\hometownMarket\Application\Runtime\Cache\Home\2a94b8bda04ff446dcedd42276fc99ee.php 第 249 行.
NOTIC: [8] Use of undefined constant cate_class - assumed 'cate_class' E:\xampp\htdocs\hometownMarket\Application\Runtime\Cache\Home\2a94b8bda04ff446dcedd42276fc99ee.php 第 256 行.
NOTIC: [8] Use of undefined constant cate_class - assumed 'cate_class' E:\xampp\htdocs\hometownMarket\Application\Runtime\Cache\Home\2a94b8bda04ff446dcedd42276fc99ee.php 第 263 行.
NOTIC: [8] Use of undefined constant cate_class - assumed 'cate_class' E:\xampp\htdocs\hometownMarket\Application\Runtime\Cache\Home\2a94b8bda04ff446dcedd42276fc99ee.php 第 263 行.
NOTIC: [8] Use of undefined constant cate_class - assumed 'cate_class' E:\xampp\htdocs\hometownMarket\Application\Runtime\Cache\Home\2a94b8bda04ff446dcedd42276fc99ee.php 第 270 行.
NOTIC: [8] Use of undefined constant cate_class - assumed 'cate_class' E:\xampp\htdocs\hometownMarket\Application\Runtime\Cache\Home\2a94b8bda04ff446dcedd42276fc99ee.php 第 228 行.
NOTIC: [8] Use of undefined constant cate_class - assumed 'cate_class' E:\xampp\htdocs\hometownMarket\Application\Runtime\Cache\Home\2a94b8bda04ff446dcedd42276fc99ee.php 第 228 行.
NOTIC: [8] Use of undefined constant cate_class - assumed 'cate_class' E:\xampp\htdocs\hometownMarket\Application\Runtime\Cache\Home\2a94b8bda04ff446dcedd42276fc99ee.php 第 228 行.
NOTIC: [8] Use of undefined constant cate_class - assumed 'cate_class' E:\xampp\htdocs\hometownMarket\Application\Runtime\Cache\Home\2a94b8bda04ff446dcedd42276fc99ee.php 第 228 行.
NOTIC: [8] Use of undefined constant cate_class - assumed 'cate_class' E:\xampp\htdocs\hometownMarket\Application\Runtime\Cache\Home\2a94b8bda04ff446dcedd42276fc99ee.php 第 235 行.
NOTIC: [8] Use of undefined constant cate_class - assumed 'cate_class' E:\xampp\htdocs\hometownMarket\Application\Runtime\Cache\Home\2a94b8bda04ff446dcedd42276fc99ee.php 第 242 行.
NOTIC: [8] Use of undefined constant cate_class - assumed 'cate_class' E:\xampp\htdocs\hometownMarket\Application\Runtime\Cache\Home\2a94b8bda04ff446dcedd42276fc99ee.php 第 249 行.
NOTIC: [8] Use of undefined constant cate_class - assumed 'cate_class' E:\xampp\htdocs\hometownMarket\Application\Runtime\Cache\Home\2a94b8bda04ff446dcedd42276fc99ee.php 第 256 行.
NOTIC: [8] Use of undefined constant cate_class - assumed 'cate_class' E:\xampp\htdocs\hometownMarket\Application\Runtime\Cache\Home\2a94b8bda04ff446dcedd42276fc99ee.php 第 263 行.
NOTIC: [8] Use of undefined constant cate_class - assumed 'cate_class' E:\xampp\htdocs\hometownMarket\Application\Runtime\Cache\Home\2a94b8bda04ff446dcedd42276fc99ee.php 第 263 行.
NOTIC: [8] Use of undefined constant cate_class - assumed 'cate_class' E:\xampp\htdocs\hometownMarket\Application\Runtime\Cache\Home\2a94b8bda04ff446dcedd42276fc99ee.php 第 270 行.
NOTIC: [8] Use of undefined constant cate_class - assumed 'cate_class' E:\xampp\htdocs\hometownMarket\Application\Runtime\Cache\Home\2a94b8bda04ff446dcedd42276fc99ee.php 第 228 行.
NOTIC: [8] Use of undefined constant cate_class - assumed 'cate_class' E:\xampp\htdocs\hometownMarket\Application\Runtime\Cache\Home\2a94b8bda04ff446dcedd42276fc99ee.php 第 228 行.
NOTIC: [8] Use of undefined constant cate_class - assumed 'cate_class' E:\xampp\htdocs\hometownMarket\Application\Runtime\Cache\Home\2a94b8bda04ff446dcedd42276fc99ee.php 第 228 行.
NOTIC: [8] Use of undefined constant cate_class - assumed 'cate_class' E:\xampp\htdocs\hometownMarket\Application\Runtime\Cache\Home\2a94b8bda04ff446dcedd42276fc99ee.php 第 228 行.
NOTIC: [8] Use of undefined constant cate_class - assumed 'cate_class' E:\xampp\htdocs\hometownMarket\Application\Runtime\Cache\Home\2a94b8bda04ff446dcedd42276fc99ee.php 第 235 行.
NOTIC: [8] Use of undefined constant cate_class - assumed 'cate_class' E:\xampp\htdocs\hometownMarket\Application\Runtime\Cache\Home\2a94b8bda04ff446dcedd42276fc99ee.php 第 242 行.
NOTIC: [8] Use of undefined constant cate_class - assumed 'cate_class' E:\xampp\htdocs\hometownMarket\Application\Runtime\Cache\Home\2a94b8bda04ff446dcedd42276fc99ee.php 第 249 行.
NOTIC: [8] Use of undefined constant cate_class - assumed 'cate_class' E:\xampp\htdocs\hometownMarket\Application\Runtime\Cache\Home\2a94b8bda04ff446dcedd42276fc99ee.php 第 256 行.
NOTIC: [8] Use of undefined constant cate_class - assumed 'cate_class' E:\xampp\htdocs\hometownMarket\Application\Runtime\Cache\Home\2a94b8bda04ff446dcedd42276fc99ee.php 第 263 行.
NOTIC: [8] Use of undefined constant cate_class - assumed 'cate_class' E:\xampp\htdocs\hometownMarket\Application\Runtime\Cache\Home\2a94b8bda04ff446dcedd42276fc99ee.php 第 263 行.
NOTIC: [8] Use of undefined constant cate_class - assumed 'cate_class' E:\xampp\htdocs\hometownMarket\Application\Runtime\Cache\Home\2a94b8bda04ff446dcedd42276fc99ee.php 第 270 行.
NOTIC: [8] Undefined index: secondgoods_id E:\xampp\htdocs\hometownMarket\Application\Runtime\Cache\Home\2a94b8bda04ff446dcedd42276fc99ee.php 第 367 行.
NOTIC: [8] Undefined variable: goodsDesc E:\xampp\htdocs\hometownMarket\Application\Runtime\Cache\Home\2a94b8bda04ff446dcedd42276fc99ee.php 第 475 行.
INFO: Run Behavior\ParseTemplateBehavior [ RunTime:0.038386s ]
INFO: [ view_parse ] --END-- [ RunTime:0.038464s ]
INFO: [ view_filter ] --START--
INFO: Run Behavior\WriteHtmlCacheBehavior [ RunTime:0.001090s ]
INFO: [ view_filter ] --END-- [ RunTime:0.001158s ]
INFO: [ app_end ] --START--
INFO: Run Behavior\ShowPageTraceBehavior [ RunTime:0.001405s ]
INFO: [ app_end ] --END-- [ RunTime:0.001488s ]

[ 2015-07-02T14:38:40+08:00 ] ::1 /hometownMarket/index.php/Home/Index/index.html
INFO: [ app_init ] --START--
INFO: Run Behavior\BuildLiteBehavior [ RunTime:0.000015s ]
INFO: [ app_init ] --END-- [ RunTime:0.000385s ]
INFO: [ app_begin ] --START--
INFO: Run Behavior\ReadHtmlCacheBehavior [ RunTime:0.000479s ]
INFO: [ app_begin ] --END-- [ RunTime:0.000532s ]
SQL: SHOW COLUMNS FROM `tt_seconduploads` [ RunTime:0.0038s ]
SQL: SELECT * FROM `tt_seconduploads` ORDER BY seconduploads_size DESC LIMIT 3   [ RunTime:0.0004s ]
SQL: SHOW COLUMNS FROM `tt_secondgoods` [ RunTime:0.0045s ]
SQL: SELECT * FROM `tt_secondgoods` WHERE ( secondgoods_tradetype='0' ) ORDER BY secondgoods_postdate DESC  [ RunTime:0.0010s ]
SQL: SELECT COUNT(*) AS tp_count FROM `tt_secondgoods` LIMIT 1   [ RunTime:0.0002s ]
SQL: SELECT * FROM `tt_secondgoods` WHERE ( secondgoods_tradetype='1' ) ORDER BY secondgoods_postdate DESC  [ RunTime:0.0006s ]
SQL: SELECT COUNT(*) AS tp_count FROM `tt_secondgoods` LIMIT 1   [ RunTime:0.0002s ]
SQL: SELECT * FROM `tt_secondgoods` WHERE ( secondgoods_tradetype='0' ) ORDER BY secondgoods_postdate DESC LIMIT 10   [ RunTime:0.0006s ]
NOTIC: [8] Use of undefined constant secondgoods_pastdate - assumed 'secondgoods_pastdate' E:\xampp\htdocs\hometownMarket\Application\Home\Model\SecondgoodsModel.class.php 第 156 行.
NOTIC: [8] Use of undefined constant secondgoods_pastdate - assumed 'secondgoods_pastdate' E:\xampp\htdocs\hometownMarket\Application\Home\Model\SecondgoodsModel.class.php 第 156 行.
NOTIC: [8] Use of undefined constant secondgoods_id - assumed 'secondgoods_id' E:\xampp\htdocs\hometownMarket\Application\Home\Model\SecondgoodsModel.class.php 第 157 行.
SQL: UPDATE `tt_secondgoods` SET `secondgoods_efficiency`='2' WHERE ( secondgoods_id='49' ) [ RunTime:0.0003s ]
NOTIC: [8] Use of undefined constant secondgoods_pastdate - assumed 'secondgoods_pastdate' E:\xampp\htdocs\hometownMarket\Application\Home\Model\SecondgoodsModel.class.php 第 156 行.
NOTIC: [8] Use of undefined constant secondgoods_id - assumed 'secondgoods_id' E:\xampp\htdocs\hometownMarket\Application\Home\Model\SecondgoodsModel.class.php 第 157 行.
SQL: UPDATE `tt_secondgoods` SET `secondgoods_efficiency`='2' WHERE ( secondgoods_id='48' ) [ RunTime:0.0003s ]
NOTIC: [8] Use of undefined constant secondgoods_pastdate - assumed 'secondgoods_pastdate' E:\xampp\htdocs\hometownMarket\Application\Home\Model\SecondgoodsModel.class.php 第 156 行.
NOTIC: [8] Use of undefined constant secondgoods_id - assumed 'secondgoods_id' E:\xampp\htdocs\hometownMarket\Application\Home\Model\SecondgoodsModel.class.php 第 157 行.
SQL: UPDATE `tt_secondgoods` SET `secondgoods_efficiency`='2' WHERE ( secondgoods_id='47' ) [ RunTime:0.0003s ]
NOTIC: [8] Use of undefined constant secondgoods_pastdate - assumed 'secondgoods_pastdate' E:\xampp\htdocs\hometownMarket\Application\Home\Model\SecondgoodsModel.class.php 第 156 行.
NOTIC: [8] Use of undefined constant secondgoods_id - assumed 'secondgoods_id' E:\xampp\htdocs\hometownMarket\Application\Home\Model\SecondgoodsModel.class.php 第 157 行.
SQL: UPDATE `tt_secondgoods` SET `secondgoods_efficiency`='2' WHERE ( secondgoods_id='46' ) [ RunTime:0.0003s ]
NOTIC: [8] Use of undefined constant secondgoods_pastdate - assumed 'secondgoods_pastdate' E:\xampp\htdocs\hometownMarket\Application\Home\Model\SecondgoodsModel.class.php 第 156 行.
NOTIC: [8] Use of undefined constant secondgoods_id - assumed 'secondgoods_id' E:\xampp\htdocs\hometownMarket\Application\Home\Model\SecondgoodsModel.class.php 第 157 行.
SQL: UPDATE `tt_secondgoods` SET `secondgoods_efficiency`='2' WHERE ( secondgoods_id='45' ) [ RunTime:0.0003s ]
NOTIC: [8] Use of undefined constant secondgoods_pastdate - assumed 'secondgoods_pastdate' E:\xampp\htdocs\hometownMarket\Application\Home\Model\SecondgoodsModel.class.php 第 156 行.
NOTIC: [8] Use of undefined constant secondgoods_id - assumed 'secondgoods_id' E:\xampp\htdocs\hometownMarket\Application\Home\Model\SecondgoodsModel.class.php 第 157 行.
SQL: UPDATE `tt_secondgoods` SET `secondgoods_efficiency`='2' WHERE ( secondgoods_id='44' ) [ RunTime:0.0003s ]
NOTIC: [8] Use of undefined constant secondgoods_pastdate - assumed 'secondgoods_pastdate' E:\xampp\htdocs\hometownMarket\Application\Home\Model\SecondgoodsModel.class.php 第 156 行.
NOTIC: [8] Use of undefined constant secondgoods_id - assumed 'secondgoods_id' E:\xampp\htdocs\hometownMarket\Application\Home\Model\SecondgoodsModel.class.php 第 157 行.
SQL: UPDATE `tt_secondgoods` SET `secondgoods_efficiency`='2' WHERE ( secondgoods_id='43' ) [ RunTime:0.0003s ]
NOTIC: [8] Use of undefined constant secondgoods_pastdate - assumed 'secondgoods_pastdate' E:\xampp\htdocs\hometownMarket\Application\Home\Model\SecondgoodsModel.class.php 第 156 行.
NOTIC: [8] Use of undefined constant secondgoods_id - assumed 'secondgoods_id' E:\xampp\htdocs\hometownMarket\Application\Home\Model\SecondgoodsModel.class.php 第 157 行.
SQL: UPDATE `tt_secondgoods` SET `secondgoods_efficiency`='2' WHERE ( secondgoods_id='42' ) [ RunTime:0.0003s ]
NOTIC: [8] Use of undefined constant secondgoods_pastdate - assumed 'secondgoods_pastdate' E:\xampp\htdocs\hometownMarket\Application\Home\Model\SecondgoodsModel.class.php 第 156 行.
NOTIC: [8] Use of undefined constant secondgoods_id - assumed 'secondgoods_id' E:\xampp\htdocs\hometownMarket\Application\Home\Model\SecondgoodsModel.class.php 第 157 行.
SQL: UPDATE `tt_secondgoods` SET `secondgoods_efficiency`='2' WHERE ( secondgoods_id='41' ) [ RunTime:0.0003s ]
SQL: SELECT * FROM `tt_secondgoods` WHERE ( secondgoods_tradetype='1' ) ORDER BY secondgoods_postdate DESC LIMIT 10   [ RunTime:0.0006s ]
NOTIC: [8] Use of undefined constant secondgoods_pastdate - assumed 'secondgoods_pastdate' E:\xampp\htdocs\hometownMarket\Application\Home\Model\SecondgoodsModel.class.php 第 156 行.
NOTIC: [8] Use of undefined constant secondgoods_id - assumed 'secondgoods_id' E:\xampp\htdocs\hometownMarket\Application\Home\Model\SecondgoodsModel.class.php 第 157 行.
SQL: UPDATE `tt_secondgoods` SET `secondgoods_efficiency`='2' WHERE ( secondgoods_id='13' ) [ RunTime:0.0003s ]
NOTIC: [8] Use of undefined constant secondgoods_pastdate - assumed 'secondgoods_pastdate' E:\xampp\htdocs\hometownMarket\Application\Home\Model\SecondgoodsModel.class.php 第 156 行.
NOTIC: [8] Use of undefined constant secondgoods_id - assumed 'secondgoods_id' E:\xampp\htdocs\hometownMarket\Application\Home\Model\SecondgoodsModel.class.php 第 157 行.
SQL: UPDATE `tt_secondgoods` SET `secondgoods_efficiency`='2' WHERE ( secondgoods_id='12' ) [ RunTime:0.0003s ]
NOTIC: [8] Use of undefined constant secondgoods_pastdate - assumed 'secondgoods_pastdate' E:\xampp\htdocs\hometownMarket\Application\Home\Model\SecondgoodsModel.class.php 第 156 行.
NOTIC: [8] Use of undefined constant secondgoods_id - assumed 'secondgoods_id' E:\xampp\htdocs\hometownMarket\Application\Home\Model\SecondgoodsModel.class.php 第 157 行.
SQL: UPDATE `tt_secondgoods` SET `secondgoods_efficiency`='2' WHERE ( secondgoods_id='10' ) [ RunTime:0.0003s ]
NOTIC: [8] Use of undefined constant secondgoods_pastdate - assumed 'secondgoods_pastdate' E:\xampp\htdocs\hometownMarket\Application\Home\Model\SecondgoodsModel.class.php 第 156 行.
NOTIC: [8] Use of undefined constant secondgoods_id - assumed 'secondgoods_id' E:\xampp\htdocs\hometownMarket\Application\Home\Model\SecondgoodsModel.class.php 第 157 行.
SQL: UPDATE `tt_secondgoods` SET `secondgoods_efficiency`='2' WHERE ( secondgoods_id='9' ) [ RunTime:0.0004s ]
NOTIC: [8] Use of undefined constant secondgoods_pastdate - assumed 'secondgoods_pastdate' E:\xampp\htdocs\hometownMarket\Application\Home\Model\SecondgoodsModel.class.php 第 156 行.
NOTIC: [8] Use of undefined constant secondgoods_id - assumed 'secondgoods_id' E:\xampp\htdocs\hometownMarket\Application\Home\Model\SecondgoodsModel.class.php 第 157 行.
SQL: UPDATE `tt_secondgoods` SET `secondgoods_efficiency`='2' WHERE ( secondgoods_id='8' ) [ RunTime:0.0003s ]
SQL: SHOW COLUMNS FROM `tt_notice_all` [ RunTime:0.0038s ]
SQL: SELECT * FROM `tt_notice_all` ORDER BY notice_noticedate DESC  [ RunTime:0.0004s ]
SQL: SHOW COLUMNS FROM `tt_category` [ RunTime:0.0036s ]
SQL: SELECT `cate_class`,`cate_name`,`cate_pid` FROM `tt_category`  [ RunTime:0.0004s ]
INFO: [ view_parse ] --START--
INFO: [ template_filter ] --START--
INFO: Run Behavior\ContentReplaceBehavior [ RunTime:0.000256s ]
INFO: [ template_filter ] --END-- [ RunTime:0.000320s ]
NOTIC: [8] Undefined index: userid E:\xampp\htdocs\hometownMarket\Application\Runtime\Cache\Home\2a94b8bda04ff446dcedd42276fc99ee.php 第 36 行.
NOTIC: [8] Undefined index: userid E:\xampp\htdocs\hometownMarket\Application\Runtime\Cache\Home\2a94b8bda04ff446dcedd42276fc99ee.php 第 114 行.
NOTIC: [8] Undefined index: userid E:\xampp\htdocs\hometownMarket\Application\Runtime\Cache\Home\2a94b8bda04ff446dcedd42276fc99ee.php 第 149 行.
NOTIC: [8] Use of undefined constant cate_class - assumed 'cate_class' E:\xampp\htdocs\hometownMarket\Application\Runtime\Cache\Home\2a94b8bda04ff446dcedd42276fc99ee.php 第 228 行.
NOTIC: [8] Use of undefined constant cate_class - assumed 'cate_class' E:\xampp\htdocs\hometownMarket\Application\Runtime\Cache\Home\2a94b8bda04ff446dcedd42276fc99ee.php 第 228 行.
NOTIC: [8] Use of undefined constant cate_class - assumed 'cate_class' E:\xampp\htdocs\hometownMarket\Application\Runtime\Cache\Home\2a94b8bda04ff446dcedd42276fc99ee.php 第 228 行.
NOTIC: [8] Use of undefined constant cate_class - assumed 'cate_class' E:\xampp\htdocs\hometownMarket\Application\Runtime\Cache\Home\2a94b8bda04ff446dcedd42276fc99ee.php 第 228 行.
NOTIC: [8] Use of undefined constant cate_class - assumed 'cate_class' E:\xampp\htdocs\hometownMarket\Application\Runtime\Cache\Home\2a94b8bda04ff446dcedd42276fc99ee.php 第 235 行.
NOTIC: [8] Use of undefined constant cate_class - assumed 'cate_class' E:\xampp\htdocs\hometownMarket\Application\Runtime\Cache\Home\2a94b8bda04ff446dcedd42276fc99ee.php 第 242 行.
NOTIC: [8] Use of undefined constant cate_class - assumed 'cate_class' E:\xampp\htdocs\hometownMarket\Application\Runtime\Cache\Home\2a94b8bda04ff446dcedd42276fc99ee.php 第 249 行.
NOTIC: [8] Use of undefined constant cate_class - assumed 'cate_class' E:\xampp\htdocs\hometownMarket\Application\Runtime\Cache\Home\2a94b8bda04ff446dcedd42276fc99ee.php 第 256 行.
NOTIC: [8] Use of undefined constant cate_class - assumed 'cate_class' E:\xampp\htdocs\hometownMarket\Application\Runtime\Cache\Home\2a94b8bda04ff446dcedd42276fc99ee.php 第 263 行.
NOTIC: [8] Use of undefined constant cate_class - assumed 'cate_class' E:\xampp\htdocs\hometownMarket\Application\Runtime\Cache\Home\2a94b8bda04ff446dcedd42276fc99ee.php 第 263 行.
NOTIC: [8] Use of undefined constant cate_class - assumed 'cate_class' E:\xampp\htdocs\hometownMarket\Application\Runtime\Cache\Home\2a94b8bda04ff446dcedd42276fc99ee.php 第 270 行.
NOTIC: [8] Use of undefined constant cate_class - assumed 'cate_class' E:\xampp\htdocs\hometownMarket\Application\Runtime\Cache\Home\2a94b8bda04ff446dcedd42276fc99ee.php 第 228 行.
NOTIC: [8] Use of undefined constant cate_class - assumed 'cate_class' E:\xampp\htdocs\hometownMarket\Application\Runtime\Cache\Home\2a94b8bda04ff446dcedd42276fc99ee.php 第 228 行.
NOTIC: [8] Use of undefined constant cate_class - assumed 'cate_class' E:\xampp\htdocs\hometownMarket\Application\Runtime\Cache\Home\2a94b8bda04ff446dcedd42276fc99ee.php 第 228 行.
NOTIC: [8] Use of undefined constant cate_class - assumed 'cate_class' E:\xampp\htdocs\hometownMarket\Application\Runtime\Cache\Home\2a94b8bda04ff446dcedd42276fc99ee.php 第 228 行.
NOTIC: [8] Use of undefined constant cate_class - assumed 'cate_class' E:\xampp\htdocs\hometownMarket\Application\Runtime\Cache\Home\2a94b8bda04ff446dcedd42276fc99ee.php 第 235 行.
NOTIC: [8] Use of undefined constant cate_class - assumed 'cate_class' E:\xampp\htdocs\hometownMarket\Application\Runtime\Cache\Home\2a94b8bda04ff446dcedd42276fc99ee.php 第 242 行.
NOTIC: [8] Use of undefined constant cate_class - assumed 'cate_class' E:\xampp\htdocs\hometownMarket\Application\Runtime\Cache\Home\2a94b8bda04ff446dcedd42276fc99ee.php 第 249 行.
NOTIC: [8] Use of undefined constant cate_class - assumed 'cate_class' E:\xampp\htdocs\hometownMarket\Application\Runtime\Cache\Home\2a94b8bda04ff446dcedd42276fc99ee.php 第 256 行.
NOTIC: [8] Use of undefined constant cate_class - assumed 'cate_class' E:\xampp\htdocs\hometownMarket\Application\Runtime\Cache\Home\2a94b8bda04ff446dcedd42276fc99ee.php 第 263 行.
NOTIC: [8] Use of undefined constant cate_class - assumed 'cate_class' E:\xampp\htdocs\hometownMarket\Application\Runtime\Cache\Home\2a94b8bda04ff446dcedd42276fc99ee.php 第 263 行.
NOTIC: [8] Use of undefined constant cate_class - assumed 'cate_class' E:\xampp\htdocs\hometownMarket\Application\Runtime\Cache\Home\2a94b8bda04ff446dcedd42276fc99ee.php 第 270 行.
NOTIC: [8] Use of undefined constant cate_class - assumed 'cate_class' E:\xampp\htdocs\hometownMarket\Application\Runtime\Cache\Home\2a94b8bda04ff446dcedd42276fc99ee.php 第 228 行.
NOTIC: [8] Use of undefined constant cate_class - assumed 'cate_class' E:\xampp\htdocs\hometownMarket\Application\Runtime\Cache\Home\2a94b8bda04ff446dcedd42276fc99ee.php 第 228 行.
NOTIC: [8] Use of undefined constant cate_class - assumed 'cate_class' E:\xampp\htdocs\hometownMarket\Application\Runtime\Cache\Home\2a94b8bda04ff446dcedd42276fc99ee.php 第 228 行.
NOTIC: [8] Use of undefined constant cate_class - assumed 'cate_class' E:\xampp\htdocs\hometownMarket\Application\Runtime\Cache\Home\2a94b8bda04ff446dcedd42276fc99ee.php 第 228 行.
NOTIC: [8] Use of undefined constant cate_class - assumed 'cate_class' E:\xampp\htdocs\hometownMarket\Application\Runtime\Cache\Home\2a94b8bda04ff446dcedd42276fc99ee.php 第 235 行.
NOTIC: [8] Use of undefined constant cate_class - assumed 'cate_class' E:\xampp\htdocs\hometownMarket\Application\Runtime\Cache\Home\2a94b8bda04ff446dcedd42276fc99ee.php 第 242 行.
NOTIC: [8] Use of undefined constant cate_class - assumed 'cate_class' E:\xampp\htdocs\hometownMarket\Application\Runtime\Cache\Home\2a94b8bda04ff446dcedd42276fc99ee.php 第 249 行.
NOTIC: [8] Use of undefined constant cate_class - assumed 'cate_class' E:\xampp\htdocs\hometownMarket\Application\Runtime\Cache\Home\2a94b8bda04ff446dcedd42276fc99ee.php 第 256 行.
NOTIC: [8] Use of undefined constant cate_class - assumed 'cate_class' E:\xampp\htdocs\hometownMarket\Application\Runtime\Cache\Home\2a94b8bda04ff446dcedd42276fc99ee.php 第 263 行.
NOTIC: [8] Use of undefined constant cate_class - assumed 'cate_class' E:\xampp\htdocs\hometownMarket\Application\Runtime\Cache\Home\2a94b8bda04ff446dcedd42276fc99ee.php 第 263 行.
NOTIC: [8] Use of undefined constant cate_class - assumed 'cate_class' E:\xampp\htdocs\hometownMarket\Application\Runtime\Cache\Home\2a94b8bda04ff446dcedd42276fc99ee.php 第 270 行.
NOTIC: [8] Use of undefined constant cate_class - assumed 'cate_class' E:\xampp\htdocs\hometownMarket\Application\Runtime\Cache\Home\2a94b8bda04ff446dcedd42276fc99ee.php 第 228 行.
NOTIC: [8] Use of undefined constant cate_class - assumed 'cate_class' E:\xampp\htdocs\hometownMarket\Application\Runtime\Cache\Home\2a94b8bda04ff446dcedd42276fc99ee.php 第 228 行.
NOTIC: [8] Use of undefined constant cate_class - assumed 'cate_class' E:\xampp\htdocs\hometownMarket\Application\Runtime\Cache\Home\2a94b8bda04ff446dcedd42276fc99ee.php 第 228 行.
NOTIC: [8] Use of undefined constant cate_class - assumed 'cate_class' E:\xampp\htdocs\hometownMarket\Application\Runtime\Cache\Home\2a94b8bda04ff446dcedd42276fc99ee.php 第 228 行.
NOTIC: [8] Use of undefined constant cate_class - assumed 'cate_class' E:\xampp\htdocs\hometownMarket\Application\Runtime\Cache\Home\2a94b8bda04ff446dcedd42276fc99ee.php 第 235 行.
NOTIC: [8] Use of undefined constant cate_class - assumed 'cate_class' E:\xampp\htdocs\hometownMarket\Application\Runtime\Cache\Home\2a94b8bda04ff446dcedd42276fc99ee.php 第 242 行.
NOTIC: [8] Use of undefined constant cate_class - assumed 'cate_class' E:\xampp\htdocs\hometownMarket\Application\Runtime\Cache\Home\2a94b8bda04ff446dcedd42276fc99ee.php 第 249 行.
NOTIC: [8] Use of undefined constant cate_class - assumed 'cate_class' E:\xampp\htdocs\hometownMarket\Application\Runtime\Cache\Home\2a94b8bda04ff446dcedd42276fc99ee.php 第 256 行.
NOTIC: [8] Use of undefined constant cate_class - assumed 'cate_class' E:\xampp\htdocs\hometownMarket\Application\Runtime\Cache\Home\2a94b8bda04ff446dcedd42276fc99ee.php 第 263 行.
NOTIC: [8] Use of undefined constant cate_class - assumed 'cate_class' E:\xampp\htdocs\hometownMarket\Application\Runtime\Cache\Home\2a94b8bda04ff446dcedd42276fc99ee.php 第 263 行.
NOTIC: [8] Use of undefined constant cate_class - assumed 'cate_class' E:\xampp\htdocs\hometownMarket\Application\Runtime\Cache\Home\2a94b8bda04ff446dcedd42276fc99ee.php 第 270 行.
NOTIC: [8] Use of undefined constant cate_class - assumed 'cate_class' E:\xampp\htdocs\hometownMarket\Application\Runtime\Cache\Home\2a94b8bda04ff446dcedd42276fc99ee.php 第 228 行.
NOTIC: [8] Use of undefined constant cate_class - assumed 'cate_class' E:\xampp\htdocs\hometownMarket\Application\Runtime\Cache\Home\2a94b8bda04ff446dcedd42276fc99ee.php 第 228 行.
NOTIC: [8] Use of undefined constant cate_class - assumed 'cate_class' E:\xampp\htdocs\hometownMarket\Application\Runtime\Cache\Home\2a94b8bda04ff446dcedd42276fc99ee.php 第 228 行.
NOTIC: [8] Use of undefined constant cate_class - assumed 'cate_class' E:\xampp\htdocs\hometownMarket\Application\Runtime\Cache\Home\2a94b8bda04ff446dcedd42276fc99ee.php 第 228 行.
NOTIC: [8] Use of undefined constant cate_class - assumed 'cate_class' E:\xampp\htdocs\hometownMarket\Application\Runtime\Cache\Home\2a94b8bda04ff446dcedd42276fc99ee.php 第 235 行.
NOTIC: [8] Use of undefined constant cate_class - assumed 'cate_class' E:\xampp\htdocs\hometownMarket\Application\Runtime\Cache\Home\2a94b8bda04ff446dcedd42276fc99ee.php 第 242 行.
NOTIC: [8] Use of undefined constant cate_class - assumed 'cate_class' E:\xampp\htdocs\hometownMarket\Application\Runtime\Cache\Home\2a94b8bda04ff446dcedd42276fc99ee.php 第 249 行.
NOTIC: [8] Use of undefined constant cate_class - assumed 'cate_class' E:\xampp\htdocs\hometownMarket\Application\Runtime\Cache\Home\2a94b8bda04ff446dcedd42276fc99ee.php 第 256 行.
NOTIC: [8] Use of undefined constant cate_class - assumed 'cate_class' E:\xampp\htdocs\hometownMarket\Application\Runtime\Cache\Home\2a94b8bda04ff446dcedd42276fc99ee.php 第 263 行.
NOTIC: [8] Use of undefined constant cate_class - assumed 'cate_class' E:\xampp\htdocs\hometownMarket\Application\Runtime\Cache\Home\2a94b8bda04ff446dcedd42276fc99ee.php 第 263 行.
NOTIC: [8] Use of undefined constant cate_class - assumed 'cate_class' E:\xampp\htdocs\hometownMarket\Application\Runtime\Cache\Home\2a94b8bda04ff446dcedd42276fc99ee.php 第 270 行.
NOTIC: [8] Use of undefined constant cate_class - assumed 'cate_class' E:\xampp\htdocs\hometownMarket\Application\Runtime\Cache\Home\2a94b8bda04ff446dcedd42276fc99ee.php 第 228 行.
NOTIC: [8] Use of undefined constant cate_class - assumed 'cate_class' E:\xampp\htdocs\hometownMarket\Application\Runtime\Cache\Home\2a94b8bda04ff446dcedd42276fc99ee.php 第 228 行.
NOTIC: [8] Use of undefined constant cate_class - assumed 'cate_class' E:\xampp\htdocs\hometownMarket\Application\Runtime\Cache\Home\2a94b8bda04ff446dcedd42276fc99ee.php 第 228 行.
NOTIC: [8] Use of undefined constant cate_class - assumed 'cate_class' E:\xampp\htdocs\hometownMarket\Application\Runtime\Cache\Home\2a94b8bda04ff446dcedd42276fc99ee.php 第 228 行.
NOTIC: [8] Use of undefined constant cate_class - assumed 'cate_class' E:\xampp\htdocs\hometownMarket\Application\Runtime\Cache\Home\2a94b8bda04ff446dcedd42276fc99ee.php 第 235 行.
NOTIC: [8] Use of undefined constant cate_class - assumed 'cate_class' E:\xampp\htdocs\hometownMarket\Application\Runtime\Cache\Home\2a94b8bda04ff446dcedd42276fc99ee.php 第 242 行.
NOTIC: [8] Use of undefined constant cate_class - assumed 'cate_class' E:\xampp\htdocs\hometownMarket\Application\Runtime\Cache\Home\2a94b8bda04ff446dcedd42276fc99ee.php 第 249 行.
NOTIC: [8] Use of undefined constant cate_class - assumed 'cate_class' E:\xampp\htdocs\hometownMarket\Application\Runtime\Cache\Home\2a94b8bda04ff446dcedd42276fc99ee.php 第 256 行.
NOTIC: [8] Use of undefined constant cate_class - assumed 'cate_class' E:\xampp\htdocs\hometownMarket\Application\Runtime\Cache\Home\2a94b8bda04ff446dcedd42276fc99ee.php 第 263 行.
NOTIC: [8] Use of undefined constant cate_class - assumed 'cate_class' E:\xampp\htdocs\hometownMarket\Application\Runtime\Cache\Home\2a94b8bda04ff446dcedd42276fc99ee.php 第 263 行.
NOTIC: [8] Use of undefined constant cate_class - assumed 'cate_class' E:\xampp\htdocs\hometownMarket\Application\Runtime\Cache\Home\2a94b8bda04ff446dcedd42276fc99ee.php 第 270 行.
NOTIC: [8] Use of undefined constant cate_class - assumed 'cate_class' E:\xampp\htdocs\hometownMarket\Application\Runtime\Cache\Home\2a94b8bda04ff446dcedd42276fc99ee.php 第 228 行.
NOTIC: [8] Use of undefined constant cate_class - assumed 'cate_class' E:\xampp\htdocs\hometownMarket\Application\Runtime\Cache\Home\2a94b8bda04ff446dcedd42276fc99ee.php 第 228 行.
NOTIC: [8] Use of undefined constant cate_class - assumed 'cate_class' E:\xampp\htdocs\hometownMarket\Application\Runtime\Cache\Home\2a94b8bda04ff446dcedd42276fc99ee.php 第 228 行.
NOTIC: [8] Use of undefined constant cate_class - assumed 'cate_class' E:\xampp\htdocs\hometownMarket\Application\Runtime\Cache\Home\2a94b8bda04ff446dcedd42276fc99ee.php 第 228 行.
NOTIC: [8] Use of undefined constant cate_class - assumed 'cate_class' E:\xampp\htdocs\hometownMarket\Application\Runtime\Cache\Home\2a94b8bda04ff446dcedd42276fc99ee.php 第 235 行.
NOTIC: [8] Use of undefined constant cate_class - assumed 'cate_class' E:\xampp\htdocs\hometownMarket\Application\Runtime\Cache\Home\2a94b8bda04ff446dcedd42276fc99ee.php 第 242 行.
NOTIC: [8] Use of undefined constant cate_class - assumed 'cate_class' E:\xampp\htdocs\hometownMarket\Application\Runtime\Cache\Home\2a94b8bda04ff446dcedd42276fc99ee.php 第 249 行.
NOTIC: [8] Use of undefined constant cate_class - assumed 'cate_class' E:\xampp\htdocs\hometownMarket\Application\Runtime\Cache\Home\2a94b8bda04ff446dcedd42276fc99ee.php 第 256 行.
NOTIC: [8] Use of undefined constant cate_class - assumed 'cate_class' E:\xampp\htdocs\hometownMarket\Application\Runtime\Cache\Home\2a94b8bda04ff446dcedd42276fc99ee.php 第 263 行.
NOTIC: [8] Use of undefined constant cate_class - assumed 'cate_class' E:\xampp\htdocs\hometownMarket\Application\Runtime\Cache\Home\2a94b8bda04ff446dcedd42276fc99ee.php 第 263 行.
NOTIC: [8] Use of undefined constant cate_class - assumed 'cate_class' E:\xampp\htdocs\hometownMarket\Application\Runtime\Cache\Home\2a94b8bda04ff446dcedd42276fc99ee.php 第 270 行.
NOTIC: [8] Undefined index: secondgoods_id E:\xampp\htdocs\hometownMarket\Application\Runtime\Cache\Home\2a94b8bda04ff446dcedd42276fc99ee.php 第 367 行.
NOTIC: [8] Undefined variable: goodsDesc E:\xampp\htdocs\hometownMarket\Application\Runtime\Cache\Home\2a94b8bda04ff446dcedd42276fc99ee.php 第 475 行.
INFO: Run Behavior\ParseTemplateBehavior [ RunTime:0.030142s ]
INFO: [ view_parse ] --END-- [ RunTime:0.030197s ]
INFO: [ view_filter ] --START--
INFO: Run Behavior\WriteHtmlCacheBehavior [ RunTime:0.000273s ]
INFO: [ view_filter ] --END-- [ RunTime:0.000315s ]
INFO: [ app_end ] --START--
INFO: Run Behavior\ShowPageTraceBehavior [ RunTime:0.000557s ]
INFO: [ app_end ] --END-- [ RunTime:0.000610s ]

