[ 2015-07-10T22:30:34+08:00 ] ::1 /hometownMarket/admin
INFO: [ app_init ] --START--
INFO: Run Behavior\BuildLiteBehavior [ RunTime:0.000014s ]
INFO: [ app_init ] --END-- [ RunTime:0.000417s ]
INFO: [ app_begin ] --START--
INFO: Run Behavior\ReadHtmlCacheBehavior [ RunTime:0.000605s ]
INFO: [ app_begin ] --END-- [ RunTime:0.000661s ]
SQL: SHOW COLUMNS FROM `tt_category` [ RunTime:0.0042s ]
SQL: SELECT `cate_class`,`cate_name`,`cate_pid` FROM `tt_category`  [ RunTime:0.0004s ]
INFO: [ view_parse ] --START--
INFO: [ template_filter ] --START--
INFO: Run Behavior\ContentReplaceBehavior [ RunTime:0.000248s ]
INFO: [ template_filter ] --END-- [ RunTime:0.000340s ]
NOTIC: [8] Use of undefined constant cate_class - assumed 'cate_class' E:\xampp\htdocs\hometownMarket\Application\Runtime\Cache\Admin\b595b808c2ebeeeb0478ffc30bb4e87a.php 第 139 行.
NOTIC: [8] Use of undefined constant cate_class - assumed 'cate_class' E:\xampp\htdocs\hometownMarket\Application\Runtime\Cache\Admin\b595b808c2ebeeeb0478ffc30bb4e87a.php 第 139 行.
NOTIC: [8] Use of undefined constant cate_class - assumed 'cate_class' E:\xampp\htdocs\hometownMarket\Application\Runtime\Cache\Admin\b595b808c2ebeeeb0478ffc30bb4e87a.php 第 139 行.
NOTIC: [8] Use of undefined constant cate_class - assumed 'cate_class' E:\xampp\htdocs\hometownMarket\Application\Runtime\Cache\Admin\b595b808c2ebeeeb0478ffc30bb4e87a.php 第 139 行.
NOTIC: [8] Use of undefined constant cate_class - assumed 'cate_class' E:\xampp\htdocs\hometownMarket\Application\Runtime\Cache\Admin\b595b808c2ebeeeb0478ffc30bb4e87a.php 第 146 行.
NOTIC: [8] Use of undefined constant cate_class - assumed 'cate_class' E:\xampp\htdocs\hometownMarket\Application\Runtime\Cache\Admin\b595b808c2ebeeeb0478ffc30bb4e87a.php 第 153 行.
NOTIC: [8] Use of undefined constant cate_class - assumed 'cate_class' E:\xampp\htdocs\hometownMarket\Application\Runtime\Cache\Admin\b595b808c2ebeeeb0478ffc30bb4e87a.php 第 160 行.
NOTIC: [8] Use of undefined constant cate_class - assumed 'cate_class' E:\xampp\htdocs\hometownMarket\Application\Runtime\Cache\Admin\b595b808c2ebeeeb0478ffc30bb4e87a.php 第 167 行.
NOTIC: [8] Use of undefined constant cate_class - assumed 'cate_class' E:\xampp\htdocs\hometownMarket\Application\Runtime\Cache\Admin\b595b808c2ebeeeb0478ffc30bb4e87a.php 第 174 行.
NOTIC: [8] Use of undefined constant cate_class - assumed 'cate_class' E:\xampp\htdocs\hometownMarket\Application\Runtime\Cache\Admin\b595b808c2ebeeeb0478ffc30bb4e87a.php 第 174 行.
NOTIC: [8] Use of undefined constant cate_class - assumed 'cate_class' E:\xampp\htdocs\hometownMarket\Application\Runtime\Cache\Admin\b595b808c2ebeeeb0478ffc30bb4e87a.php 第 181 行.
NOTIC: [8] Use of undefined constant cate_class - assumed 'cate_class' E:\xampp\htdocs\hometownMarket\Application\Runtime\Cache\Admin\b595b808c2ebeeeb0478ffc30bb4e87a.php 第 139 行.
NOTIC: [8] Use of undefined constant cate_class - assumed 'cate_class' E:\xampp\htdocs\hometownMarket\Application\Runtime\Cache\Admin\b595b808c2ebeeeb0478ffc30bb4e87a.php 第 139 行.
NOTIC: [8] Use of undefined constant cate_class - assumed 'cate_class' E:\xampp\htdocs\hometownMarket\Application\Runtime\Cache\Admin\b595b808c2ebeeeb0478ffc30bb4e87a.php 第 139 行.
NOTIC: [8] Use of undefined constant cate_class - assumed 'cate_class' E:\xampp\htdocs\hometownMarket\Application\Runtime\Cache\Admin\b595b808c2ebeeeb0478ffc30bb4e87a.php 第 139 行.
NOTIC: [8] Use of undefined constant cate_class - assumed 'cate_class' E:\xampp\htdocs\hometownMarket\Application\Runtime\Cache\Admin\b595b808c2ebeeeb0478ffc30bb4e87a.php 第 146 行.
NOTIC: [8] Use of undefined constant cate_class - assumed 'cate_class' E:\xampp\htdocs\hometownMarket\Application\Runtime\Cache\Admin\b595b808c2ebeeeb0478ffc30bb4e87a.php 第 153 行.
NOTIC: [8] Use of undefined constant cate_class - assumed 'cate_class' E:\xampp\htdocs\hometownMarket\Application\Runtime\Cache\Admin\b595b808c2ebeeeb0478ffc30bb4e87a.php 第 160 行.
NOTIC: [8] Use of undefined constant cate_class - assumed 'cate_class' E:\xampp\htdocs\hometownMarket\Application\Runtime\Cache\Admin\b595b808c2ebeeeb0478ffc30bb4e87a.php 第 167 行.
NOTIC: [8] Use of undefined constant cate_class - assumed 'cate_class' E:\xampp\htdocs\hometownMarket\Application\Runtime\Cache\Admin\b595b808c2ebeeeb0478ffc30bb4e87a.php 第 174 行.
NOTIC: [8] Use of undefined constant cate_class - assumed 'cate_class' E:\xampp\htdocs\hometownMarket\Application\Runtime\Cache\Admin\b595b808c2ebeeeb0478ffc30bb4e87a.php 第 174 行.
NOTIC: [8] Use of undefined constant cate_class - assumed 'cate_class' E:\xampp\htdocs\hometownMarket\Application\Runtime\Cache\Admin\b595b808c2ebeeeb0478ffc30bb4e87a.php 第 181 行.
NOTIC: [8] Use of undefined constant cate_class - assumed 'cate_class' E:\xampp\htdocs\hometownMarket\Application\Runtime\Cache\Admin\b595b808c2ebeeeb0478ffc30bb4e87a.php 第 139 行.
NOTIC: [8] Use of undefined constant cate_class - assumed 'cate_class' E:\xampp\htdocs\hometownMarket\Application\Runtime\Cache\Admin\b595b808c2ebeeeb0478ffc30bb4e87a.php 第 139 行.
NOTIC: [8] Use of undefined constant cate_class - assumed 'cate_class' E:\xampp\htdocs\hometownMarket\Application\Runtime\Cache\Admin\b595b808c2ebeeeb0478ffc30bb4e87a.php 第 139 行.
NOTIC: [8] Use of undefined constant cate_class - assumed 'cate_class' E:\xampp\htdocs\hometownMarket\Application\Runtime\Cache\Admin\b595b808c2ebeeeb0478ffc30bb4e87a.php 第 139 行.
NOTIC: [8] Use of undefined constant cate_class - assumed 'cate_class' E:\xampp\htdocs\hometownMarket\Application\Runtime\Cache\Admin\b595b808c2ebeeeb0478ffc30bb4e87a.php 第 146 行.
NOTIC: [8] Use of undefined constant cate_class - assumed 'cate_class' E:\xampp\htdocs\hometownMarket\Application\Runtime\Cache\Admin\b595b808c2ebeeeb0478ffc30bb4e87a.php 第 153 行.
NOTIC: [8] Use of undefined constant cate_class - assumed 'cate_class' E:\xampp\htdocs\hometownMarket\Application\Runtime\Cache\Admin\b595b808c2ebeeeb0478ffc30bb4e87a.php 第 160 行.
NOTIC: [8] Use of undefined constant cate_class - assumed 'cate_class' E:\xampp\htdocs\hometownMarket\Application\Runtime\Cache\Admin\b595b808c2ebeeeb0478ffc30bb4e87a.php 第 167 行.
NOTIC: [8] Use of undefined constant cate_class - assumed 'cate_class' E:\xampp\htdocs\hometownMarket\Application\Runtime\Cache\Admin\b595b808c2ebeeeb0478ffc30bb4e87a.php 第 174 行.
NOTIC: [8] Use of undefined constant cate_class - assumed 'cate_class' E:\xampp\htdocs\hometownMarket\Application\Runtime\Cache\Admin\b595b808c2ebeeeb0478ffc30bb4e87a.php 第 174 行.
NOTIC: [8] Use of undefined constant cate_class - assumed 'cate_class' E:\xampp\htdocs\hometownMarket\Application\Runtime\Cache\Admin\b595b808c2ebeeeb0478ffc30bb4e87a.php 第 181 行.
NOTIC: [8] Use of undefined constant cate_class - assumed 'cate_class' E:\xampp\htdocs\hometownMarket\Application\Runtime\Cache\Admin\b595b808c2ebeeeb0478ffc30bb4e87a.php 第 139 行.
NOTIC: [8] Use of undefined constant cate_class - assumed 'cate_class' E:\xampp\htdocs\hometownMarket\Application\Runtime\Cache\Admin\b595b808c2ebeeeb0478ffc30bb4e87a.php 第 139 行.
NOTIC: [8] Use of undefined constant cate_class - assumed 'cate_class' E:\xampp\htdocs\hometownMarket\Application\Runtime\Cache\Admin\b595b808c2ebeeeb0478ffc30bb4e87a.php 第 139 行.
NOTIC: [8] Use of undefined constant cate_class - assumed 'cate_class' E:\xampp\htdocs\hometownMarket\Application\Runtime\Cache\Admin\b595b808c2ebeeeb0478ffc30bb4e87a.php 第 139 行.
NOTIC: [8] Use of undefined constant cate_class - assumed 'cate_class' E:\xampp\htdocs\hometownMarket\Application\Runtime\Cache\Admin\b595b808c2ebeeeb0478ffc30bb4e87a.php 第 146 行.
NOTIC: [8] Use of undefined constant cate_class - assumed 'cate_class' E:\xampp\htdocs\hometownMarket\Application\Runtime\Cache\Admin\b595b808c2ebeeeb0478ffc30bb4e87a.php 第 153 行.
NOTIC: [8] Use of undefined constant cate_class - assumed 'cate_class' E:\xampp\htdocs\hometownMarket\Application\Runtime\Cache\Admin\b595b808c2ebeeeb0478ffc30bb4e87a.php 第 160 行.
NOTIC: [8] Use of undefined constant cate_class - assumed 'cate_class' E:\xampp\htdocs\hometownMarket\Application\Runtime\Cache\Admin\b595b808c2ebeeeb0478ffc30bb4e87a.php 第 167 行.
NOTIC: [8] Use of undefined constant cate_class - assumed 'cate_class' E:\xampp\htdocs\hometownMarket\Application\Runtime\Cache\Admin\b595b808c2ebeeeb0478ffc30bb4e87a.php 第 174 行.
NOTIC: [8] Use of undefined constant cate_class - assumed 'cate_class' E:\xampp\htdocs\hometownMarket\Application\Runtime\Cache\Admin\b595b808c2ebeeeb0478ffc30bb4e87a.php 第 174 行.
NOTIC: [8] Use of undefined constant cate_class - assumed 'cate_class' E:\xampp\htdocs\hometownMarket\Application\Runtime\Cache\Admin\b595b808c2ebeeeb0478ffc30bb4e87a.php 第 181 行.
NOTIC: [8] Use of undefined constant cate_class - assumed 'cate_class' E:\xampp\htdocs\hometownMarket\Application\Runtime\Cache\Admin\b595b808c2ebeeeb0478ffc30bb4e87a.php 第 139 行.
NOTIC: [8] Use of undefined constant cate_class - assumed 'cate_class' E:\xampp\htdocs\hometownMarket\Application\Runtime\Cache\Admin\b595b808c2ebeeeb0478ffc30bb4e87a.php 第 139 行.
NOTIC: [8] Use of undefined constant cate_class - assumed 'cate_class' E:\xampp\htdocs\hometownMarket\Application\Runtime\Cache\Admin\b595b808c2ebeeeb0478ffc30bb4e87a.php 第 139 行.
NOTIC: [8] Use of undefined constant cate_class - assumed 'cate_class' E:\xampp\htdocs\hometownMarket\Application\Runtime\Cache\Admin\b595b808c2ebeeeb0478ffc30bb4e87a.php 第 139 行.
NOTIC: [8] Use of undefined constant cate_class - assumed 'cate_class' E:\xampp\htdocs\hometownMarket\Application\Runtime\Cache\Admin\b595b808c2ebeeeb0478ffc30bb4e87a.php 第 146 行.
NOTIC: [8] Use of undefined constant cate_class - assumed 'cate_class' E:\xampp\htdocs\hometownMarket\Application\Runtime\Cache\Admin\b595b808c2ebeeeb0478ffc30bb4e87a.php 第 153 行.
NOTIC: [8] Use of undefined constant cate_class - assumed 'cate_class' E:\xampp\htdocs\hometownMarket\Application\Runtime\Cache\Admin\b595b808c2ebeeeb0478ffc30bb4e87a.php 第 160 行.
NOTIC: [8] Use of undefined constant cate_class - assumed 'cate_class' E:\xampp\htdocs\hometownMarket\Application\Runtime\Cache\Admin\b595b808c2ebeeeb0478ffc30bb4e87a.php 第 167 行.
NOTIC: [8] Use of undefined constant cate_class - assumed 'cate_class' E:\xampp\htdocs\hometownMarket\Application\Runtime\Cache\Admin\b595b808c2ebeeeb0478ffc30bb4e87a.php 第 174 行.
NOTIC: [8] Use of undefined constant cate_class - assumed 'cate_class' E:\xampp\htdocs\hometownMarket\Application\Runtime\Cache\Admin\b595b808c2ebeeeb0478ffc30bb4e87a.php 第 174 行.
NOTIC: [8] Use of undefined constant cate_class - assumed 'cate_class' E:\xampp\htdocs\hometownMarket\Application\Runtime\Cache\Admin\b595b808c2ebeeeb0478ffc30bb4e87a.php 第 181 行.
NOTIC: [8] Use of undefined constant cate_class - assumed 'cate_class' E:\xampp\htdocs\hometownMarket\Application\Runtime\Cache\Admin\b595b808c2ebeeeb0478ffc30bb4e87a.php 第 139 行.
NOTIC: [8] Use of undefined constant cate_class - assumed 'cate_class' E:\xampp\htdocs\hometownMarket\Application\Runtime\Cache\Admin\b595b808c2ebeeeb0478ffc30bb4e87a.php 第 139 行.
NOTIC: [8] Use of undefined constant cate_class - assumed 'cate_class' E:\xampp\htdocs\hometownMarket\Application\Runtime\Cache\Admin\b595b808c2ebeeeb0478ffc30bb4e87a.php 第 139 行.
NOTIC: [8] Use of undefined constant cate_class - assumed 'cate_class' E:\xampp\htdocs\hometownMarket\Application\Runtime\Cache\Admin\b595b808c2ebeeeb0478ffc30bb4e87a.php 第 139 行.
NOTIC: [8] Use of undefined constant cate_class - assumed 'cate_class' E:\xampp\htdocs\hometownMarket\Application\Runtime\Cache\Admin\b595b808c2ebeeeb0478ffc30bb4e87a.php 第 146 行.
NOTIC: [8] Use of undefined constant cate_class - assumed 'cate_class' E:\xampp\htdocs\hometownMarket\Application\Runtime\Cache\Admin\b595b808c2ebeeeb0478ffc30bb4e87a.php 第 153 行.
NOTIC: [8] Use of undefined constant cate_class - assumed 'cate_class' E:\xampp\htdocs\hometownMarket\Application\Runtime\Cache\Admin\b595b808c2ebeeeb0478ffc30bb4e87a.php 第 160 行.
NOTIC: [8] Use of undefined constant cate_class - assumed 'cate_class' E:\xampp\htdocs\hometownMarket\Application\Runtime\Cache\Admin\b595b808c2ebeeeb0478ffc30bb4e87a.php 第 167 行.
NOTIC: [8] Use of undefined constant cate_class - assumed 'cate_class' E:\xampp\htdocs\hometownMarket\Application\Runtime\Cache\Admin\b595b808c2ebeeeb0478ffc30bb4e87a.php 第 174 行.
NOTIC: [8] Use of undefined constant cate_class - assumed 'cate_class' E:\xampp\htdocs\hometownMarket\Application\Runtime\Cache\Admin\b595b808c2ebeeeb0478ffc30bb4e87a.php 第 174 行.
NOTIC: [8] Use of undefined constant cate_class - assumed 'cate_class' E:\xampp\htdocs\hometownMarket\Application\Runtime\Cache\Admin\b595b808c2ebeeeb0478ffc30bb4e87a.php 第 181 行.
NOTIC: [8] Use of undefined constant cate_class - assumed 'cate_class' E:\xampp\htdocs\hometownMarket\Application\Runtime\Cache\Admin\b595b808c2ebeeeb0478ffc30bb4e87a.php 第 139 行.
NOTIC: [8] Use of undefined constant cate_class - assumed 'cate_class' E:\xampp\htdocs\hometownMarket\Application\Runtime\Cache\Admin\b595b808c2ebeeeb0478ffc30bb4e87a.php 第 139 行.
NOTIC: [8] Use of undefined constant cate_class - assumed 'cate_class' E:\xampp\htdocs\hometownMarket\Application\Runtime\Cache\Admin\b595b808c2ebeeeb0478ffc30bb4e87a.php 第 139 行.
NOTIC: [8] Use of undefined constant cate_class - assumed 'cate_class' E:\xampp\htdocs\hometownMarket\Application\Runtime\Cache\Admin\b595b808c2ebeeeb0478ffc30bb4e87a.php 第 139 行.
NOTIC: [8] Use of undefined constant cate_class - assumed 'cate_class' E:\xampp\htdocs\hometownMarket\Application\Runtime\Cache\Admin\b595b808c2ebeeeb0478ffc30bb4e87a.php 第 146 行.
NOTIC: [8] Use of undefined constant cate_class - assumed 'cate_class' E:\xampp\htdocs\hometownMarket\Application\Runtime\Cache\Admin\b595b808c2ebeeeb0478ffc30bb4e87a.php 第 153 行.
NOTIC: [8] Use of undefined constant cate_class - assumed 'cate_class' E:\xampp\htdocs\hometownMarket\Application\Runtime\Cache\Admin\b595b808c2ebeeeb0478ffc30bb4e87a.php 第 160 行.
NOTIC: [8] Use of undefined constant cate_class - assumed 'cate_class' E:\xampp\htdocs\hometownMarket\Application\Runtime\Cache\Admin\b595b808c2ebeeeb0478ffc30bb4e87a.php 第 167 行.
NOTIC: [8] Use of undefined constant cate_class - assumed 'cate_class' E:\xampp\htdocs\hometownMarket\Application\Runtime\Cache\Admin\b595b808c2ebeeeb0478ffc30bb4e87a.php 第 174 行.
NOTIC: [8] Use of undefined constant cate_class - assumed 'cate_class' E:\xampp\htdocs\hometownMarket\Application\Runtime\Cache\Admin\b595b808c2ebeeeb0478ffc30bb4e87a.php 第 174 行.
NOTIC: [8] Use of undefined constant cate_class - assumed 'cate_class' E:\xampp\htdocs\hometownMarket\Application\Runtime\Cache\Admin\b595b808c2ebeeeb0478ffc30bb4e87a.php 第 181 行.
NOTIC: [8] Undefined index: secondgoods_id E:\xampp\htdocs\hometownMarket\Application\Runtime\Cache\Admin\b595b808c2ebeeeb0478ffc30bb4e87a.php 第 270 行.
INFO: Run Behavior\ParseTemplateBehavior [ RunTime:0.025361s ]
INFO: [ view_parse ] --END-- [ RunTime:0.025437s ]
INFO: [ view_filter ] --START--
INFO: Run Behavior\WriteHtmlCacheBehavior [ RunTime:0.000549s ]
INFO: [ view_filter ] --END-- [ RunTime:0.000603s ]
INFO: [ app_end ] --START--
INFO: Run Behavior\ShowPageTraceBehavior [ RunTime:0.001110s ]
INFO: [ app_end ] --END-- [ RunTime:0.001195s ]

[ 2015-07-10T22:30:34+08:00 ] ::1 /hometownMarket/index.php/Admin/Index/verify_c.html
INFO: [ app_init ] --START--
INFO: Run Behavior\BuildLiteBehavior [ RunTime:0.000026s ]
INFO: [ app_init ] --END-- [ RunTime:0.000627s ]
INFO: [ app_begin ] --START--
INFO: Run Behavior\ReadHtmlCacheBehavior [ RunTime:0.000548s ]
INFO: [ app_begin ] --END-- [ RunTime:0.000621s ]
INFO: [ app_end ] --START--
INFO: Run Behavior\ShowPageTraceBehavior [ RunTime:0.001087s ]
INFO: [ app_end ] --END-- [ RunTime:0.001260s ]

[ 2015-07-10T22:30:46+08:00 ] ::1 /hometownMarket/index.php/Admin/Index/index.html
INFO: [ app_init ] --START--
INFO: Run Behavior\BuildLiteBehavior [ RunTime:0.000016s ]
INFO: [ app_init ] --END-- [ RunTime:0.000469s ]
INFO: [ app_begin ] --START--
INFO: Run Behavior\ReadHtmlCacheBehavior [ RunTime:0.001220s ]
INFO: [ app_begin ] --END-- [ RunTime:0.001314s ]
SQL: SHOW COLUMNS FROM `tt_admins` [ RunTime:0.0060s ]
NOTIC: [8] Use of undefined constant admins_name - assumed 'admins_name' E:\xampp\htdocs\hometownMarket\Application\Admin\Model\AdminsModel.class.php 第 16 行.
NOTIC: [8] Use of undefined constant admins_password - assumed 'admins_password' E:\xampp\htdocs\hometownMarket\Application\Admin\Model\AdminsModel.class.php 第 24 行.
NOTIC: [8] Use of undefined constant verify - assumed 'verify' E:\xampp\htdocs\hometownMarket\Application\Admin\Model\AdminsModel.class.php 第 31 行.
NOTIC: [8] Use of undefined constant verify - assumed 'verify' E:\xampp\htdocs\hometownMarket\Application\Admin\Model\AdminsModel.class.php 第 38 行.
NOTIC: [8] Use of undefined constant admins_name - assumed 'admins_name' E:\xampp\htdocs\hometownMarket\Application\Admin\Model\AdminsModel.class.php 第 46 行.
NOTIC: [8] Use of undefined constant admins_password - assumed 'admins_password' E:\xampp\htdocs\hometownMarket\Application\Admin\Model\AdminsModel.class.php 第 46 行.
SQL: SELECT * FROM `tt_admins` WHERE ( admins_name='HMT' AND admins_password='HMT' ) LIMIT 1   [ RunTime:0.0023s ]
SQL: SHOW COLUMNS FROM `tt_logging` [ RunTime:0.0141s ]
NOTIC: [8] Use of undefined constant logging_time - assumed 'logging_time' E:\xampp\htdocs\hometownMarket\Application\Admin\Model\LoggingModel.class.php 第 12 行.
NOTIC: [8] Use of undefined constant logging_ip - assumed 'logging_ip' E:\xampp\htdocs\hometownMarket\Application\Admin\Model\LoggingModel.class.php 第 13 行.
NOTIC: [8] Use of undefined constant logging_content - assumed 'logging_content' E:\xampp\htdocs\hometownMarket\Application\Admin\Model\LoggingModel.class.php 第 15 行.
NOTIC: [8] Use of undefined constant logging_ip - assumed 'logging_ip' E:\xampp\htdocs\hometownMarket\Application\Admin\Model\LoggingModel.class.php 第 15 行.
SQL: INSERT INTO `tt_logging` (`logging_time`,`logging_ip`,`logging_content`) VALUES ('1436538646','0','ip地址为::1的用户登陆后台') [ RunTime:0.0490s ]

[ 2015-07-10T22:30:48+08:00 ] ::1 /hometownMarket/index.php/Admin/Index/frontpage.html
INFO: [ app_init ] --START--
INFO: Run Behavior\BuildLiteBehavior [ RunTime:0.000013s ]
INFO: [ app_init ] --END-- [ RunTime:0.000354s ]
INFO: [ app_begin ] --START--
INFO: Run Behavior\ReadHtmlCacheBehavior [ RunTime:0.000449s ]
INFO: [ app_begin ] --END-- [ RunTime:0.000498s ]
SQL: SHOW COLUMNS FROM `tt_category` [ RunTime:0.0042s ]
SQL: SELECT `cate_class`,`cate_name`,`cate_pid` FROM `tt_category`  [ RunTime:0.0005s ]
SQL: SHOW COLUMNS FROM `tt_secondgoods` [ RunTime:0.0048s ]
SQL: SELECT * FROM `tt_secondgoods` WHERE ( secondgoods_tradetype='0' ) ORDER BY secondgoods_postdate DESC LIMIT 0,10   [ RunTime:0.0006s ]
SQL: SELECT COUNT(*) AS tp_count FROM `tt_secondgoods` WHERE ( secondgoods_tradetype='0' ) LIMIT 1   [ RunTime:0.0003s ]
SQL: SHOW COLUMNS FROM `tt_category` [ RunTime:0.0039s ]
SQL: SELECT `cate_name` FROM `tt_category` WHERE ( cate_class='10' ) LIMIT 1   [ RunTime:0.0003s ]
SQL: SELECT `cate_name` FROM `tt_category` WHERE ( cate_class='13' ) LIMIT 1   [ RunTime:0.0002s ]
SQL: SELECT `cate_name` FROM `tt_category` WHERE ( cate_class='8' ) LIMIT 1   [ RunTime:0.0002s ]
SQL: SELECT `cate_name` FROM `tt_category` WHERE ( cate_class='11' ) LIMIT 1   [ RunTime:0.0002s ]
SQL: SELECT `cate_name` FROM `tt_category` WHERE ( cate_class='16' ) LIMIT 1   [ RunTime:0.0002s ]
SQL: SELECT `cate_name` FROM `tt_category` WHERE ( cate_class='14' ) LIMIT 1   [ RunTime:0.0002s ]
SQL: SELECT `cate_name` FROM `tt_category` WHERE ( cate_class='13' ) LIMIT 1   [ RunTime:0.0003s ]
SQL: SELECT `cate_name` FROM `tt_category` WHERE ( cate_class='13' ) LIMIT 1   [ RunTime:0.0003s ]
SQL: SELECT `cate_name` FROM `tt_category` WHERE ( cate_class='8' ) LIMIT 1   [ RunTime:0.0002s ]
SQL: SELECT `cate_name` FROM `tt_category` WHERE ( cate_class='15' ) LIMIT 1   [ RunTime:0.0002s ]
SQL: SELECT * FROM `tt_secondgoods` WHERE ( secondgoods_tradetype='1' ) ORDER BY secondgoods_postdate DESC LIMIT 0,10   [ RunTime:0.0005s ]
SQL: SELECT COUNT(*) AS tp_count FROM `tt_secondgoods` WHERE ( secondgoods_tradetype='1' ) LIMIT 1   [ RunTime:0.0002s ]
SQL: SELECT `cate_name` FROM `tt_category` WHERE ( cate_class='17' ) LIMIT 1   [ RunTime:0.0002s ]
SQL: SELECT `cate_name` FROM `tt_category` WHERE ( cate_class='16' ) LIMIT 1   [ RunTime:0.0002s ]
SQL: SELECT `cate_name` FROM `tt_category` WHERE ( cate_class='9' ) LIMIT 1   [ RunTime:0.0002s ]
SQL: SELECT `cate_name` FROM `tt_category` WHERE ( cate_class='13' ) LIMIT 1   [ RunTime:0.0002s ]
SQL: SELECT `cate_name` FROM `tt_category` WHERE ( cate_class='15' ) LIMIT 1   [ RunTime:0.0002s ]
SQL: SELECT * FROM `tt_category` WHERE ( cate_pid <>'0' )  [ RunTime:0.0006s ]
INFO: [ view_parse ] --START--
INFO: [ template_filter ] --START--
INFO: Run Behavior\ContentReplaceBehavior [ RunTime:0.000189s ]
INFO: [ template_filter ] --END-- [ RunTime:0.000254s ]
NOTIC: [8] Use of undefined constant cate_class - assumed 'cate_class' E:\xampp\htdocs\hometownMarket\Application\Runtime\Cache\Admin\e108ecdbfd65ee1d6bf36aaa1a637131.php 第 180 行.
NOTIC: [8] Use of undefined constant cate_class - assumed 'cate_class' E:\xampp\htdocs\hometownMarket\Application\Runtime\Cache\Admin\e108ecdbfd65ee1d6bf36aaa1a637131.php 第 180 行.
NOTIC: [8] Use of undefined constant cate_class - assumed 'cate_class' E:\xampp\htdocs\hometownMarket\Application\Runtime\Cache\Admin\e108ecdbfd65ee1d6bf36aaa1a637131.php 第 180 行.
NOTIC: [8] Use of undefined constant cate_class - assumed 'cate_class' E:\xampp\htdocs\hometownMarket\Application\Runtime\Cache\Admin\e108ecdbfd65ee1d6bf36aaa1a637131.php 第 180 行.
NOTIC: [8] Use of undefined constant cate_class - assumed 'cate_class' E:\xampp\htdocs\hometownMarket\Application\Runtime\Cache\Admin\e108ecdbfd65ee1d6bf36aaa1a637131.php 第 187 行.
NOTIC: [8] Use of undefined constant cate_class - assumed 'cate_class' E:\xampp\htdocs\hometownMarket\Application\Runtime\Cache\Admin\e108ecdbfd65ee1d6bf36aaa1a637131.php 第 194 行.
NOTIC: [8] Use of undefined constant cate_class - assumed 'cate_class' E:\xampp\htdocs\hometownMarket\Application\Runtime\Cache\Admin\e108ecdbfd65ee1d6bf36aaa1a637131.php 第 201 行.
NOTIC: [8] Use of undefined constant cate_class - assumed 'cate_class' E:\xampp\htdocs\hometownMarket\Application\Runtime\Cache\Admin\e108ecdbfd65ee1d6bf36aaa1a637131.php 第 208 行.
NOTIC: [8] Use of undefined constant cate_class - assumed 'cate_class' E:\xampp\htdocs\hometownMarket\Application\Runtime\Cache\Admin\e108ecdbfd65ee1d6bf36aaa1a637131.php 第 215 行.
NOTIC: [8] Use of undefined constant cate_class - assumed 'cate_class' E:\xampp\htdocs\hometownMarket\Application\Runtime\Cache\Admin\e108ecdbfd65ee1d6bf36aaa1a637131.php 第 215 行.
NOTIC: [8] Use of undefined constant cate_class - assumed 'cate_class' E:\xampp\htdocs\hometownMarket\Application\Runtime\Cache\Admin\e108ecdbfd65ee1d6bf36aaa1a637131.php 第 222 行.
NOTIC: [8] Use of undefined constant cate_class - assumed 'cate_class' E:\xampp\htdocs\hometownMarket\Application\Runtime\Cache\Admin\e108ecdbfd65ee1d6bf36aaa1a637131.php 第 180 行.
NOTIC: [8] Use of undefined constant cate_class - assumed 'cate_class' E:\xampp\htdocs\hometownMarket\Application\Runtime\Cache\Admin\e108ecdbfd65ee1d6bf36aaa1a637131.php 第 180 行.
NOTIC: [8] Use of undefined constant cate_class - assumed 'cate_class' E:\xampp\htdocs\hometownMarket\Application\Runtime\Cache\Admin\e108ecdbfd65ee1d6bf36aaa1a637131.php 第 180 行.
NOTIC: [8] Use of undefined constant cate_class - assumed 'cate_class' E:\xampp\htdocs\hometownMarket\Application\Runtime\Cache\Admin\e108ecdbfd65ee1d6bf36aaa1a637131.php 第 180 行.
NOTIC: [8] Use of undefined constant cate_class - assumed 'cate_class' E:\xampp\htdocs\hometownMarket\Application\Runtime\Cache\Admin\e108ecdbfd65ee1d6bf36aaa1a637131.php 第 187 行.
NOTIC: [8] Use of undefined constant cate_class - assumed 'cate_class' E:\xampp\htdocs\hometownMarket\Application\Runtime\Cache\Admin\e108ecdbfd65ee1d6bf36aaa1a637131.php 第 194 行.
NOTIC: [8] Use of undefined constant cate_class - assumed 'cate_class' E:\xampp\htdocs\hometownMarket\Application\Runtime\Cache\Admin\e108ecdbfd65ee1d6bf36aaa1a637131.php 第 201 行.
NOTIC: [8] Use of undefined constant cate_class - assumed 'cate_class' E:\xampp\htdocs\hometownMarket\Application\Runtime\Cache\Admin\e108ecdbfd65ee1d6bf36aaa1a637131.php 第 208 行.
NOTIC: [8] Use of undefined constant cate_class - assumed 'cate_class' E:\xampp\htdocs\hometownMarket\Application\Runtime\Cache\Admin\e108ecdbfd65ee1d6bf36aaa1a637131.php 第 215 行.
NOTIC: [8] Use of undefined constant cate_class - assumed 'cate_class' E:\xampp\htdocs\hometownMarket\Application\Runtime\Cache\Admin\e108ecdbfd65ee1d6bf36aaa1a637131.php 第 215 行.
NOTIC: [8] Use of undefined constant cate_class - assumed 'cate_class' E:\xampp\htdocs\hometownMarket\Application\Runtime\Cache\Admin\e108ecdbfd65ee1d6bf36aaa1a637131.php 第 222 行.
NOTIC: [8] Use of undefined constant cate_class - assumed 'cate_class' E:\xampp\htdocs\hometownMarket\Application\Runtime\Cache\Admin\e108ecdbfd65ee1d6bf36aaa1a637131.php 第 180 行.
NOTIC: [8] Use of undefined constant cate_class - assumed 'cate_class' E:\xampp\htdocs\hometownMarket\Application\Runtime\Cache\Admin\e108ecdbfd65ee1d6bf36aaa1a637131.php 第 180 行.
NOTIC: [8] Use of undefined constant cate_class - assumed 'cate_class' E:\xampp\htdocs\hometownMarket\Application\Runtime\Cache\Admin\e108ecdbfd65ee1d6bf36aaa1a637131.php 第 180 行.
NOTIC: [8] Use of undefined constant cate_class - assumed 'cate_class' E:\xampp\htdocs\hometownMarket\Application\Runtime\Cache\Admin\e108ecdbfd65ee1d6bf36aaa1a637131.php 第 180 行.
NOTIC: [8] Use of undefined constant cate_class - assumed 'cate_class' E:\xampp\htdocs\hometownMarket\Application\Runtime\Cache\Admin\e108ecdbfd65ee1d6bf36aaa1a637131.php 第 187 行.
NOTIC: [8] Use of undefined constant cate_class - assumed 'cate_class' E:\xampp\htdocs\hometownMarket\Application\Runtime\Cache\Admin\e108ecdbfd65ee1d6bf36aaa1a637131.php 第 194 行.
NOTIC: [8] Use of undefined constant cate_class - assumed 'cate_class' E:\xampp\htdocs\hometownMarket\Application\Runtime\Cache\Admin\e108ecdbfd65ee1d6bf36aaa1a637131.php 第 201 行.
NOTIC: [8] Use of undefined constant cate_class - assumed 'cate_class' E:\xampp\htdocs\hometownMarket\Application\Runtime\Cache\Admin\e108ecdbfd65ee1d6bf36aaa1a637131.php 第 208 行.
NOTIC: [8] Use of undefined constant cate_class - assumed 'cate_class' E:\xampp\htdocs\hometownMarket\Application\Runtime\Cache\Admin\e108ecdbfd65ee1d6bf36aaa1a637131.php 第 215 行.
NOTIC: [8] Use of undefined constant cate_class - assumed 'cate_class' E:\xampp\htdocs\hometownMarket\Application\Runtime\Cache\Admin\e108ecdbfd65ee1d6bf36aaa1a637131.php 第 215 行.
NOTIC: [8] Use of undefined constant cate_class - assumed 'cate_class' E:\xampp\htdocs\hometownMarket\Application\Runtime\Cache\Admin\e108ecdbfd65ee1d6bf36aaa1a637131.php 第 222 行.
NOTIC: [8] Use of undefined constant cate_class - assumed 'cate_class' E:\xampp\htdocs\hometownMarket\Application\Runtime\Cache\Admin\e108ecdbfd65ee1d6bf36aaa1a637131.php 第 180 行.
NOTIC: [8] Use of undefined constant cate_class - assumed 'cate_class' E:\xampp\htdocs\hometownMarket\Application\Runtime\Cache\Admin\e108ecdbfd65ee1d6bf36aaa1a637131.php 第 180 行.
NOTIC: [8] Use of undefined constant cate_class - assumed 'cate_class' E:\xampp\htdocs\hometownMarket\Application\Runtime\Cache\Admin\e108ecdbfd65ee1d6bf36aaa1a637131.php 第 180 行.
NOTIC: [8] Use of undefined constant cate_class - assumed 'cate_class' E:\xampp\htdocs\hometownMarket\Application\Runtime\Cache\Admin\e108ecdbfd65ee1d6bf36aaa1a637131.php 第 180 行.
NOTIC: [8] Use of undefined constant cate_class - assumed 'cate_class' E:\xampp\htdocs\hometownMarket\Application\Runtime\Cache\Admin\e108ecdbfd65ee1d6bf36aaa1a637131.php 第 187 行.
NOTIC: [8] Use of undefined constant cate_class - assumed 'cate_class' E:\xampp\htdocs\hometownMarket\Application\Runtime\Cache\Admin\e108ecdbfd65ee1d6bf36aaa1a637131.php 第 194 行.
NOTIC: [8] Use of undefined constant cate_class - assumed 'cate_class' E:\xampp\htdocs\hometownMarket\Application\Runtime\Cache\Admin\e108ecdbfd65ee1d6bf36aaa1a637131.php 第 201 行.
NOTIC: [8] Use of undefined constant cate_class - assumed 'cate_class' E:\xampp\htdocs\hometownMarket\Application\Runtime\Cache\Admin\e108ecdbfd65ee1d6bf36aaa1a637131.php 第 208 行.
NOTIC: [8] Use of undefined constant cate_class - assumed 'cate_class' E:\xampp\htdocs\hometownMarket\Application\Runtime\Cache\Admin\e108ecdbfd65ee1d6bf36aaa1a637131.php 第 215 行.
NOTIC: [8] Use of undefined constant cate_class - assumed 'cate_class' E:\xampp\htdocs\hometownMarket\Application\Runtime\Cache\Admin\e108ecdbfd65ee1d6bf36aaa1a637131.php 第 215 行.
NOTIC: [8] Use of undefined constant cate_class - assumed 'cate_class' E:\xampp\htdocs\hometownMarket\Application\Runtime\Cache\Admin\e108ecdbfd65ee1d6bf36aaa1a637131.php 第 222 行.
NOTIC: [8] Use of undefined constant cate_class - assumed 'cate_class' E:\xampp\htdocs\hometownMarket\Application\Runtime\Cache\Admin\e108ecdbfd65ee1d6bf36aaa1a637131.php 第 180 行.
NOTIC: [8] Use of undefined constant cate_class - assumed 'cate_class' E:\xampp\htdocs\hometownMarket\Application\Runtime\Cache\Admin\e108ecdbfd65ee1d6bf36aaa1a637131.php 第 180 行.
NOTIC: [8] Use of undefined constant cate_class - assumed 'cate_class' E:\xampp\htdocs\hometownMarket\Application\Runtime\Cache\Admin\e108ecdbfd65ee1d6bf36aaa1a637131.php 第 180 行.
NOTIC: [8] Use of undefined constant cate_class - assumed 'cate_class' E:\xampp\htdocs\hometownMarket\Application\Runtime\Cache\Admin\e108ecdbfd65ee1d6bf36aaa1a637131.php 第 180 行.
NOTIC: [8] Use of undefined constant cate_class - assumed 'cate_class' E:\xampp\htdocs\hometownMarket\Application\Runtime\Cache\Admin\e108ecdbfd65ee1d6bf36aaa1a637131.php 第 187 行.
NOTIC: [8] Use of undefined constant cate_class - assumed 'cate_class' E:\xampp\htdocs\hometownMarket\Application\Runtime\Cache\Admin\e108ecdbfd65ee1d6bf36aaa1a637131.php 第 194 行.
NOTIC: [8] Use of undefined constant cate_class - assumed 'cate_class' E:\xampp\htdocs\hometownMarket\Application\Runtime\Cache\Admin\e108ecdbfd65ee1d6bf36aaa1a637131.php 第 201 行.
NOTIC: [8] Use of undefined constant cate_class - assumed 'cate_class' E:\xampp\htdocs\hometownMarket\Application\Runtime\Cache\Admin\e108ecdbfd65ee1d6bf36aaa1a637131.php 第 208 行.
NOTIC: [8] Use of undefined constant cate_class - assumed 'cate_class' E:\xampp\htdocs\hometownMarket\Application\Runtime\Cache\Admin\e108ecdbfd65ee1d6bf36aaa1a637131.php 第 215 行.
NOTIC: [8] Use of undefined constant cate_class - assumed 'cate_class' E:\xampp\htdocs\hometownMarket\Application\Runtime\Cache\Admin\e108ecdbfd65ee1d6bf36aaa1a637131.php 第 215 行.
NOTIC: [8] Use of undefined constant cate_class - assumed 'cate_class' E:\xampp\htdocs\hometownMarket\Application\Runtime\Cache\Admin\e108ecdbfd65ee1d6bf36aaa1a637131.php 第 222 行.
NOTIC: [8] Use of undefined constant cate_class - assumed 'cate_class' E:\xampp\htdocs\hometownMarket\Application\Runtime\Cache\Admin\e108ecdbfd65ee1d6bf36aaa1a637131.php 第 180 行.
NOTIC: [8] Use of undefined constant cate_class - assumed 'cate_class' E:\xampp\htdocs\hometownMarket\Application\Runtime\Cache\Admin\e108ecdbfd65ee1d6bf36aaa1a637131.php 第 180 行.
NOTIC: [8] Use of undefined constant cate_class - assumed 'cate_class' E:\xampp\htdocs\hometownMarket\Application\Runtime\Cache\Admin\e108ecdbfd65ee1d6bf36aaa1a637131.php 第 180 行.
NOTIC: [8] Use of undefined constant cate_class - assumed 'cate_class' E:\xampp\htdocs\hometownMarket\Application\Runtime\Cache\Admin\e108ecdbfd65ee1d6bf36aaa1a637131.php 第 180 行.
NOTIC: [8] Use of undefined constant cate_class - assumed 'cate_class' E:\xampp\htdocs\hometownMarket\Application\Runtime\Cache\Admin\e108ecdbfd65ee1d6bf36aaa1a637131.php 第 187 行.
NOTIC: [8] Use of undefined constant cate_class - assumed 'cate_class' E:\xampp\htdocs\hometownMarket\Application\Runtime\Cache\Admin\e108ecdbfd65ee1d6bf36aaa1a637131.php 第 194 行.
NOTIC: [8] Use of undefined constant cate_class - assumed 'cate_class' E:\xampp\htdocs\hometownMarket\Application\Runtime\Cache\Admin\e108ecdbfd65ee1d6bf36aaa1a637131.php 第 201 行.
NOTIC: [8] Use of undefined constant cate_class - assumed 'cate_class' E:\xampp\htdocs\hometownMarket\Application\Runtime\Cache\Admin\e108ecdbfd65ee1d6bf36aaa1a637131.php 第 208 行.
NOTIC: [8] Use of undefined constant cate_class - assumed 'cate_class' E:\xampp\htdocs\hometownMarket\Application\Runtime\Cache\Admin\e108ecdbfd65ee1d6bf36aaa1a637131.php 第 215 行.
NOTIC: [8] Use of undefined constant cate_class - assumed 'cate_class' E:\xampp\htdocs\hometownMarket\Application\Runtime\Cache\Admin\e108ecdbfd65ee1d6bf36aaa1a637131.php 第 215 行.
NOTIC: [8] Use of undefined constant cate_class - assumed 'cate_class' E:\xampp\htdocs\hometownMarket\Application\Runtime\Cache\Admin\e108ecdbfd65ee1d6bf36aaa1a637131.php 第 222 行.
NOTIC: [8] Use of undefined constant cate_class - assumed 'cate_class' E:\xampp\htdocs\hometownMarket\Application\Runtime\Cache\Admin\e108ecdbfd65ee1d6bf36aaa1a637131.php 第 180 行.
NOTIC: [8] Use of undefined constant cate_class - assumed 'cate_class' E:\xampp\htdocs\hometownMarket\Application\Runtime\Cache\Admin\e108ecdbfd65ee1d6bf36aaa1a637131.php 第 180 行.
NOTIC: [8] Use of undefined constant cate_class - assumed 'cate_class' E:\xampp\htdocs\hometownMarket\Application\Runtime\Cache\Admin\e108ecdbfd65ee1d6bf36aaa1a637131.php 第 180 行.
NOTIC: [8] Use of undefined constant cate_class - assumed 'cate_class' E:\xampp\htdocs\hometownMarket\Application\Runtime\Cache\Admin\e108ecdbfd65ee1d6bf36aaa1a637131.php 第 180 行.
NOTIC: [8] Use of undefined constant cate_class - assumed 'cate_class' E:\xampp\htdocs\hometownMarket\Application\Runtime\Cache\Admin\e108ecdbfd65ee1d6bf36aaa1a637131.php 第 187 行.
NOTIC: [8] Use of undefined constant cate_class - assumed 'cate_class' E:\xampp\htdocs\hometownMarket\Application\Runtime\Cache\Admin\e108ecdbfd65ee1d6bf36aaa1a637131.php 第 194 行.
NOTIC: [8] Use of undefined constant cate_class - assumed 'cate_class' E:\xampp\htdocs\hometownMarket\Application\Runtime\Cache\Admin\e108ecdbfd65ee1d6bf36aaa1a637131.php 第 201 行.
NOTIC: [8] Use of undefined constant cate_class - assumed 'cate_class' E:\xampp\htdocs\hometownMarket\Application\Runtime\Cache\Admin\e108ecdbfd65ee1d6bf36aaa1a637131.php 第 208 行.
NOTIC: [8] Use of undefined constant cate_class - assumed 'cate_class' E:\xampp\htdocs\hometownMarket\Application\Runtime\Cache\Admin\e108ecdbfd65ee1d6bf36aaa1a637131.php 第 215 行.
NOTIC: [8] Use of undefined constant cate_class - assumed 'cate_class' E:\xampp\htdocs\hometownMarket\Application\Runtime\Cache\Admin\e108ecdbfd65ee1d6bf36aaa1a637131.php 第 215 行.
NOTIC: [8] Use of undefined constant cate_class - assumed 'cate_class' E:\xampp\htdocs\hometownMarket\Application\Runtime\Cache\Admin\e108ecdbfd65ee1d6bf36aaa1a637131.php 第 222 行.
NOTIC: [8] Undefined index: secondgoods_id E:\xampp\htdocs\hometownMarket\Application\Runtime\Cache\Admin\e108ecdbfd65ee1d6bf36aaa1a637131.php 第 311 行.
INFO: Run Behavior\ParseTemplateBehavior [ RunTime:0.031534s ]
INFO: [ view_parse ] --END-- [ RunTime:0.031594s ]
INFO: [ view_filter ] --START--
INFO: Run Behavior\WriteHtmlCacheBehavior [ RunTime:0.000585s ]
INFO: [ view_filter ] --END-- [ RunTime:0.000628s ]
INFO: [ app_end ] --START--
INFO: Run Behavior\ShowPageTraceBehavior [ RunTime:0.000921s ]
INFO: [ app_end ] --END-- [ RunTime:0.000992s ]

[ 2015-07-10T22:31:00+08:00 ] ::1 /hometownMarket/index.php/Admin/Index/frontpage.html
INFO: [ app_init ] --START--
INFO: Run Behavior\BuildLiteBehavior [ RunTime:0.000015s ]
INFO: [ app_init ] --END-- [ RunTime:0.000376s ]
INFO: [ app_begin ] --START--
INFO: Run Behavior\ReadHtmlCacheBehavior [ RunTime:0.000490s ]
INFO: [ app_begin ] --END-- [ RunTime:0.000543s ]
INFO: [ app_end ] --START--
INFO: Run Behavior\ShowPageTraceBehavior [ RunTime:0.000670s ]
INFO: [ app_end ] --END-- [ RunTime:0.000728s ]

[ 2015-07-10T22:31:00+08:00 ] ::1 /hometownMarket/index.php/Admin/User/index.html
INFO: [ app_init ] --START--
INFO: Run Behavior\BuildLiteBehavior [ RunTime:0.000013s ]
INFO: [ app_init ] --END-- [ RunTime:0.000367s ]
INFO: [ app_begin ] --START--
INFO: Run Behavior\ReadHtmlCacheBehavior [ RunTime:0.000454s ]
INFO: [ app_begin ] --END-- [ RunTime:0.000503s ]
ERR: 非法操作:index

[ 2015-07-10T22:31:03+08:00 ] ::1 /hometownMarket/index.php/Admin/Index/frontpage.html
INFO: [ app_init ] --START--
INFO: Run Behavior\BuildLiteBehavior [ RunTime:0.000014s ]
INFO: [ app_init ] --END-- [ RunTime:0.000355s ]
INFO: [ app_begin ] --START--
INFO: Run Behavior\ReadHtmlCacheBehavior [ RunTime:0.000616s ]
INFO: [ app_begin ] --END-- [ RunTime:0.000670s ]
INFO: [ app_end ] --START--
INFO: Run Behavior\ShowPageTraceBehavior [ RunTime:0.000675s ]
INFO: [ app_end ] --END-- [ RunTime:0.000729s ]

[ 2015-07-10T22:31:03+08:00 ] ::1 /hometownMarket/index.php/Admin/User/index.html
INFO: [ app_init ] --START--
INFO: Run Behavior\BuildLiteBehavior [ RunTime:0.000014s ]
INFO: [ app_init ] --END-- [ RunTime:0.000385s ]
INFO: [ app_begin ] --START--
INFO: Run Behavior\ReadHtmlCacheBehavior [ RunTime:0.000464s ]
INFO: [ app_begin ] --END-- [ RunTime:0.000515s ]
ERR: 非法操作:index

[ 2015-07-10T22:31:17+08:00 ] ::1 /hometownMarket/index.php/Admin/User/notChecked.html
INFO: [ app_init ] --START--
INFO: Run Behavior\BuildLiteBehavior [ RunTime:0.000014s ]
INFO: [ app_init ] --END-- [ RunTime:0.000361s ]
INFO: [ app_begin ] --START--
INFO: Run Behavior\ReadHtmlCacheBehavior [ RunTime:0.000452s ]
INFO: [ app_begin ] --END-- [ RunTime:0.000506s ]
SQL: SHOW COLUMNS FROM `tt_members` [ RunTime:0.0045s ]
SQL: SELECT * FROM `tt_members` WHERE ( members_visitset='1' ) ORDER BY members_joindate DESC LIMIT 0,10   [ RunTime:0.0006s ]
SQL: SELECT COUNT(*) AS tp_count FROM `tt_members` WHERE ( members_visitset='1' ) LIMIT 1   [ RunTime:0.0003s ]
INFO: [ view_parse ] --START--
INFO: [ template_filter ] --START--
INFO: Run Behavior\ContentReplaceBehavior [ RunTime:0.000088s ]
INFO: [ template_filter ] --END-- [ RunTime:0.000148s ]
INFO: Run Behavior\ParseTemplateBehavior [ RunTime:0.011297s ]
INFO: [ view_parse ] --END-- [ RunTime:0.011363s ]
INFO: [ view_filter ] --START--
INFO: Run Behavior\WriteHtmlCacheBehavior [ RunTime:0.000434s ]
INFO: [ view_filter ] --END-- [ RunTime:0.000477s ]
INFO: [ app_end ] --START--
INFO: Run Behavior\ShowPageTraceBehavior [ RunTime:0.000835s ]
INFO: [ app_end ] --END-- [ RunTime:0.000907s ]

[ 2015-07-10T22:31:20+08:00 ] ::1 /hometownMarket/index.php/Admin/User/NotChecked.html
INFO: [ app_init ] --START--
INFO: Run Behavior\BuildLiteBehavior [ RunTime:0.000013s ]
INFO: [ app_init ] --END-- [ RunTime:0.000356s ]
INFO: [ app_begin ] --START--
INFO: Run Behavior\ReadHtmlCacheBehavior [ RunTime:0.000449s ]
INFO: [ app_begin ] --END-- [ RunTime:0.000502s ]
SQL: SHOW COLUMNS FROM `tt_members` [ RunTime:0.0046s ]
SQL: SELECT * FROM `tt_members` WHERE ( members_visitset='1' ) ORDER BY members_joindate DESC LIMIT 0,10   [ RunTime:0.0008s ]
SQL: SELECT COUNT(*) AS tp_count FROM `tt_members` WHERE ( members_visitset='1' ) LIMIT 1   [ RunTime:0.0003s ]
INFO: [ view_parse ] --START--
INFO: [ template_filter ] --START--
INFO: Run Behavior\ContentReplaceBehavior [ RunTime:0.000088s ]
INFO: [ template_filter ] --END-- [ RunTime:0.000147s ]
INFO: Run Behavior\ParseTemplateBehavior [ RunTime:0.010796s ]
INFO: [ view_parse ] --END-- [ RunTime:0.010864s ]
INFO: [ view_filter ] --START--
INFO: Run Behavior\WriteHtmlCacheBehavior [ RunTime:0.000433s ]
INFO: [ view_filter ] --END-- [ RunTime:0.000478s ]
INFO: [ app_end ] --START--
INFO: Run Behavior\ShowPageTraceBehavior [ RunTime:0.000828s ]
INFO: [ app_end ] --END-- [ RunTime:0.000898s ]

[ 2015-07-10T22:31:22+08:00 ] ::1 /hometownMarket/index.php/Admin/User/failedChecked.html
INFO: [ app_init ] --START--
INFO: Run Behavior\BuildLiteBehavior [ RunTime:0.000014s ]
INFO: [ app_init ] --END-- [ RunTime:0.000362s ]
INFO: [ app_begin ] --START--
INFO: Run Behavior\ReadHtmlCacheBehavior [ RunTime:0.000499s ]
INFO: [ app_begin ] --END-- [ RunTime:0.000554s ]
SQL: SHOW COLUMNS FROM `tt_members` [ RunTime:0.0042s ]
SQL: SELECT * FROM `tt_members` WHERE ( members_visitset='2' ) ORDER BY members_joindate DESC LIMIT 0,10   [ RunTime:0.0005s ]
SQL: SELECT COUNT(*) AS tp_count FROM `tt_members` WHERE ( members_visitset='2' ) LIMIT 1   [ RunTime:0.0002s ]
INFO: [ view_parse ] --START--
INFO: [ template_filter ] --START--
INFO: Run Behavior\ContentReplaceBehavior [ RunTime:0.000085s ]
INFO: [ template_filter ] --END-- [ RunTime:0.000144s ]
INFO: Run Behavior\ParseTemplateBehavior [ RunTime:0.011248s ]
INFO: [ view_parse ] --END-- [ RunTime:0.011333s ]
INFO: [ view_filter ] --START--
INFO: Run Behavior\WriteHtmlCacheBehavior [ RunTime:0.000449s ]
INFO: [ view_filter ] --END-- [ RunTime:0.000494s ]
INFO: [ app_end ] --START--
INFO: Run Behavior\ShowPageTraceBehavior [ RunTime:0.000849s ]
INFO: [ app_end ] --END-- [ RunTime:0.000983s ]

[ 2015-07-10T22:31:26+08:00 ] ::1 /hometownMarket/index.php/Admin/User/ForbiddenUser.html
INFO: [ app_init ] --START--
INFO: Run Behavior\BuildLiteBehavior [ RunTime:0.000024s ]
INFO: [ app_init ] --END-- [ RunTime:0.000680s ]
INFO: [ app_begin ] --START--
INFO: Run Behavior\ReadHtmlCacheBehavior [ RunTime:0.000507s ]
INFO: [ app_begin ] --END-- [ RunTime:0.000578s ]
SQL: SHOW COLUMNS FROM `tt_members` [ RunTime:0.0059s ]
SQL: SELECT * FROM `tt_members` WHERE ( members_visitset='3' ) ORDER BY members_joindate DESC LIMIT 0,10   [ RunTime:0.0005s ]
SQL: SELECT COUNT(*) AS tp_count FROM `tt_members` WHERE ( members_visitset='3' ) LIMIT 1   [ RunTime:0.0003s ]
INFO: [ view_parse ] --START--
INFO: [ template_filter ] --START--
INFO: Run Behavior\ContentReplaceBehavior [ RunTime:0.000086s ]
INFO: [ template_filter ] --END-- [ RunTime:0.000148s ]
INFO: Run Behavior\ParseTemplateBehavior [ RunTime:0.011246s ]
INFO: [ view_parse ] --END-- [ RunTime:0.011358s ]
INFO: [ view_filter ] --START--
INFO: Run Behavior\WriteHtmlCacheBehavior [ RunTime:0.000775s ]
INFO: [ view_filter ] --END-- [ RunTime:0.001011s ]
INFO: [ app_end ] --START--
INFO: Run Behavior\ShowPageTraceBehavior [ RunTime:0.000812s ]
INFO: [ app_end ] --END-- [ RunTime:0.000901s ]

[ 2015-07-10T22:31:28+08:00 ] ::1 /hometownMarket/index.php/Admin/User/ApplyForModify.html
INFO: [ app_init ] --START--
INFO: Run Behavior\BuildLiteBehavior [ RunTime:0.000015s ]
INFO: [ app_init ] --END-- [ RunTime:0.000378s ]
INFO: [ app_begin ] --START--
INFO: Run Behavior\ReadHtmlCacheBehavior [ RunTime:0.000711s ]
INFO: [ app_begin ] --END-- [ RunTime:0.000786s ]
INFO: [ view_parse ] --START--
INFO: [ template_filter ] --START--
INFO: Run Behavior\ContentReplaceBehavior [ RunTime:0.000086s ]
INFO: [ template_filter ] --END-- [ RunTime:0.000143s ]
NOTIC: [8] Undefined variable: users E:\xampp\htdocs\hometownMarket\Application\Runtime\Cache\Admin\7d3b88c9eaab60103aff949ac4e86ff6.php 第 122 行.
NOTIC: [8] Undefined variable: users E:\xampp\htdocs\hometownMarket\Application\Runtime\Cache\Admin\7d3b88c9eaab60103aff949ac4e86ff6.php 第 140 行.
INFO: Run Behavior\ParseTemplateBehavior [ RunTime:0.010034s ]
INFO: [ view_parse ] --END-- [ RunTime:0.010087s ]
INFO: [ view_filter ] --START--
INFO: Run Behavior\WriteHtmlCacheBehavior [ RunTime:0.000433s ]
INFO: [ view_filter ] --END-- [ RunTime:0.000475s ]
INFO: [ app_end ] --START--
INFO: Run Behavior\ShowPageTraceBehavior [ RunTime:0.000668s ]
INFO: [ app_end ] --END-- [ RunTime:0.000712s ]

[ 2015-07-10T22:31:29+08:00 ] ::1 /hometownMarket/index.php/Admin/User/checked.html
INFO: [ app_init ] --START--
INFO: Run Behavior\BuildLiteBehavior [ RunTime:0.000015s ]
INFO: [ app_init ] --END-- [ RunTime:0.000381s ]
INFO: [ app_begin ] --START--
INFO: Run Behavior\ReadHtmlCacheBehavior [ RunTime:0.000488s ]
INFO: [ app_begin ] --END-- [ RunTime:0.000541s ]
SQL: SHOW COLUMNS FROM `tt_members` [ RunTime:0.0043s ]
SQL: SELECT * FROM `tt_members` WHERE ( members_visitset='0' ) ORDER BY members_joindate DESC LIMIT 0,10   [ RunTime:0.0006s ]
SQL: SELECT COUNT(*) AS tp_count FROM `tt_members` WHERE ( members_visitset='0' ) LIMIT 1   [ RunTime:0.0003s ]
INFO: [ view_parse ] --START--
INFO: [ template_filter ] --START--
INFO: Run Behavior\ContentReplaceBehavior [ RunTime:0.000122s ]
INFO: [ template_filter ] --END-- [ RunTime:0.000180s ]
INFO: Run Behavior\ParseTemplateBehavior [ RunTime:0.011779s ]
INFO: [ view_parse ] --END-- [ RunTime:0.011849s ]
INFO: [ view_filter ] --START--
INFO: Run Behavior\WriteHtmlCacheBehavior [ RunTime:0.000472s ]
INFO: [ view_filter ] --END-- [ RunTime:0.000518s ]
INFO: [ app_end ] --START--
INFO: Run Behavior\ShowPageTraceBehavior [ RunTime:0.000806s ]
INFO: [ app_end ] --END-- [ RunTime:0.000874s ]

[ 2015-07-10T23:21:20+08:00 ] ::1 /hometownMarket/admin
INFO: [ app_init ] --START--
INFO: Run Behavior\BuildLiteBehavior [ RunTime:0.000025s ]
INFO: [ app_init ] --END-- [ RunTime:0.001045s ]
INFO: [ app_begin ] --START--
INFO: Run Behavior\ReadHtmlCacheBehavior [ RunTime:0.000996s ]
INFO: [ app_begin ] --END-- [ RunTime:0.001068s ]
SQL: SHOW COLUMNS FROM `tt_category` [ RunTime:0.0039s ]
SQL: SELECT `cate_class`,`cate_name`,`cate_pid` FROM `tt_category`  [ RunTime:0.0003s ]
INFO: [ view_parse ] --START--
INFO: [ template_filter ] --START--
INFO: Run Behavior\ContentReplaceBehavior [ RunTime:0.000198s ]
INFO: [ template_filter ] --END-- [ RunTime:0.000258s ]
NOTIC: [8] Use of undefined constant cate_class - assumed 'cate_class' E:\xampp\htdocs\hometownMarket\Application\Runtime\Cache\Admin\b595b808c2ebeeeb0478ffc30bb4e87a.php 第 139 行.
NOTIC: [8] Use of undefined constant cate_class - assumed 'cate_class' E:\xampp\htdocs\hometownMarket\Application\Runtime\Cache\Admin\b595b808c2ebeeeb0478ffc30bb4e87a.php 第 139 行.
NOTIC: [8] Use of undefined constant cate_class - assumed 'cate_class' E:\xampp\htdocs\hometownMarket\Application\Runtime\Cache\Admin\b595b808c2ebeeeb0478ffc30bb4e87a.php 第 139 行.
NOTIC: [8] Use of undefined constant cate_class - assumed 'cate_class' E:\xampp\htdocs\hometownMarket\Application\Runtime\Cache\Admin\b595b808c2ebeeeb0478ffc30bb4e87a.php 第 139 行.
NOTIC: [8] Use of undefined constant cate_class - assumed 'cate_class' E:\xampp\htdocs\hometownMarket\Application\Runtime\Cache\Admin\b595b808c2ebeeeb0478ffc30bb4e87a.php 第 146 行.
NOTIC: [8] Use of undefined constant cate_class - assumed 'cate_class' E:\xampp\htdocs\hometownMarket\Application\Runtime\Cache\Admin\b595b808c2ebeeeb0478ffc30bb4e87a.php 第 153 行.
NOTIC: [8] Use of undefined constant cate_class - assumed 'cate_class' E:\xampp\htdocs\hometownMarket\Application\Runtime\Cache\Admin\b595b808c2ebeeeb0478ffc30bb4e87a.php 第 160 行.
NOTIC: [8] Use of undefined constant cate_class - assumed 'cate_class' E:\xampp\htdocs\hometownMarket\Application\Runtime\Cache\Admin\b595b808c2ebeeeb0478ffc30bb4e87a.php 第 167 行.
NOTIC: [8] Use of undefined constant cate_class - assumed 'cate_class' E:\xampp\htdocs\hometownMarket\Application\Runtime\Cache\Admin\b595b808c2ebeeeb0478ffc30bb4e87a.php 第 174 行.
NOTIC: [8] Use of undefined constant cate_class - assumed 'cate_class' E:\xampp\htdocs\hometownMarket\Application\Runtime\Cache\Admin\b595b808c2ebeeeb0478ffc30bb4e87a.php 第 174 行.
NOTIC: [8] Use of undefined constant cate_class - assumed 'cate_class' E:\xampp\htdocs\hometownMarket\Application\Runtime\Cache\Admin\b595b808c2ebeeeb0478ffc30bb4e87a.php 第 181 行.
NOTIC: [8] Use of undefined constant cate_class - assumed 'cate_class' E:\xampp\htdocs\hometownMarket\Application\Runtime\Cache\Admin\b595b808c2ebeeeb0478ffc30bb4e87a.php 第 139 行.
NOTIC: [8] Use of undefined constant cate_class - assumed 'cate_class' E:\xampp\htdocs\hometownMarket\Application\Runtime\Cache\Admin\b595b808c2ebeeeb0478ffc30bb4e87a.php 第 139 行.
NOTIC: [8] Use of undefined constant cate_class - assumed 'cate_class' E:\xampp\htdocs\hometownMarket\Application\Runtime\Cache\Admin\b595b808c2ebeeeb0478ffc30bb4e87a.php 第 139 行.
NOTIC: [8] Use of undefined constant cate_class - assumed 'cate_class' E:\xampp\htdocs\hometownMarket\Application\Runtime\Cache\Admin\b595b808c2ebeeeb0478ffc30bb4e87a.php 第 139 行.
NOTIC: [8] Use of undefined constant cate_class - assumed 'cate_class' E:\xampp\htdocs\hometownMarket\Application\Runtime\Cache\Admin\b595b808c2ebeeeb0478ffc30bb4e87a.php 第 146 行.
NOTIC: [8] Use of undefined constant cate_class - assumed 'cate_class' E:\xampp\htdocs\hometownMarket\Application\Runtime\Cache\Admin\b595b808c2ebeeeb0478ffc30bb4e87a.php 第 153 行.
NOTIC: [8] Use of undefined constant cate_class - assumed 'cate_class' E:\xampp\htdocs\hometownMarket\Application\Runtime\Cache\Admin\b595b808c2ebeeeb0478ffc30bb4e87a.php 第 160 行.
NOTIC: [8] Use of undefined constant cate_class - assumed 'cate_class' E:\xampp\htdocs\hometownMarket\Application\Runtime\Cache\Admin\b595b808c2ebeeeb0478ffc30bb4e87a.php 第 167 行.
NOTIC: [8] Use of undefined constant cate_class - assumed 'cate_class' E:\xampp\htdocs\hometownMarket\Application\Runtime\Cache\Admin\b595b808c2ebeeeb0478ffc30bb4e87a.php 第 174 行.
NOTIC: [8] Use of undefined constant cate_class - assumed 'cate_class' E:\xampp\htdocs\hometownMarket\Application\Runtime\Cache\Admin\b595b808c2ebeeeb0478ffc30bb4e87a.php 第 174 行.
NOTIC: [8] Use of undefined constant cate_class - assumed 'cate_class' E:\xampp\htdocs\hometownMarket\Application\Runtime\Cache\Admin\b595b808c2ebeeeb0478ffc30bb4e87a.php 第 181 行.
NOTIC: [8] Use of undefined constant cate_class - assumed 'cate_class' E:\xampp\htdocs\hometownMarket\Application\Runtime\Cache\Admin\b595b808c2ebeeeb0478ffc30bb4e87a.php 第 139 行.
NOTIC: [8] Use of undefined constant cate_class - assumed 'cate_class' E:\xampp\htdocs\hometownMarket\Application\Runtime\Cache\Admin\b595b808c2ebeeeb0478ffc30bb4e87a.php 第 139 行.
NOTIC: [8] Use of undefined constant cate_class - assumed 'cate_class' E:\xampp\htdocs\hometownMarket\Application\Runtime\Cache\Admin\b595b808c2ebeeeb0478ffc30bb4e87a.php 第 139 行.
NOTIC: [8] Use of undefined constant cate_class - assumed 'cate_class' E:\xampp\htdocs\hometownMarket\Application\Runtime\Cache\Admin\b595b808c2ebeeeb0478ffc30bb4e87a.php 第 139 行.
NOTIC: [8] Use of undefined constant cate_class - assumed 'cate_class' E:\xampp\htdocs\hometownMarket\Application\Runtime\Cache\Admin\b595b808c2ebeeeb0478ffc30bb4e87a.php 第 146 行.
NOTIC: [8] Use of undefined constant cate_class - assumed 'cate_class' E:\xampp\htdocs\hometownMarket\Application\Runtime\Cache\Admin\b595b808c2ebeeeb0478ffc30bb4e87a.php 第 153 行.
NOTIC: [8] Use of undefined constant cate_class - assumed 'cate_class' E:\xampp\htdocs\hometownMarket\Application\Runtime\Cache\Admin\b595b808c2ebeeeb0478ffc30bb4e87a.php 第 160 行.
NOTIC: [8] Use of undefined constant cate_class - assumed 'cate_class' E:\xampp\htdocs\hometownMarket\Application\Runtime\Cache\Admin\b595b808c2ebeeeb0478ffc30bb4e87a.php 第 167 行.
NOTIC: [8] Use of undefined constant cate_class - assumed 'cate_class' E:\xampp\htdocs\hometownMarket\Application\Runtime\Cache\Admin\b595b808c2ebeeeb0478ffc30bb4e87a.php 第 174 行.
NOTIC: [8] Use of undefined constant cate_class - assumed 'cate_class' E:\xampp\htdocs\hometownMarket\Application\Runtime\Cache\Admin\b595b808c2ebeeeb0478ffc30bb4e87a.php 第 174 行.
NOTIC: [8] Use of undefined constant cate_class - assumed 'cate_class' E:\xampp\htdocs\hometownMarket\Application\Runtime\Cache\Admin\b595b808c2ebeeeb0478ffc30bb4e87a.php 第 181 行.
NOTIC: [8] Use of undefined constant cate_class - assumed 'cate_class' E:\xampp\htdocs\hometownMarket\Application\Runtime\Cache\Admin\b595b808c2ebeeeb0478ffc30bb4e87a.php 第 139 行.
NOTIC: [8] Use of undefined constant cate_class - assumed 'cate_class' E:\xampp\htdocs\hometownMarket\Application\Runtime\Cache\Admin\b595b808c2ebeeeb0478ffc30bb4e87a.php 第 139 行.
NOTIC: [8] Use of undefined constant cate_class - assumed 'cate_class' E:\xampp\htdocs\hometownMarket\Application\Runtime\Cache\Admin\b595b808c2ebeeeb0478ffc30bb4e87a.php 第 139 行.
NOTIC: [8] Use of undefined constant cate_class - assumed 'cate_class' E:\xampp\htdocs\hometownMarket\Application\Runtime\Cache\Admin\b595b808c2ebeeeb0478ffc30bb4e87a.php 第 139 行.
NOTIC: [8] Use of undefined constant cate_class - assumed 'cate_class' E:\xampp\htdocs\hometownMarket\Application\Runtime\Cache\Admin\b595b808c2ebeeeb0478ffc30bb4e87a.php 第 146 行.
NOTIC: [8] Use of undefined constant cate_class - assumed 'cate_class' E:\xampp\htdocs\hometownMarket\Application\Runtime\Cache\Admin\b595b808c2ebeeeb0478ffc30bb4e87a.php 第 153 行.
NOTIC: [8] Use of undefined constant cate_class - assumed 'cate_class' E:\xampp\htdocs\hometownMarket\Application\Runtime\Cache\Admin\b595b808c2ebeeeb0478ffc30bb4e87a.php 第 160 行.
NOTIC: [8] Use of undefined constant cate_class - assumed 'cate_class' E:\xampp\htdocs\hometownMarket\Application\Runtime\Cache\Admin\b595b808c2ebeeeb0478ffc30bb4e87a.php 第 167 行.
NOTIC: [8] Use of undefined constant cate_class - assumed 'cate_class' E:\xampp\htdocs\hometownMarket\Application\Runtime\Cache\Admin\b595b808c2ebeeeb0478ffc30bb4e87a.php 第 174 行.
NOTIC: [8] Use of undefined constant cate_class - assumed 'cate_class' E:\xampp\htdocs\hometownMarket\Application\Runtime\Cache\Admin\b595b808c2ebeeeb0478ffc30bb4e87a.php 第 174 行.
NOTIC: [8] Use of undefined constant cate_class - assumed 'cate_class' E:\xampp\htdocs\hometownMarket\Application\Runtime\Cache\Admin\b595b808c2ebeeeb0478ffc30bb4e87a.php 第 181 行.
NOTIC: [8] Use of undefined constant cate_class - assumed 'cate_class' E:\xampp\htdocs\hometownMarket\Application\Runtime\Cache\Admin\b595b808c2ebeeeb0478ffc30bb4e87a.php 第 139 行.
NOTIC: [8] Use of undefined constant cate_class - assumed 'cate_class' E:\xampp\htdocs\hometownMarket\Application\Runtime\Cache\Admin\b595b808c2ebeeeb0478ffc30bb4e87a.php 第 139 行.
NOTIC: [8] Use of undefined constant cate_class - assumed 'cate_class' E:\xampp\htdocs\hometownMarket\Application\Runtime\Cache\Admin\b595b808c2ebeeeb0478ffc30bb4e87a.php 第 139 行.
NOTIC: [8] Use of undefined constant cate_class - assumed 'cate_class' E:\xampp\htdocs\hometownMarket\Application\Runtime\Cache\Admin\b595b808c2ebeeeb0478ffc30bb4e87a.php 第 139 行.
NOTIC: [8] Use of undefined constant cate_class - assumed 'cate_class' E:\xampp\htdocs\hometownMarket\Application\Runtime\Cache\Admin\b595b808c2ebeeeb0478ffc30bb4e87a.php 第 146 行.
NOTIC: [8] Use of undefined constant cate_class - assumed 'cate_class' E:\xampp\htdocs\hometownMarket\Application\Runtime\Cache\Admin\b595b808c2ebeeeb0478ffc30bb4e87a.php 第 153 行.
NOTIC: [8] Use of undefined constant cate_class - assumed 'cate_class' E:\xampp\htdocs\hometownMarket\Application\Runtime\Cache\Admin\b595b808c2ebeeeb0478ffc30bb4e87a.php 第 160 行.
NOTIC: [8] Use of undefined constant cate_class - assumed 'cate_class' E:\xampp\htdocs\hometownMarket\Application\Runtime\Cache\Admin\b595b808c2ebeeeb0478ffc30bb4e87a.php 第 167 行.
NOTIC: [8] Use of undefined constant cate_class - assumed 'cate_class' E:\xampp\htdocs\hometownMarket\Application\Runtime\Cache\Admin\b595b808c2ebeeeb0478ffc30bb4e87a.php 第 174 行.
NOTIC: [8] Use of undefined constant cate_class - assumed 'cate_class' E:\xampp\htdocs\hometownMarket\Application\Runtime\Cache\Admin\b595b808c2ebeeeb0478ffc30bb4e87a.php 第 174 行.
NOTIC: [8] Use of undefined constant cate_class - assumed 'cate_class' E:\xampp\htdocs\hometownMarket\Application\Runtime\Cache\Admin\b595b808c2ebeeeb0478ffc30bb4e87a.php 第 181 行.
NOTIC: [8] Use of undefined constant cate_class - assumed 'cate_class' E:\xampp\htdocs\hometownMarket\Application\Runtime\Cache\Admin\b595b808c2ebeeeb0478ffc30bb4e87a.php 第 139 行.
NOTIC: [8] Use of undefined constant cate_class - assumed 'cate_class' E:\xampp\htdocs\hometownMarket\Application\Runtime\Cache\Admin\b595b808c2ebeeeb0478ffc30bb4e87a.php 第 139 行.
NOTIC: [8] Use of undefined constant cate_class - assumed 'cate_class' E:\xampp\htdocs\hometownMarket\Application\Runtime\Cache\Admin\b595b808c2ebeeeb0478ffc30bb4e87a.php 第 139 行.
NOTIC: [8] Use of undefined constant cate_class - assumed 'cate_class' E:\xampp\htdocs\hometownMarket\Application\Runtime\Cache\Admin\b595b808c2ebeeeb0478ffc30bb4e87a.php 第 139 行.
NOTIC: [8] Use of undefined constant cate_class - assumed 'cate_class' E:\xampp\htdocs\hometownMarket\Application\Runtime\Cache\Admin\b595b808c2ebeeeb0478ffc30bb4e87a.php 第 146 行.
NOTIC: [8] Use of undefined constant cate_class - assumed 'cate_class' E:\xampp\htdocs\hometownMarket\Application\Runtime\Cache\Admin\b595b808c2ebeeeb0478ffc30bb4e87a.php 第 153 行.
NOTIC: [8] Use of undefined constant cate_class - assumed 'cate_class' E:\xampp\htdocs\hometownMarket\Application\Runtime\Cache\Admin\b595b808c2ebeeeb0478ffc30bb4e87a.php 第 160 行.
NOTIC: [8] Use of undefined constant cate_class - assumed 'cate_class' E:\xampp\htdocs\hometownMarket\Application\Runtime\Cache\Admin\b595b808c2ebeeeb0478ffc30bb4e87a.php 第 167 行.
NOTIC: [8] Use of undefined constant cate_class - assumed 'cate_class' E:\xampp\htdocs\hometownMarket\Application\Runtime\Cache\Admin\b595b808c2ebeeeb0478ffc30bb4e87a.php 第 174 行.
NOTIC: [8] Use of undefined constant cate_class - assumed 'cate_class' E:\xampp\htdocs\hometownMarket\Application\Runtime\Cache\Admin\b595b808c2ebeeeb0478ffc30bb4e87a.php 第 174 行.
NOTIC: [8] Use of undefined constant cate_class - assumed 'cate_class' E:\xampp\htdocs\hometownMarket\Application\Runtime\Cache\Admin\b595b808c2ebeeeb0478ffc30bb4e87a.php 第 181 行.
NOTIC: [8] Use of undefined constant cate_class - assumed 'cate_class' E:\xampp\htdocs\hometownMarket\Application\Runtime\Cache\Admin\b595b808c2ebeeeb0478ffc30bb4e87a.php 第 139 行.
NOTIC: [8] Use of undefined constant cate_class - assumed 'cate_class' E:\xampp\htdocs\hometownMarket\Application\Runtime\Cache\Admin\b595b808c2ebeeeb0478ffc30bb4e87a.php 第 139 行.
NOTIC: [8] Use of undefined constant cate_class - assumed 'cate_class' E:\xampp\htdocs\hometownMarket\Application\Runtime\Cache\Admin\b595b808c2ebeeeb0478ffc30bb4e87a.php 第 139 行.
NOTIC: [8] Use of undefined constant cate_class - assumed 'cate_class' E:\xampp\htdocs\hometownMarket\Application\Runtime\Cache\Admin\b595b808c2ebeeeb0478ffc30bb4e87a.php 第 139 行.
NOTIC: [8] Use of undefined constant cate_class - assumed 'cate_class' E:\xampp\htdocs\hometownMarket\Application\Runtime\Cache\Admin\b595b808c2ebeeeb0478ffc30bb4e87a.php 第 146 行.
NOTIC: [8] Use of undefined constant cate_class - assumed 'cate_class' E:\xampp\htdocs\hometownMarket\Application\Runtime\Cache\Admin\b595b808c2ebeeeb0478ffc30bb4e87a.php 第 153 行.
NOTIC: [8] Use of undefined constant cate_class - assumed 'cate_class' E:\xampp\htdocs\hometownMarket\Application\Runtime\Cache\Admin\b595b808c2ebeeeb0478ffc30bb4e87a.php 第 160 行.
NOTIC: [8] Use of undefined constant cate_class - assumed 'cate_class' E:\xampp\htdocs\hometownMarket\Application\Runtime\Cache\Admin\b595b808c2ebeeeb0478ffc30bb4e87a.php 第 167 行.
NOTIC: [8] Use of undefined constant cate_class - assumed 'cate_class' E:\xampp\htdocs\hometownMarket\Application\Runtime\Cache\Admin\b595b808c2ebeeeb0478ffc30bb4e87a.php 第 174 行.
NOTIC: [8] Use of undefined constant cate_class - assumed 'cate_class' E:\xampp\htdocs\hometownMarket\Application\Runtime\Cache\Admin\b595b808c2ebeeeb0478ffc30bb4e87a.php 第 174 行.
NOTIC: [8] Use of undefined constant cate_class - assumed 'cate_class' E:\xampp\htdocs\hometownMarket\Application\Runtime\Cache\Admin\b595b808c2ebeeeb0478ffc30bb4e87a.php 第 181 行.
NOTIC: [8] Undefined index: secondgoods_id E:\xampp\htdocs\hometownMarket\Application\Runtime\Cache\Admin\b595b808c2ebeeeb0478ffc30bb4e87a.php 第 270 行.
INFO: Run Behavior\ParseTemplateBehavior [ RunTime:0.025953s ]
INFO: [ view_parse ] --END-- [ RunTime:0.026018s ]
INFO: [ view_filter ] --START--
INFO: Run Behavior\WriteHtmlCacheBehavior [ RunTime:0.000696s ]
INFO: [ view_filter ] --END-- [ RunTime:0.000740s ]
INFO: [ app_end ] --START--
INFO: Run Behavior\ShowPageTraceBehavior [ RunTime:0.001106s ]
INFO: [ app_end ] --END-- [ RunTime:0.001179s ]

[ 2015-07-10T23:21:20+08:00 ] ::1 /hometownMarket/index.php/Admin/Index/verify_c.html
INFO: [ app_init ] --START--
INFO: Run Behavior\BuildLiteBehavior [ RunTime:0.000021s ]
INFO: [ app_init ] --END-- [ RunTime:0.000587s ]
INFO: [ app_begin ] --START--
INFO: Run Behavior\ReadHtmlCacheBehavior [ RunTime:0.000584s ]
INFO: [ app_begin ] --END-- [ RunTime:0.000659s ]
INFO: [ app_end ] --START--
INFO: Run Behavior\ShowPageTraceBehavior [ RunTime:0.000685s ]
INFO: [ app_end ] --END-- [ RunTime:0.000766s ]

[ 2015-07-10T23:21:44+08:00 ] ::1 /hometownMarket/index.php/Admin/Index/index.html
INFO: [ app_init ] --START--
INFO: Run Behavior\BuildLiteBehavior [ RunTime:0.000015s ]
INFO: [ app_init ] --END-- [ RunTime:0.000427s ]
INFO: [ app_begin ] --START--
INFO: Run Behavior\ReadHtmlCacheBehavior [ RunTime:0.000647s ]
INFO: [ app_begin ] --END-- [ RunTime:0.000711s ]
SQL: SHOW COLUMNS FROM `tt_admins` [ RunTime:0.0051s ]
NOTIC: [8] Use of undefined constant admins_name - assumed 'admins_name' E:\xampp\htdocs\hometownMarket\Application\Admin\Model\AdminsModel.class.php 第 16 行.
NOTIC: [8] Use of undefined constant admins_password - assumed 'admins_password' E:\xampp\htdocs\hometownMarket\Application\Admin\Model\AdminsModel.class.php 第 24 行.
NOTIC: [8] Use of undefined constant verify - assumed 'verify' E:\xampp\htdocs\hometownMarket\Application\Admin\Model\AdminsModel.class.php 第 31 行.
NOTIC: [8] Use of undefined constant verify - assumed 'verify' E:\xampp\htdocs\hometownMarket\Application\Admin\Model\AdminsModel.class.php 第 38 行.
NOTIC: [8] Use of undefined constant admins_name - assumed 'admins_name' E:\xampp\htdocs\hometownMarket\Application\Admin\Model\AdminsModel.class.php 第 46 行.
NOTIC: [8] Use of undefined constant admins_password - assumed 'admins_password' E:\xampp\htdocs\hometownMarket\Application\Admin\Model\AdminsModel.class.php 第 46 行.
SQL: SELECT * FROM `tt_admins` WHERE ( admins_name='HMT' AND admins_password='HMT' ) LIMIT 1   [ RunTime:0.0005s ]
SQL: SHOW COLUMNS FROM `tt_logging` [ RunTime:0.0040s ]
NOTIC: [8] Use of undefined constant logging_time - assumed 'logging_time' E:\xampp\htdocs\hometownMarket\Application\Admin\Model\LoggingModel.class.php 第 12 行.
NOTIC: [8] Use of undefined constant logging_ip - assumed 'logging_ip' E:\xampp\htdocs\hometownMarket\Application\Admin\Model\LoggingModel.class.php 第 13 行.
NOTIC: [8] Use of undefined constant logging_content - assumed 'logging_content' E:\xampp\htdocs\hometownMarket\Application\Admin\Model\LoggingModel.class.php 第 15 行.
NOTIC: [8] Use of undefined constant logging_ip - assumed 'logging_ip' E:\xampp\htdocs\hometownMarket\Application\Admin\Model\LoggingModel.class.php 第 15 行.
SQL: INSERT INTO `tt_logging` (`logging_time`,`logging_ip`,`logging_content`) VALUES ('1436541704','0','ip地址为::1的用户登陆后台') [ RunTime:0.0043s ]

[ 2015-07-10T23:21:46+08:00 ] ::1 /hometownMarket/index.php/Admin/Index/frontpage.html
INFO: [ app_init ] --START--
INFO: Run Behavior\BuildLiteBehavior [ RunTime:0.000019s ]
INFO: [ app_init ] --END-- [ RunTime:0.000514s ]
INFO: [ app_begin ] --START--
INFO: Run Behavior\ReadHtmlCacheBehavior [ RunTime:0.000636s ]
INFO: [ app_begin ] --END-- [ RunTime:0.000706s ]
SQL: SHOW COLUMNS FROM `tt_category` [ RunTime:0.0047s ]
SQL: SELECT `cate_class`,`cate_name`,`cate_pid` FROM `tt_category`  [ RunTime:0.0004s ]
SQL: SHOW COLUMNS FROM `tt_secondgoods` [ RunTime:0.0045s ]
SQL: SELECT * FROM `tt_secondgoods` WHERE ( secondgoods_tradetype='0' ) ORDER BY secondgoods_postdate DESC LIMIT 0,10   [ RunTime:0.0007s ]
SQL: SELECT COUNT(*) AS tp_count FROM `tt_secondgoods` WHERE ( secondgoods_tradetype='0' ) LIMIT 1   [ RunTime:0.0003s ]
SQL: SHOW COLUMNS FROM `tt_category` [ RunTime:0.0038s ]
SQL: SELECT `cate_name` FROM `tt_category` WHERE ( cate_class='10' ) LIMIT 1   [ RunTime:0.0003s ]
SQL: SELECT `cate_name` FROM `tt_category` WHERE ( cate_class='13' ) LIMIT 1   [ RunTime:0.0002s ]
SQL: SELECT `cate_name` FROM `tt_category` WHERE ( cate_class='8' ) LIMIT 1   [ RunTime:0.0002s ]
SQL: SELECT `cate_name` FROM `tt_category` WHERE ( cate_class='11' ) LIMIT 1   [ RunTime:0.0002s ]
SQL: SELECT `cate_name` FROM `tt_category` WHERE ( cate_class='16' ) LIMIT 1   [ RunTime:0.0002s ]
SQL: SELECT `cate_name` FROM `tt_category` WHERE ( cate_class='14' ) LIMIT 1   [ RunTime:0.0002s ]
SQL: SELECT `cate_name` FROM `tt_category` WHERE ( cate_class='13' ) LIMIT 1   [ RunTime:0.0002s ]
SQL: SELECT `cate_name` FROM `tt_category` WHERE ( cate_class='13' ) LIMIT 1   [ RunTime:0.0002s ]
SQL: SELECT `cate_name` FROM `tt_category` WHERE ( cate_class='8' ) LIMIT 1   [ RunTime:0.0002s ]
SQL: SELECT `cate_name` FROM `tt_category` WHERE ( cate_class='15' ) LIMIT 1   [ RunTime:0.0002s ]
SQL: SELECT * FROM `tt_secondgoods` WHERE ( secondgoods_tradetype='1' ) ORDER BY secondgoods_postdate DESC LIMIT 0,10   [ RunTime:0.0005s ]
SQL: SELECT COUNT(*) AS tp_count FROM `tt_secondgoods` WHERE ( secondgoods_tradetype='1' ) LIMIT 1   [ RunTime:0.0002s ]
SQL: SELECT `cate_name` FROM `tt_category` WHERE ( cate_class='17' ) LIMIT 1   [ RunTime:0.0002s ]
SQL: SELECT `cate_name` FROM `tt_category` WHERE ( cate_class='16' ) LIMIT 1   [ RunTime:0.0002s ]
SQL: SELECT `cate_name` FROM `tt_category` WHERE ( cate_class='9' ) LIMIT 1   [ RunTime:0.0002s ]
SQL: SELECT `cate_name` FROM `tt_category` WHERE ( cate_class='13' ) LIMIT 1   [ RunTime:0.0002s ]
SQL: SELECT `cate_name` FROM `tt_category` WHERE ( cate_class='15' ) LIMIT 1   [ RunTime:0.0002s ]
SQL: SELECT * FROM `tt_category` WHERE ( cate_pid <>'0' )  [ RunTime:0.0004s ]
INFO: [ view_parse ] --START--
INFO: [ template_filter ] --START--
INFO: Run Behavior\ContentReplaceBehavior [ RunTime:0.000190s ]
INFO: [ template_filter ] --END-- [ RunTime:0.000248s ]
NOTIC: [8] Use of undefined constant cate_class - assumed 'cate_class' E:\xampp\htdocs\hometownMarket\Application\Runtime\Cache\Admin\e108ecdbfd65ee1d6bf36aaa1a637131.php 第 180 行.
NOTIC: [8] Use of undefined constant cate_class - assumed 'cate_class' E:\xampp\htdocs\hometownMarket\Application\Runtime\Cache\Admin\e108ecdbfd65ee1d6bf36aaa1a637131.php 第 180 行.
NOTIC: [8] Use of undefined constant cate_class - assumed 'cate_class' E:\xampp\htdocs\hometownMarket\Application\Runtime\Cache\Admin\e108ecdbfd65ee1d6bf36aaa1a637131.php 第 180 行.
NOTIC: [8] Use of undefined constant cate_class - assumed 'cate_class' E:\xampp\htdocs\hometownMarket\Application\Runtime\Cache\Admin\e108ecdbfd65ee1d6bf36aaa1a637131.php 第 180 行.
NOTIC: [8] Use of undefined constant cate_class - assumed 'cate_class' E:\xampp\htdocs\hometownMarket\Application\Runtime\Cache\Admin\e108ecdbfd65ee1d6bf36aaa1a637131.php 第 187 行.
NOTIC: [8] Use of undefined constant cate_class - assumed 'cate_class' E:\xampp\htdocs\hometownMarket\Application\Runtime\Cache\Admin\e108ecdbfd65ee1d6bf36aaa1a637131.php 第 194 行.
NOTIC: [8] Use of undefined constant cate_class - assumed 'cate_class' E:\xampp\htdocs\hometownMarket\Application\Runtime\Cache\Admin\e108ecdbfd65ee1d6bf36aaa1a637131.php 第 201 行.
NOTIC: [8] Use of undefined constant cate_class - assumed 'cate_class' E:\xampp\htdocs\hometownMarket\Application\Runtime\Cache\Admin\e108ecdbfd65ee1d6bf36aaa1a637131.php 第 208 行.
NOTIC: [8] Use of undefined constant cate_class - assumed 'cate_class' E:\xampp\htdocs\hometownMarket\Application\Runtime\Cache\Admin\e108ecdbfd65ee1d6bf36aaa1a637131.php 第 215 行.
NOTIC: [8] Use of undefined constant cate_class - assumed 'cate_class' E:\xampp\htdocs\hometownMarket\Application\Runtime\Cache\Admin\e108ecdbfd65ee1d6bf36aaa1a637131.php 第 215 行.
NOTIC: [8] Use of undefined constant cate_class - assumed 'cate_class' E:\xampp\htdocs\hometownMarket\Application\Runtime\Cache\Admin\e108ecdbfd65ee1d6bf36aaa1a637131.php 第 222 行.
NOTIC: [8] Use of undefined constant cate_class - assumed 'cate_class' E:\xampp\htdocs\hometownMarket\Application\Runtime\Cache\Admin\e108ecdbfd65ee1d6bf36aaa1a637131.php 第 180 行.
NOTIC: [8] Use of undefined constant cate_class - assumed 'cate_class' E:\xampp\htdocs\hometownMarket\Application\Runtime\Cache\Admin\e108ecdbfd65ee1d6bf36aaa1a637131.php 第 180 行.
NOTIC: [8] Use of undefined constant cate_class - assumed 'cate_class' E:\xampp\htdocs\hometownMarket\Application\Runtime\Cache\Admin\e108ecdbfd65ee1d6bf36aaa1a637131.php 第 180 行.
NOTIC: [8] Use of undefined constant cate_class - assumed 'cate_class' E:\xampp\htdocs\hometownMarket\Application\Runtime\Cache\Admin\e108ecdbfd65ee1d6bf36aaa1a637131.php 第 180 行.
NOTIC: [8] Use of undefined constant cate_class - assumed 'cate_class' E:\xampp\htdocs\hometownMarket\Application\Runtime\Cache\Admin\e108ecdbfd65ee1d6bf36aaa1a637131.php 第 187 行.
NOTIC: [8] Use of undefined constant cate_class - assumed 'cate_class' E:\xampp\htdocs\hometownMarket\Application\Runtime\Cache\Admin\e108ecdbfd65ee1d6bf36aaa1a637131.php 第 194 行.
NOTIC: [8] Use of undefined constant cate_class - assumed 'cate_class' E:\xampp\htdocs\hometownMarket\Application\Runtime\Cache\Admin\e108ecdbfd65ee1d6bf36aaa1a637131.php 第 201 行.
NOTIC: [8] Use of undefined constant cate_class - assumed 'cate_class' E:\xampp\htdocs\hometownMarket\Application\Runtime\Cache\Admin\e108ecdbfd65ee1d6bf36aaa1a637131.php 第 208 行.
NOTIC: [8] Use of undefined constant cate_class - assumed 'cate_class' E:\xampp\htdocs\hometownMarket\Application\Runtime\Cache\Admin\e108ecdbfd65ee1d6bf36aaa1a637131.php 第 215 行.
NOTIC: [8] Use of undefined constant cate_class - assumed 'cate_class' E:\xampp\htdocs\hometownMarket\Application\Runtime\Cache\Admin\e108ecdbfd65ee1d6bf36aaa1a637131.php 第 215 行.
NOTIC: [8] Use of undefined constant cate_class - assumed 'cate_class' E:\xampp\htdocs\hometownMarket\Application\Runtime\Cache\Admin\e108ecdbfd65ee1d6bf36aaa1a637131.php 第 222 行.
NOTIC: [8] Use of undefined constant cate_class - assumed 'cate_class' E:\xampp\htdocs\hometownMarket\Application\Runtime\Cache\Admin\e108ecdbfd65ee1d6bf36aaa1a637131.php 第 180 行.
NOTIC: [8] Use of undefined constant cate_class - assumed 'cate_class' E:\xampp\htdocs\hometownMarket\Application\Runtime\Cache\Admin\e108ecdbfd65ee1d6bf36aaa1a637131.php 第 180 行.
NOTIC: [8] Use of undefined constant cate_class - assumed 'cate_class' E:\xampp\htdocs\hometownMarket\Application\Runtime\Cache\Admin\e108ecdbfd65ee1d6bf36aaa1a637131.php 第 180 行.
NOTIC: [8] Use of undefined constant cate_class - assumed 'cate_class' E:\xampp\htdocs\hometownMarket\Application\Runtime\Cache\Admin\e108ecdbfd65ee1d6bf36aaa1a637131.php 第 180 行.
NOTIC: [8] Use of undefined constant cate_class - assumed 'cate_class' E:\xampp\htdocs\hometownMarket\Application\Runtime\Cache\Admin\e108ecdbfd65ee1d6bf36aaa1a637131.php 第 187 行.
NOTIC: [8] Use of undefined constant cate_class - assumed 'cate_class' E:\xampp\htdocs\hometownMarket\Application\Runtime\Cache\Admin\e108ecdbfd65ee1d6bf36aaa1a637131.php 第 194 行.
NOTIC: [8] Use of undefined constant cate_class - assumed 'cate_class' E:\xampp\htdocs\hometownMarket\Application\Runtime\Cache\Admin\e108ecdbfd65ee1d6bf36aaa1a637131.php 第 201 行.
NOTIC: [8] Use of undefined constant cate_class - assumed 'cate_class' E:\xampp\htdocs\hometownMarket\Application\Runtime\Cache\Admin\e108ecdbfd65ee1d6bf36aaa1a637131.php 第 208 行.
NOTIC: [8] Use of undefined constant cate_class - assumed 'cate_class' E:\xampp\htdocs\hometownMarket\Application\Runtime\Cache\Admin\e108ecdbfd65ee1d6bf36aaa1a637131.php 第 215 行.
NOTIC: [8] Use of undefined constant cate_class - assumed 'cate_class' E:\xampp\htdocs\hometownMarket\Application\Runtime\Cache\Admin\e108ecdbfd65ee1d6bf36aaa1a637131.php 第 215 行.
NOTIC: [8] Use of undefined constant cate_class - assumed 'cate_class' E:\xampp\htdocs\hometownMarket\Application\Runtime\Cache\Admin\e108ecdbfd65ee1d6bf36aaa1a637131.php 第 222 行.
NOTIC: [8] Use of undefined constant cate_class - assumed 'cate_class' E:\xampp\htdocs\hometownMarket\Application\Runtime\Cache\Admin\e108ecdbfd65ee1d6bf36aaa1a637131.php 第 180 行.
NOTIC: [8] Use of undefined constant cate_class - assumed 'cate_class' E:\xampp\htdocs\hometownMarket\Application\Runtime\Cache\Admin\e108ecdbfd65ee1d6bf36aaa1a637131.php 第 180 行.
NOTIC: [8] Use of undefined constant cate_class - assumed 'cate_class' E:\xampp\htdocs\hometownMarket\Application\Runtime\Cache\Admin\e108ecdbfd65ee1d6bf36aaa1a637131.php 第 180 行.
NOTIC: [8] Use of undefined constant cate_class - assumed 'cate_class' E:\xampp\htdocs\hometownMarket\Application\Runtime\Cache\Admin\e108ecdbfd65ee1d6bf36aaa1a637131.php 第 180 行.
NOTIC: [8] Use of undefined constant cate_class - assumed 'cate_class' E:\xampp\htdocs\hometownMarket\Application\Runtime\Cache\Admin\e108ecdbfd65ee1d6bf36aaa1a637131.php 第 187 行.
NOTIC: [8] Use of undefined constant cate_class - assumed 'cate_class' E:\xampp\htdocs\hometownMarket\Application\Runtime\Cache\Admin\e108ecdbfd65ee1d6bf36aaa1a637131.php 第 194 行.
NOTIC: [8] Use of undefined constant cate_class - assumed 'cate_class' E:\xampp\htdocs\hometownMarket\Application\Runtime\Cache\Admin\e108ecdbfd65ee1d6bf36aaa1a637131.php 第 201 行.
NOTIC: [8] Use of undefined constant cate_class - assumed 'cate_class' E:\xampp\htdocs\hometownMarket\Application\Runtime\Cache\Admin\e108ecdbfd65ee1d6bf36aaa1a637131.php 第 208 行.
NOTIC: [8] Use of undefined constant cate_class - assumed 'cate_class' E:\xampp\htdocs\hometownMarket\Application\Runtime\Cache\Admin\e108ecdbfd65ee1d6bf36aaa1a637131.php 第 215 行.
NOTIC: [8] Use of undefined constant cate_class - assumed 'cate_class' E:\xampp\htdocs\hometownMarket\Application\Runtime\Cache\Admin\e108ecdbfd65ee1d6bf36aaa1a637131.php 第 215 行.
NOTIC: [8] Use of undefined constant cate_class - assumed 'cate_class' E:\xampp\htdocs\hometownMarket\Application\Runtime\Cache\Admin\e108ecdbfd65ee1d6bf36aaa1a637131.php 第 222 行.
NOTIC: [8] Use of undefined constant cate_class - assumed 'cate_class' E:\xampp\htdocs\hometownMarket\Application\Runtime\Cache\Admin\e108ecdbfd65ee1d6bf36aaa1a637131.php 第 180 行.
NOTIC: [8] Use of undefined constant cate_class - assumed 'cate_class' E:\xampp\htdocs\hometownMarket\Application\Runtime\Cache\Admin\e108ecdbfd65ee1d6bf36aaa1a637131.php 第 180 行.
NOTIC: [8] Use of undefined constant cate_class - assumed 'cate_class' E:\xampp\htdocs\hometownMarket\Application\Runtime\Cache\Admin\e108ecdbfd65ee1d6bf36aaa1a637131.php 第 180 行.
NOTIC: [8] Use of undefined constant cate_class - assumed 'cate_class' E:\xampp\htdocs\hometownMarket\Application\Runtime\Cache\Admin\e108ecdbfd65ee1d6bf36aaa1a637131.php 第 180 行.
NOTIC: [8] Use of undefined constant cate_class - assumed 'cate_class' E:\xampp\htdocs\hometownMarket\Application\Runtime\Cache\Admin\e108ecdbfd65ee1d6bf36aaa1a637131.php 第 187 行.
NOTIC: [8] Use of undefined constant cate_class - assumed 'cate_class' E:\xampp\htdocs\hometownMarket\Application\Runtime\Cache\Admin\e108ecdbfd65ee1d6bf36aaa1a637131.php 第 194 行.
NOTIC: [8] Use of undefined constant cate_class - assumed 'cate_class' E:\xampp\htdocs\hometownMarket\Application\Runtime\Cache\Admin\e108ecdbfd65ee1d6bf36aaa1a637131.php 第 201 行.
NOTIC: [8] Use of undefined constant cate_class - assumed 'cate_class' E:\xampp\htdocs\hometownMarket\Application\Runtime\Cache\Admin\e108ecdbfd65ee1d6bf36aaa1a637131.php 第 208 行.
NOTIC: [8] Use of undefined constant cate_class - assumed 'cate_class' E:\xampp\htdocs\hometownMarket\Application\Runtime\Cache\Admin\e108ecdbfd65ee1d6bf36aaa1a637131.php 第 215 行.
NOTIC: [8] Use of undefined constant cate_class - assumed 'cate_class' E:\xampp\htdocs\hometownMarket\Application\Runtime\Cache\Admin\e108ecdbfd65ee1d6bf36aaa1a637131.php 第 215 行.
NOTIC: [8] Use of undefined constant cate_class - assumed 'cate_class' E:\xampp\htdocs\hometownMarket\Application\Runtime\Cache\Admin\e108ecdbfd65ee1d6bf36aaa1a637131.php 第 222 行.
NOTIC: [8] Use of undefined constant cate_class - assumed 'cate_class' E:\xampp\htdocs\hometownMarket\Application\Runtime\Cache\Admin\e108ecdbfd65ee1d6bf36aaa1a637131.php 第 180 行.
NOTIC: [8] Use of undefined constant cate_class - assumed 'cate_class' E:\xampp\htdocs\hometownMarket\Application\Runtime\Cache\Admin\e108ecdbfd65ee1d6bf36aaa1a637131.php 第 180 行.
NOTIC: [8] Use of undefined constant cate_class - assumed 'cate_class' E:\xampp\htdocs\hometownMarket\Application\Runtime\Cache\Admin\e108ecdbfd65ee1d6bf36aaa1a637131.php 第 180 行.
NOTIC: [8] Use of undefined constant cate_class - assumed 'cate_class' E:\xampp\htdocs\hometownMarket\Application\Runtime\Cache\Admin\e108ecdbfd65ee1d6bf36aaa1a637131.php 第 180 行.
NOTIC: [8] Use of undefined constant cate_class - assumed 'cate_class' E:\xampp\htdocs\hometownMarket\Application\Runtime\Cache\Admin\e108ecdbfd65ee1d6bf36aaa1a637131.php 第 187 行.
NOTIC: [8] Use of undefined constant cate_class - assumed 'cate_class' E:\xampp\htdocs\hometownMarket\Application\Runtime\Cache\Admin\e108ecdbfd65ee1d6bf36aaa1a637131.php 第 194 行.
NOTIC: [8] Use of undefined constant cate_class - assumed 'cate_class' E:\xampp\htdocs\hometownMarket\Application\Runtime\Cache\Admin\e108ecdbfd65ee1d6bf36aaa1a637131.php 第 201 行.
NOTIC: [8] Use of undefined constant cate_class - assumed 'cate_class' E:\xampp\htdocs\hometownMarket\Application\Runtime\Cache\Admin\e108ecdbfd65ee1d6bf36aaa1a637131.php 第 208 行.
NOTIC: [8] Use of undefined constant cate_class - assumed 'cate_class' E:\xampp\htdocs\hometownMarket\Application\Runtime\Cache\Admin\e108ecdbfd65ee1d6bf36aaa1a637131.php 第 215 行.
NOTIC: [8] Use of undefined constant cate_class - assumed 'cate_class' E:\xampp\htdocs\hometownMarket\Application\Runtime\Cache\Admin\e108ecdbfd65ee1d6bf36aaa1a637131.php 第 215 行.
NOTIC: [8] Use of undefined constant cate_class - assumed 'cate_class' E:\xampp\htdocs\hometownMarket\Application\Runtime\Cache\Admin\e108ecdbfd65ee1d6bf36aaa1a637131.php 第 222 行.
NOTIC: [8] Use of undefined constant cate_class - assumed 'cate_class' E:\xampp\htdocs\hometownMarket\Application\Runtime\Cache\Admin\e108ecdbfd65ee1d6bf36aaa1a637131.php 第 180 行.
NOTIC: [8] Use of undefined constant cate_class - assumed 'cate_class' E:\xampp\htdocs\hometownMarket\Application\Runtime\Cache\Admin\e108ecdbfd65ee1d6bf36aaa1a637131.php 第 180 行.
NOTIC: [8] Use of undefined constant cate_class - assumed 'cate_class' E:\xampp\htdocs\hometownMarket\Application\Runtime\Cache\Admin\e108ecdbfd65ee1d6bf36aaa1a637131.php 第 180 行.
NOTIC: [8] Use of undefined constant cate_class - assumed 'cate_class' E:\xampp\htdocs\hometownMarket\Application\Runtime\Cache\Admin\e108ecdbfd65ee1d6bf36aaa1a637131.php 第 180 行.
NOTIC: [8] Use of undefined constant cate_class - assumed 'cate_class' E:\xampp\htdocs\hometownMarket\Application\Runtime\Cache\Admin\e108ecdbfd65ee1d6bf36aaa1a637131.php 第 187 行.
NOTIC: [8] Use of undefined constant cate_class - assumed 'cate_class' E:\xampp\htdocs\hometownMarket\Application\Runtime\Cache\Admin\e108ecdbfd65ee1d6bf36aaa1a637131.php 第 194 行.
NOTIC: [8] Use of undefined constant cate_class - assumed 'cate_class' E:\xampp\htdocs\hometownMarket\Application\Runtime\Cache\Admin\e108ecdbfd65ee1d6bf36aaa1a637131.php 第 201 行.
NOTIC: [8] Use of undefined constant cate_class - assumed 'cate_class' E:\xampp\htdocs\hometownMarket\Application\Runtime\Cache\Admin\e108ecdbfd65ee1d6bf36aaa1a637131.php 第 208 行.
NOTIC: [8] Use of undefined constant cate_class - assumed 'cate_class' E:\xampp\htdocs\hometownMarket\Application\Runtime\Cache\Admin\e108ecdbfd65ee1d6bf36aaa1a637131.php 第 215 行.
NOTIC: [8] Use of undefined constant cate_class - assumed 'cate_class' E:\xampp\htdocs\hometownMarket\Application\Runtime\Cache\Admin\e108ecdbfd65ee1d6bf36aaa1a637131.php 第 215 行.
NOTIC: [8] Use of undefined constant cate_class - assumed 'cate_class' E:\xampp\htdocs\hometownMarket\Application\Runtime\Cache\Admin\e108ecdbfd65ee1d6bf36aaa1a637131.php 第 222 行.
NOTIC: [8] Undefined index: secondgoods_id E:\xampp\htdocs\hometownMarket\Application\Runtime\Cache\Admin\e108ecdbfd65ee1d6bf36aaa1a637131.php 第 311 行.
INFO: Run Behavior\ParseTemplateBehavior [ RunTime:0.028723s ]
INFO: [ view_parse ] --END-- [ RunTime:0.028782s ]
INFO: [ view_filter ] --START--
INFO: Run Behavior\WriteHtmlCacheBehavior [ RunTime:0.000481s ]
INFO: [ view_filter ] --END-- [ RunTime:0.000523s ]
INFO: [ app_end ] --START--
INFO: Run Behavior\ShowPageTraceBehavior [ RunTime:0.001051s ]
INFO: [ app_end ] --END-- [ RunTime:0.001136s ]

[ 2015-07-10T23:21:51+08:00 ] ::1 /hometownMarket/index.php/Admin/User/notChecked.html
INFO: [ app_init ] --START--
INFO: Run Behavior\BuildLiteBehavior [ RunTime:0.000013s ]
INFO: [ app_init ] --END-- [ RunTime:0.000358s ]
INFO: [ app_begin ] --START--
INFO: Run Behavior\ReadHtmlCacheBehavior [ RunTime:0.000452s ]
INFO: [ app_begin ] --END-- [ RunTime:0.000502s ]
SQL: SHOW COLUMNS FROM `tt_members` [ RunTime:0.0042s ]
SQL: SELECT * FROM `tt_members` WHERE ( members_visitset='1' ) ORDER BY members_joindate DESC LIMIT 0,10   [ RunTime:0.0006s ]
SQL: SELECT COUNT(*) AS tp_count FROM `tt_members` WHERE ( members_visitset='1' ) LIMIT 1   [ RunTime:0.0002s ]
INFO: [ view_parse ] --START--
INFO: [ template_filter ] --START--
INFO: Run Behavior\ContentReplaceBehavior [ RunTime:0.000087s ]
INFO: [ template_filter ] --END-- [ RunTime:0.000146s ]
INFO: Run Behavior\ParseTemplateBehavior [ RunTime:0.011186s ]
INFO: [ view_parse ] --END-- [ RunTime:0.011249s ]
INFO: [ view_filter ] --START--
INFO: Run Behavior\WriteHtmlCacheBehavior [ RunTime:0.000276s ]
INFO: [ view_filter ] --END-- [ RunTime:0.000319s ]
INFO: [ app_end ] --START--
INFO: Run Behavior\ShowPageTraceBehavior [ RunTime:0.000556s ]
INFO: [ app_end ] --END-- [ RunTime:0.000619s ]

[ 2015-07-10T23:21:58+08:00 ] ::1 /hometownMarket/index.php/Admin/User/notChecked/p/2.html
INFO: [ app_init ] --START--
INFO: Run Behavior\BuildLiteBehavior [ RunTime:0.000014s ]
INFO: [ app_init ] --END-- [ RunTime:0.000355s ]
INFO: [ app_begin ] --START--
INFO: Run Behavior\ReadHtmlCacheBehavior [ RunTime:0.000452s ]
INFO: [ app_begin ] --END-- [ RunTime:0.000508s ]
SQL: SHOW COLUMNS FROM `tt_members` [ RunTime:0.0042s ]
SQL: SELECT * FROM `tt_members` WHERE ( members_visitset='1' ) ORDER BY members_joindate DESC LIMIT 10,10   [ RunTime:0.0005s ]
SQL: SELECT COUNT(*) AS tp_count FROM `tt_members` WHERE ( members_visitset='1' ) LIMIT 1   [ RunTime:0.0002s ]
INFO: [ view_parse ] --START--
INFO: [ template_filter ] --START--
INFO: Run Behavior\ContentReplaceBehavior [ RunTime:0.000085s ]
INFO: [ template_filter ] --END-- [ RunTime:0.000141s ]
INFO: Run Behavior\ParseTemplateBehavior [ RunTime:0.010113s ]
INFO: [ view_parse ] --END-- [ RunTime:0.010184s ]
INFO: [ view_filter ] --START--
INFO: Run Behavior\WriteHtmlCacheBehavior [ RunTime:0.000236s ]
INFO: [ view_filter ] --END-- [ RunTime:0.000278s ]
INFO: [ app_end ] --START--
INFO: Run Behavior\ShowPageTraceBehavior [ RunTime:0.000466s ]
INFO: [ app_end ] --END-- [ RunTime:0.000510s ]

[ 2015-07-10T23:22:00+08:00 ] ::1 /hometownMarket/index.php/Admin/User/notChecked/p/1.html
INFO: [ app_init ] --START--
INFO: Run Behavior\BuildLiteBehavior [ RunTime:0.000013s ]
INFO: [ app_init ] --END-- [ RunTime:0.000354s ]
INFO: [ app_begin ] --START--
INFO: Run Behavior\ReadHtmlCacheBehavior [ RunTime:0.000454s ]
INFO: [ app_begin ] --END-- [ RunTime:0.000508s ]
SQL: SHOW COLUMNS FROM `tt_members` [ RunTime:0.0043s ]
SQL: SELECT * FROM `tt_members` WHERE ( members_visitset='1' ) ORDER BY members_joindate DESC LIMIT 0,10   [ RunTime:0.0007s ]
SQL: SELECT COUNT(*) AS tp_count FROM `tt_members` WHERE ( members_visitset='1' ) LIMIT 1   [ RunTime:0.0002s ]
INFO: [ view_parse ] --START--
INFO: [ template_filter ] --START--
INFO: Run Behavior\ContentReplaceBehavior [ RunTime:0.000094s ]
INFO: [ template_filter ] --END-- [ RunTime:0.000156s ]
INFO: Run Behavior\ParseTemplateBehavior [ RunTime:0.010739s ]
INFO: [ view_parse ] --END-- [ RunTime:0.010801s ]
INFO: [ view_filter ] --START--
INFO: Run Behavior\WriteHtmlCacheBehavior [ RunTime:0.000257s ]
INFO: [ view_filter ] --END-- [ RunTime:0.000298s ]
INFO: [ app_end ] --START--
INFO: Run Behavior\ShowPageTraceBehavior [ RunTime:0.000580s ]
INFO: [ app_end ] --END-- [ RunTime:0.000644s ]

