[ 2015-07-12T08:59:53+08:00 ] ::1 /hometownMarket/index.php/Admin/User/checked.html
INFO: [ app_init ] --START--
INFO: Run Behavior\BuildLiteBehavior [ RunTime:0.000018s ]
INFO: [ app_init ] --END-- [ RunTime:0.000798s ]
INFO: [ app_begin ] --START--
INFO: Run Behavior\ReadHtmlCacheBehavior [ RunTime:0.001015s ]
INFO: [ app_begin ] --END-- [ RunTime:0.001073s ]
SQL: SHOW COLUMNS FROM `tt_members` [ RunTime:0.0048s ]
SQL: SELECT * FROM `tt_members` WHERE ( members_visitset='0' ) ORDER BY members_joindate DESC LIMIT 0,10   [ RunTime:0.0007s ]
SQL: SELECT COUNT(*) AS tp_count FROM `tt_members` WHERE ( members_visitset='0' ) LIMIT 1   [ RunTime:0.0004s ]
INFO: [ view_parse ] --START--
INFO: [ template_filter ] --START--
INFO: Run Behavior\ContentReplaceBehavior [ RunTime:0.000082s ]
INFO: [ template_filter ] --END-- [ RunTime:0.000139s ]
INFO: Run Behavior\ParseTemplateBehavior [ RunTime:0.012522s ]
INFO: [ view_parse ] --END-- [ RunTime:0.012581s ]
INFO: [ view_filter ] --START--
INFO: Run Behavior\WriteHtmlCacheBehavior [ RunTime:0.000625s ]
INFO: [ view_filter ] --END-- [ RunTime:0.000674s ]
INFO: [ app_end ] --START--
INFO: Run Behavior\ShowPageTraceBehavior [ RunTime:0.001253s ]
INFO: [ app_end ] --END-- [ RunTime:0.001353s ]

[ 2015-07-12T09:04:39+08:00 ] ::1 /hometownMarket/index.php/Admin/User/checked.html
INFO: [ app_init ] --START--
INFO: Run Behavior\BuildLiteBehavior [ RunTime:0.000040s ]
INFO: [ app_init ] --END-- [ RunTime:0.001300s ]
INFO: [ app_begin ] --START--
INFO: Run Behavior\ReadHtmlCacheBehavior [ RunTime:0.001820s ]
INFO: [ app_begin ] --END-- [ RunTime:0.001979s ]
SQL: SHOW COLUMNS FROM `tt_members` [ RunTime:0.0157s ]
SQL: SELECT * FROM `tt_members` WHERE ( members_visitset='0' ) ORDER BY members_joindate DESC LIMIT 0,10   [ RunTime:0.0015s ]
SQL: SELECT COUNT(*) AS tp_count FROM `tt_members` WHERE ( members_visitset='0' ) LIMIT 1   [ RunTime:0.0007s ]
INFO: [ view_parse ] --START--
INFO: [ template_filter ] --START--
INFO: Run Behavior\ContentReplaceBehavior [ RunTime:0.000244s ]
INFO: [ template_filter ] --END-- [ RunTime:0.000404s ]
INFO: Run Behavior\ParseTemplateBehavior [ RunTime:0.036158s ]
INFO: [ view_parse ] --END-- [ RunTime:0.036378s ]
INFO: [ view_filter ] --START--
INFO: Run Behavior\WriteHtmlCacheBehavior [ RunTime:0.001291s ]
INFO: [ view_filter ] --END-- [ RunTime:0.001423s ]
INFO: [ app_end ] --START--
INFO: Run Behavior\ShowPageTraceBehavior [ RunTime:0.003625s ]
INFO: [ app_end ] --END-- [ RunTime:0.003862s ]

[ 2015-07-12T09:04:41+08:00 ] ::1 /hometownMarket/index.php/Admin/User/NotChecked.html
INFO: [ app_init ] --START--
INFO: Run Behavior\BuildLiteBehavior [ RunTime:0.000064s ]
INFO: [ app_init ] --END-- [ RunTime:0.001579s ]
INFO: [ app_begin ] --START--
INFO: Run Behavior\ReadHtmlCacheBehavior [ RunTime:0.001805s ]
INFO: [ app_begin ] --END-- [ RunTime:0.001977s ]
SQL: SHOW COLUMNS FROM `tt_members` [ RunTime:0.0169s ]
SQL: SELECT * FROM `tt_members` WHERE ( members_visitset='1' ) ORDER BY members_joindate DESC LIMIT 0,10   [ RunTime:0.0027s ]
SQL: SELECT COUNT(*) AS tp_count FROM `tt_members` WHERE ( members_visitset='1' ) LIMIT 1   [ RunTime:0.0013s ]
INFO: [ view_parse ] --START--
INFO: [ template_filter ] --START--
INFO: Run Behavior\ContentReplaceBehavior [ RunTime:0.000449s ]
INFO: [ template_filter ] --END-- [ RunTime:0.000720s ]
INFO: Run Behavior\ParseTemplateBehavior [ RunTime:0.050503s ]
INFO: [ view_parse ] --END-- [ RunTime:0.050750s ]
INFO: [ view_filter ] --START--
INFO: Run Behavior\WriteHtmlCacheBehavior [ RunTime:0.001487s ]
INFO: [ view_filter ] --END-- [ RunTime:0.001705s ]
INFO: [ app_end ] --START--
INFO: Run Behavior\ShowPageTraceBehavior [ RunTime:0.011116s ]
INFO: [ app_end ] --END-- [ RunTime:0.011328s ]

[ 2015-07-12T09:04:45+08:00 ] ::1 /hometownMarket/index.php/Admin/User/NotChecked/p/2.html
INFO: [ app_init ] --START--
INFO: Run Behavior\BuildLiteBehavior [ RunTime:0.000047s ]
INFO: [ app_init ] --END-- [ RunTime:0.001695s ]
INFO: [ app_begin ] --START--
INFO: Run Behavior\ReadHtmlCacheBehavior [ RunTime:0.001448s ]
INFO: [ app_begin ] --END-- [ RunTime:0.001598s ]
SQL: SHOW COLUMNS FROM `tt_members` [ RunTime:0.0183s ]
SQL: SELECT * FROM `tt_members` WHERE ( members_visitset='1' ) ORDER BY members_joindate DESC LIMIT 10,10   [ RunTime:0.0018s ]
SQL: SELECT COUNT(*) AS tp_count FROM `tt_members` WHERE ( members_visitset='1' ) LIMIT 1   [ RunTime:0.0007s ]
INFO: [ view_parse ] --START--
INFO: [ template_filter ] --START--
INFO: Run Behavior\ContentReplaceBehavior [ RunTime:0.000249s ]
INFO: [ template_filter ] --END-- [ RunTime:0.000402s ]
INFO: Run Behavior\ParseTemplateBehavior [ RunTime:0.035179s ]
INFO: [ view_parse ] --END-- [ RunTime:0.035375s ]
INFO: [ view_filter ] --START--
INFO: Run Behavior\WriteHtmlCacheBehavior [ RunTime:0.001655s ]
INFO: [ view_filter ] --END-- [ RunTime:0.001879s ]
INFO: [ app_end ] --START--
INFO: Run Behavior\ShowPageTraceBehavior [ RunTime:0.002709s ]
INFO: [ app_end ] --END-- [ RunTime:0.003013s ]

[ 2015-07-12T09:10:53+08:00 ] ::1 /hometownMarket/index.php/Admin/User/NotChecked/p/1.html
INFO: [ app_init ] --START--
INFO: Run Behavior\BuildLiteBehavior [ RunTime:0.000075s ]
INFO: [ app_init ] --END-- [ RunTime:0.002424s ]
INFO: [ app_begin ] --START--
INFO: Run Behavior\ReadHtmlCacheBehavior [ RunTime:0.002131s ]
INFO: [ app_begin ] --END-- [ RunTime:0.002312s ]
SQL: SHOW COLUMNS FROM `tt_members` [ RunTime:0.0126s ]
SQL: SELECT * FROM `tt_members` WHERE ( members_visitset='1' ) ORDER BY members_joindate DESC LIMIT 0,10   [ RunTime:0.0021s ]
SQL: SELECT COUNT(*) AS tp_count FROM `tt_members` WHERE ( members_visitset='1' ) LIMIT 1   [ RunTime:0.0008s ]
INFO: [ view_parse ] --START--
INFO: [ template_filter ] --START--
INFO: Run Behavior\ContentReplaceBehavior [ RunTime:0.000253s ]
INFO: [ template_filter ] --END-- [ RunTime:0.000425s ]
INFO: Run Behavior\ParseTemplateBehavior [ RunTime:0.034917s ]
INFO: [ view_parse ] --END-- [ RunTime:0.035095s ]
INFO: [ view_filter ] --START--
INFO: Run Behavior\WriteHtmlCacheBehavior [ RunTime:0.001369s ]
INFO: [ view_filter ] --END-- [ RunTime:0.001513s ]
INFO: [ app_end ] --START--
INFO: Run Behavior\ShowPageTraceBehavior [ RunTime:0.003278s ]
INFO: [ app_end ] --END-- [ RunTime:0.003498s ]

[ 2015-07-12T12:23:40+08:00 ] ::1 /hometownMarket/index.php/Admin/User/NotChecked/p/1.html
INFO: [ app_init ] --START--
INFO: Run Behavior\BuildLiteBehavior [ RunTime:0.000045s ]
INFO: [ app_init ] --END-- [ RunTime:0.001707s ]
INFO: [ app_begin ] --START--
INFO: Run Behavior\ReadHtmlCacheBehavior [ RunTime:0.002487s ]
INFO: [ app_begin ] --END-- [ RunTime:0.002726s ]
SQL: SHOW COLUMNS FROM `tt_members` [ RunTime:0.0147s ]
SQL: SELECT * FROM `tt_members` WHERE ( members_visitset='1' ) ORDER BY members_joindate DESC LIMIT 0,10   [ RunTime:0.0020s ]
SQL: SELECT COUNT(*) AS tp_count FROM `tt_members` WHERE ( members_visitset='1' ) LIMIT 1   [ RunTime:0.0008s ]
INFO: [ view_parse ] --START--
INFO: [ template_filter ] --START--
INFO: Run Behavior\ContentReplaceBehavior [ RunTime:0.000271s ]
INFO: [ template_filter ] --END-- [ RunTime:0.000434s ]
INFO: Run Behavior\ParseTemplateBehavior [ RunTime:0.037486s ]
INFO: [ view_parse ] --END-- [ RunTime:0.037899s ]
INFO: [ view_filter ] --START--
INFO: Run Behavior\WriteHtmlCacheBehavior [ RunTime:0.001853s ]
INFO: [ view_filter ] --END-- [ RunTime:0.002053s ]
INFO: [ app_end ] --START--
INFO: Run Behavior\ShowPageTraceBehavior [ RunTime:0.006294s ]
INFO: [ app_end ] --END-- [ RunTime:0.006540s ]

[ 2015-07-12T18:21:15+08:00 ] ::1 /hometownMarket/admin
INFO: [ app_init ] --START--
INFO: Run Behavior\BuildLiteBehavior [ RunTime:0.000015s ]
INFO: [ app_init ] --END-- [ RunTime:0.000432s ]
INFO: [ app_begin ] --START--
INFO: Run Behavior\ReadHtmlCacheBehavior [ RunTime:0.000617s ]
INFO: [ app_begin ] --END-- [ RunTime:0.000675s ]
SQL: SHOW COLUMNS FROM `tt_category` [ RunTime:0.0037s ]
SQL: SELECT `cate_class`,`cate_name`,`cate_pid` FROM `tt_category`  [ RunTime:0.0004s ]
INFO: [ view_parse ] --START--
INFO: [ template_filter ] --START--
INFO: Run Behavior\ContentReplaceBehavior [ RunTime:0.000166s ]
INFO: [ template_filter ] --END-- [ RunTime:0.000224s ]
NOTIC: [8] Use of undefined constant cate_class - assumed 'cate_class' E:\xampp\htdocs\hometownMarket\Application\Runtime\Cache\Admin\b595b808c2ebeeeb0478ffc30bb4e87a.php 第 139 行.
NOTIC: [8] Use of undefined constant cate_class - assumed 'cate_class' E:\xampp\htdocs\hometownMarket\Application\Runtime\Cache\Admin\b595b808c2ebeeeb0478ffc30bb4e87a.php 第 139 行.
NOTIC: [8] Use of undefined constant cate_class - assumed 'cate_class' E:\xampp\htdocs\hometownMarket\Application\Runtime\Cache\Admin\b595b808c2ebeeeb0478ffc30bb4e87a.php 第 139 行.
NOTIC: [8] Use of undefined constant cate_class - assumed 'cate_class' E:\xampp\htdocs\hometownMarket\Application\Runtime\Cache\Admin\b595b808c2ebeeeb0478ffc30bb4e87a.php 第 139 行.
NOTIC: [8] Use of undefined constant cate_class - assumed 'cate_class' E:\xampp\htdocs\hometownMarket\Application\Runtime\Cache\Admin\b595b808c2ebeeeb0478ffc30bb4e87a.php 第 146 行.
NOTIC: [8] Use of undefined constant cate_class - assumed 'cate_class' E:\xampp\htdocs\hometownMarket\Application\Runtime\Cache\Admin\b595b808c2ebeeeb0478ffc30bb4e87a.php 第 153 行.
NOTIC: [8] Use of undefined constant cate_class - assumed 'cate_class' E:\xampp\htdocs\hometownMarket\Application\Runtime\Cache\Admin\b595b808c2ebeeeb0478ffc30bb4e87a.php 第 160 行.
NOTIC: [8] Use of undefined constant cate_class - assumed 'cate_class' E:\xampp\htdocs\hometownMarket\Application\Runtime\Cache\Admin\b595b808c2ebeeeb0478ffc30bb4e87a.php 第 167 行.
NOTIC: [8] Use of undefined constant cate_class - assumed 'cate_class' E:\xampp\htdocs\hometownMarket\Application\Runtime\Cache\Admin\b595b808c2ebeeeb0478ffc30bb4e87a.php 第 174 行.
NOTIC: [8] Use of undefined constant cate_class - assumed 'cate_class' E:\xampp\htdocs\hometownMarket\Application\Runtime\Cache\Admin\b595b808c2ebeeeb0478ffc30bb4e87a.php 第 174 行.
NOTIC: [8] Use of undefined constant cate_class - assumed 'cate_class' E:\xampp\htdocs\hometownMarket\Application\Runtime\Cache\Admin\b595b808c2ebeeeb0478ffc30bb4e87a.php 第 181 行.
NOTIC: [8] Use of undefined constant cate_class - assumed 'cate_class' E:\xampp\htdocs\hometownMarket\Application\Runtime\Cache\Admin\b595b808c2ebeeeb0478ffc30bb4e87a.php 第 139 行.
NOTIC: [8] Use of undefined constant cate_class - assumed 'cate_class' E:\xampp\htdocs\hometownMarket\Application\Runtime\Cache\Admin\b595b808c2ebeeeb0478ffc30bb4e87a.php 第 139 行.
NOTIC: [8] Use of undefined constant cate_class - assumed 'cate_class' E:\xampp\htdocs\hometownMarket\Application\Runtime\Cache\Admin\b595b808c2ebeeeb0478ffc30bb4e87a.php 第 139 行.
NOTIC: [8] Use of undefined constant cate_class - assumed 'cate_class' E:\xampp\htdocs\hometownMarket\Application\Runtime\Cache\Admin\b595b808c2ebeeeb0478ffc30bb4e87a.php 第 139 行.
NOTIC: [8] Use of undefined constant cate_class - assumed 'cate_class' E:\xampp\htdocs\hometownMarket\Application\Runtime\Cache\Admin\b595b808c2ebeeeb0478ffc30bb4e87a.php 第 146 行.
NOTIC: [8] Use of undefined constant cate_class - assumed 'cate_class' E:\xampp\htdocs\hometownMarket\Application\Runtime\Cache\Admin\b595b808c2ebeeeb0478ffc30bb4e87a.php 第 153 行.
NOTIC: [8] Use of undefined constant cate_class - assumed 'cate_class' E:\xampp\htdocs\hometownMarket\Application\Runtime\Cache\Admin\b595b808c2ebeeeb0478ffc30bb4e87a.php 第 160 行.
NOTIC: [8] Use of undefined constant cate_class - assumed 'cate_class' E:\xampp\htdocs\hometownMarket\Application\Runtime\Cache\Admin\b595b808c2ebeeeb0478ffc30bb4e87a.php 第 167 行.
NOTIC: [8] Use of undefined constant cate_class - assumed 'cate_class' E:\xampp\htdocs\hometownMarket\Application\Runtime\Cache\Admin\b595b808c2ebeeeb0478ffc30bb4e87a.php 第 174 行.
NOTIC: [8] Use of undefined constant cate_class - assumed 'cate_class' E:\xampp\htdocs\hometownMarket\Application\Runtime\Cache\Admin\b595b808c2ebeeeb0478ffc30bb4e87a.php 第 174 行.
NOTIC: [8] Use of undefined constant cate_class - assumed 'cate_class' E:\xampp\htdocs\hometownMarket\Application\Runtime\Cache\Admin\b595b808c2ebeeeb0478ffc30bb4e87a.php 第 181 行.
NOTIC: [8] Use of undefined constant cate_class - assumed 'cate_class' E:\xampp\htdocs\hometownMarket\Application\Runtime\Cache\Admin\b595b808c2ebeeeb0478ffc30bb4e87a.php 第 139 行.
NOTIC: [8] Use of undefined constant cate_class - assumed 'cate_class' E:\xampp\htdocs\hometownMarket\Application\Runtime\Cache\Admin\b595b808c2ebeeeb0478ffc30bb4e87a.php 第 139 行.
NOTIC: [8] Use of undefined constant cate_class - assumed 'cate_class' E:\xampp\htdocs\hometownMarket\Application\Runtime\Cache\Admin\b595b808c2ebeeeb0478ffc30bb4e87a.php 第 139 行.
NOTIC: [8] Use of undefined constant cate_class - assumed 'cate_class' E:\xampp\htdocs\hometownMarket\Application\Runtime\Cache\Admin\b595b808c2ebeeeb0478ffc30bb4e87a.php 第 139 行.
NOTIC: [8] Use of undefined constant cate_class - assumed 'cate_class' E:\xampp\htdocs\hometownMarket\Application\Runtime\Cache\Admin\b595b808c2ebeeeb0478ffc30bb4e87a.php 第 146 行.
NOTIC: [8] Use of undefined constant cate_class - assumed 'cate_class' E:\xampp\htdocs\hometownMarket\Application\Runtime\Cache\Admin\b595b808c2ebeeeb0478ffc30bb4e87a.php 第 153 行.
NOTIC: [8] Use of undefined constant cate_class - assumed 'cate_class' E:\xampp\htdocs\hometownMarket\Application\Runtime\Cache\Admin\b595b808c2ebeeeb0478ffc30bb4e87a.php 第 160 行.
NOTIC: [8] Use of undefined constant cate_class - assumed 'cate_class' E:\xampp\htdocs\hometownMarket\Application\Runtime\Cache\Admin\b595b808c2ebeeeb0478ffc30bb4e87a.php 第 167 行.
NOTIC: [8] Use of undefined constant cate_class - assumed 'cate_class' E:\xampp\htdocs\hometownMarket\Application\Runtime\Cache\Admin\b595b808c2ebeeeb0478ffc30bb4e87a.php 第 174 行.
NOTIC: [8] Use of undefined constant cate_class - assumed 'cate_class' E:\xampp\htdocs\hometownMarket\Application\Runtime\Cache\Admin\b595b808c2ebeeeb0478ffc30bb4e87a.php 第 174 行.
NOTIC: [8] Use of undefined constant cate_class - assumed 'cate_class' E:\xampp\htdocs\hometownMarket\Application\Runtime\Cache\Admin\b595b808c2ebeeeb0478ffc30bb4e87a.php 第 181 行.
NOTIC: [8] Use of undefined constant cate_class - assumed 'cate_class' E:\xampp\htdocs\hometownMarket\Application\Runtime\Cache\Admin\b595b808c2ebeeeb0478ffc30bb4e87a.php 第 139 行.
NOTIC: [8] Use of undefined constant cate_class - assumed 'cate_class' E:\xampp\htdocs\hometownMarket\Application\Runtime\Cache\Admin\b595b808c2ebeeeb0478ffc30bb4e87a.php 第 139 行.
NOTIC: [8] Use of undefined constant cate_class - assumed 'cate_class' E:\xampp\htdocs\hometownMarket\Application\Runtime\Cache\Admin\b595b808c2ebeeeb0478ffc30bb4e87a.php 第 139 行.
NOTIC: [8] Use of undefined constant cate_class - assumed 'cate_class' E:\xampp\htdocs\hometownMarket\Application\Runtime\Cache\Admin\b595b808c2ebeeeb0478ffc30bb4e87a.php 第 139 行.
NOTIC: [8] Use of undefined constant cate_class - assumed 'cate_class' E:\xampp\htdocs\hometownMarket\Application\Runtime\Cache\Admin\b595b808c2ebeeeb0478ffc30bb4e87a.php 第 146 行.
NOTIC: [8] Use of undefined constant cate_class - assumed 'cate_class' E:\xampp\htdocs\hometownMarket\Application\Runtime\Cache\Admin\b595b808c2ebeeeb0478ffc30bb4e87a.php 第 153 行.
NOTIC: [8] Use of undefined constant cate_class - assumed 'cate_class' E:\xampp\htdocs\hometownMarket\Application\Runtime\Cache\Admin\b595b808c2ebeeeb0478ffc30bb4e87a.php 第 160 行.
NOTIC: [8] Use of undefined constant cate_class - assumed 'cate_class' E:\xampp\htdocs\hometownMarket\Application\Runtime\Cache\Admin\b595b808c2ebeeeb0478ffc30bb4e87a.php 第 167 行.
NOTIC: [8] Use of undefined constant cate_class - assumed 'cate_class' E:\xampp\htdocs\hometownMarket\Application\Runtime\Cache\Admin\b595b808c2ebeeeb0478ffc30bb4e87a.php 第 174 行.
NOTIC: [8] Use of undefined constant cate_class - assumed 'cate_class' E:\xampp\htdocs\hometownMarket\Application\Runtime\Cache\Admin\b595b808c2ebeeeb0478ffc30bb4e87a.php 第 174 行.
NOTIC: [8] Use of undefined constant cate_class - assumed 'cate_class' E:\xampp\htdocs\hometownMarket\Application\Runtime\Cache\Admin\b595b808c2ebeeeb0478ffc30bb4e87a.php 第 181 行.
NOTIC: [8] Use of undefined constant cate_class - assumed 'cate_class' E:\xampp\htdocs\hometownMarket\Application\Runtime\Cache\Admin\b595b808c2ebeeeb0478ffc30bb4e87a.php 第 139 行.
NOTIC: [8] Use of undefined constant cate_class - assumed 'cate_class' E:\xampp\htdocs\hometownMarket\Application\Runtime\Cache\Admin\b595b808c2ebeeeb0478ffc30bb4e87a.php 第 139 行.
NOTIC: [8] Use of undefined constant cate_class - assumed 'cate_class' E:\xampp\htdocs\hometownMarket\Application\Runtime\Cache\Admin\b595b808c2ebeeeb0478ffc30bb4e87a.php 第 139 行.
NOTIC: [8] Use of undefined constant cate_class - assumed 'cate_class' E:\xampp\htdocs\hometownMarket\Application\Runtime\Cache\Admin\b595b808c2ebeeeb0478ffc30bb4e87a.php 第 139 行.
NOTIC: [8] Use of undefined constant cate_class - assumed 'cate_class' E:\xampp\htdocs\hometownMarket\Application\Runtime\Cache\Admin\b595b808c2ebeeeb0478ffc30bb4e87a.php 第 146 行.
NOTIC: [8] Use of undefined constant cate_class - assumed 'cate_class' E:\xampp\htdocs\hometownMarket\Application\Runtime\Cache\Admin\b595b808c2ebeeeb0478ffc30bb4e87a.php 第 153 行.
NOTIC: [8] Use of undefined constant cate_class - assumed 'cate_class' E:\xampp\htdocs\hometownMarket\Application\Runtime\Cache\Admin\b595b808c2ebeeeb0478ffc30bb4e87a.php 第 160 行.
NOTIC: [8] Use of undefined constant cate_class - assumed 'cate_class' E:\xampp\htdocs\hometownMarket\Application\Runtime\Cache\Admin\b595b808c2ebeeeb0478ffc30bb4e87a.php 第 167 行.
NOTIC: [8] Use of undefined constant cate_class - assumed 'cate_class' E:\xampp\htdocs\hometownMarket\Application\Runtime\Cache\Admin\b595b808c2ebeeeb0478ffc30bb4e87a.php 第 174 行.
NOTIC: [8] Use of undefined constant cate_class - assumed 'cate_class' E:\xampp\htdocs\hometownMarket\Application\Runtime\Cache\Admin\b595b808c2ebeeeb0478ffc30bb4e87a.php 第 174 行.
NOTIC: [8] Use of undefined constant cate_class - assumed 'cate_class' E:\xampp\htdocs\hometownMarket\Application\Runtime\Cache\Admin\b595b808c2ebeeeb0478ffc30bb4e87a.php 第 181 行.
NOTIC: [8] Use of undefined constant cate_class - assumed 'cate_class' E:\xampp\htdocs\hometownMarket\Application\Runtime\Cache\Admin\b595b808c2ebeeeb0478ffc30bb4e87a.php 第 139 行.
NOTIC: [8] Use of undefined constant cate_class - assumed 'cate_class' E:\xampp\htdocs\hometownMarket\Application\Runtime\Cache\Admin\b595b808c2ebeeeb0478ffc30bb4e87a.php 第 139 行.
NOTIC: [8] Use of undefined constant cate_class - assumed 'cate_class' E:\xampp\htdocs\hometownMarket\Application\Runtime\Cache\Admin\b595b808c2ebeeeb0478ffc30bb4e87a.php 第 139 行.
NOTIC: [8] Use of undefined constant cate_class - assumed 'cate_class' E:\xampp\htdocs\hometownMarket\Application\Runtime\Cache\Admin\b595b808c2ebeeeb0478ffc30bb4e87a.php 第 139 行.
NOTIC: [8] Use of undefined constant cate_class - assumed 'cate_class' E:\xampp\htdocs\hometownMarket\Application\Runtime\Cache\Admin\b595b808c2ebeeeb0478ffc30bb4e87a.php 第 146 行.
NOTIC: [8] Use of undefined constant cate_class - assumed 'cate_class' E:\xampp\htdocs\hometownMarket\Application\Runtime\Cache\Admin\b595b808c2ebeeeb0478ffc30bb4e87a.php 第 153 行.
NOTIC: [8] Use of undefined constant cate_class - assumed 'cate_class' E:\xampp\htdocs\hometownMarket\Application\Runtime\Cache\Admin\b595b808c2ebeeeb0478ffc30bb4e87a.php 第 160 行.
NOTIC: [8] Use of undefined constant cate_class - assumed 'cate_class' E:\xampp\htdocs\hometownMarket\Application\Runtime\Cache\Admin\b595b808c2ebeeeb0478ffc30bb4e87a.php 第 167 行.
NOTIC: [8] Use of undefined constant cate_class - assumed 'cate_class' E:\xampp\htdocs\hometownMarket\Application\Runtime\Cache\Admin\b595b808c2ebeeeb0478ffc30bb4e87a.php 第 174 行.
NOTIC: [8] Use of undefined constant cate_class - assumed 'cate_class' E:\xampp\htdocs\hometownMarket\Application\Runtime\Cache\Admin\b595b808c2ebeeeb0478ffc30bb4e87a.php 第 174 行.
NOTIC: [8] Use of undefined constant cate_class - assumed 'cate_class' E:\xampp\htdocs\hometownMarket\Application\Runtime\Cache\Admin\b595b808c2ebeeeb0478ffc30bb4e87a.php 第 181 行.
NOTIC: [8] Use of undefined constant cate_class - assumed 'cate_class' E:\xampp\htdocs\hometownMarket\Application\Runtime\Cache\Admin\b595b808c2ebeeeb0478ffc30bb4e87a.php 第 139 行.
NOTIC: [8] Use of undefined constant cate_class - assumed 'cate_class' E:\xampp\htdocs\hometownMarket\Application\Runtime\Cache\Admin\b595b808c2ebeeeb0478ffc30bb4e87a.php 第 139 行.
NOTIC: [8] Use of undefined constant cate_class - assumed 'cate_class' E:\xampp\htdocs\hometownMarket\Application\Runtime\Cache\Admin\b595b808c2ebeeeb0478ffc30bb4e87a.php 第 139 行.
NOTIC: [8] Use of undefined constant cate_class - assumed 'cate_class' E:\xampp\htdocs\hometownMarket\Application\Runtime\Cache\Admin\b595b808c2ebeeeb0478ffc30bb4e87a.php 第 139 行.
NOTIC: [8] Use of undefined constant cate_class - assumed 'cate_class' E:\xampp\htdocs\hometownMarket\Application\Runtime\Cache\Admin\b595b808c2ebeeeb0478ffc30bb4e87a.php 第 146 行.
NOTIC: [8] Use of undefined constant cate_class - assumed 'cate_class' E:\xampp\htdocs\hometownMarket\Application\Runtime\Cache\Admin\b595b808c2ebeeeb0478ffc30bb4e87a.php 第 153 行.
NOTIC: [8] Use of undefined constant cate_class - assumed 'cate_class' E:\xampp\htdocs\hometownMarket\Application\Runtime\Cache\Admin\b595b808c2ebeeeb0478ffc30bb4e87a.php 第 160 行.
NOTIC: [8] Use of undefined constant cate_class - assumed 'cate_class' E:\xampp\htdocs\hometownMarket\Application\Runtime\Cache\Admin\b595b808c2ebeeeb0478ffc30bb4e87a.php 第 167 行.
NOTIC: [8] Use of undefined constant cate_class - assumed 'cate_class' E:\xampp\htdocs\hometownMarket\Application\Runtime\Cache\Admin\b595b808c2ebeeeb0478ffc30bb4e87a.php 第 174 行.
NOTIC: [8] Use of undefined constant cate_class - assumed 'cate_class' E:\xampp\htdocs\hometownMarket\Application\Runtime\Cache\Admin\b595b808c2ebeeeb0478ffc30bb4e87a.php 第 174 行.
NOTIC: [8] Use of undefined constant cate_class - assumed 'cate_class' E:\xampp\htdocs\hometownMarket\Application\Runtime\Cache\Admin\b595b808c2ebeeeb0478ffc30bb4e87a.php 第 181 行.
NOTIC: [8] Undefined index: secondgoods_id E:\xampp\htdocs\hometownMarket\Application\Runtime\Cache\Admin\b595b808c2ebeeeb0478ffc30bb4e87a.php 第 270 行.
INFO: Run Behavior\ParseTemplateBehavior [ RunTime:0.023417s ]
INFO: [ view_parse ] --END-- [ RunTime:0.023477s ]
INFO: [ view_filter ] --START--
INFO: Run Behavior\WriteHtmlCacheBehavior [ RunTime:0.000482s ]
INFO: [ view_filter ] --END-- [ RunTime:0.000526s ]
INFO: [ app_end ] --START--
INFO: Run Behavior\ShowPageTraceBehavior [ RunTime:0.000800s ]
INFO: [ app_end ] --END-- [ RunTime:0.000855s ]

[ 2015-07-12T18:21:15+08:00 ] ::1 /hometownMarket/index.php/Admin/Index/verify_c.html
INFO: [ app_init ] --START--
INFO: Run Behavior\BuildLiteBehavior [ RunTime:0.000014s ]
INFO: [ app_init ] --END-- [ RunTime:0.000375s ]
INFO: [ app_begin ] --START--
INFO: Run Behavior\ReadHtmlCacheBehavior [ RunTime:0.000507s ]
INFO: [ app_begin ] --END-- [ RunTime:0.000565s ]
INFO: [ app_end ] --START--
INFO: Run Behavior\ShowPageTraceBehavior [ RunTime:0.000873s ]
INFO: [ app_end ] --END-- [ RunTime:0.000986s ]

[ 2015-07-12T18:21:36+08:00 ] ::1 /hometownMarket/index.php/Admin/Index/index.html
INFO: [ app_init ] --START--
INFO: Run Behavior\BuildLiteBehavior [ RunTime:0.000016s ]
INFO: [ app_init ] --END-- [ RunTime:0.000462s ]
INFO: [ app_begin ] --START--
INFO: Run Behavior\ReadHtmlCacheBehavior [ RunTime:0.000624s ]
INFO: [ app_begin ] --END-- [ RunTime:0.000688s ]
SQL: SHOW COLUMNS FROM `tt_admins` [ RunTime:0.0063s ]
NOTIC: [8] Use of undefined constant admins_name - assumed 'admins_name' E:\xampp\htdocs\hometownMarket\Application\Admin\Model\AdminsModel.class.php 第 16 行.
NOTIC: [8] Use of undefined constant admins_password - assumed 'admins_password' E:\xampp\htdocs\hometownMarket\Application\Admin\Model\AdminsModel.class.php 第 24 行.
NOTIC: [8] Use of undefined constant verify - assumed 'verify' E:\xampp\htdocs\hometownMarket\Application\Admin\Model\AdminsModel.class.php 第 31 行.
NOTIC: [8] Use of undefined constant verify - assumed 'verify' E:\xampp\htdocs\hometownMarket\Application\Admin\Model\AdminsModel.class.php 第 38 行.
NOTIC: [8] Use of undefined constant admins_name - assumed 'admins_name' E:\xampp\htdocs\hometownMarket\Application\Admin\Model\AdminsModel.class.php 第 46 行.
NOTIC: [8] Use of undefined constant admins_password - assumed 'admins_password' E:\xampp\htdocs\hometownMarket\Application\Admin\Model\AdminsModel.class.php 第 46 行.
SQL: SELECT * FROM `tt_admins` WHERE ( admins_name='HMT' AND admins_password='HMT' ) LIMIT 1   [ RunTime:0.0013s ]
SQL: SHOW COLUMNS FROM `tt_logging` [ RunTime:0.0139s ]
NOTIC: [8] Use of undefined constant logging_time - assumed 'logging_time' E:\xampp\htdocs\hometownMarket\Application\Admin\Model\LoggingModel.class.php 第 12 行.
NOTIC: [8] Use of undefined constant logging_ip - assumed 'logging_ip' E:\xampp\htdocs\hometownMarket\Application\Admin\Model\LoggingModel.class.php 第 13 行.
NOTIC: [8] Use of undefined constant logging_content - assumed 'logging_content' E:\xampp\htdocs\hometownMarket\Application\Admin\Model\LoggingModel.class.php 第 15 行.
NOTIC: [8] Use of undefined constant logging_ip - assumed 'logging_ip' E:\xampp\htdocs\hometownMarket\Application\Admin\Model\LoggingModel.class.php 第 15 行.
SQL: INSERT INTO `tt_logging` (`logging_time`,`logging_ip`,`logging_content`) VALUES ('1436696496','0','ip地址为::1的用户登陆后台') [ RunTime:0.0069s ]

[ 2015-07-12T18:21:37+08:00 ] ::1 /hometownMarket/index.php/Admin/Index/frontpage.html
INFO: [ app_init ] --START--
INFO: Run Behavior\BuildLiteBehavior [ RunTime:0.000017s ]
INFO: [ app_init ] --END-- [ RunTime:0.000435s ]
INFO: [ app_begin ] --START--
INFO: Run Behavior\ReadHtmlCacheBehavior [ RunTime:0.000546s ]
INFO: [ app_begin ] --END-- [ RunTime:0.000607s ]
SQL: SHOW COLUMNS FROM `tt_category` [ RunTime:0.0042s ]
SQL: SELECT `cate_class`,`cate_name`,`cate_pid` FROM `tt_category`  [ RunTime:0.0005s ]
SQL: SHOW COLUMNS FROM `tt_secondgoods` [ RunTime:0.0045s ]
SQL: SELECT * FROM `tt_secondgoods` WHERE ( secondgoods_tradetype='0' ) ORDER BY secondgoods_postdate DESC LIMIT 0,10   [ RunTime:0.0007s ]
SQL: SELECT COUNT(*) AS tp_count FROM `tt_secondgoods` WHERE ( secondgoods_tradetype='0' ) LIMIT 1   [ RunTime:0.0012s ]
SQL: SHOW COLUMNS FROM `tt_category` [ RunTime:0.0038s ]
SQL: SELECT `cate_name` FROM `tt_category` WHERE ( cate_class='10' ) LIMIT 1   [ RunTime:0.0003s ]
SQL: SELECT `cate_name` FROM `tt_category` WHERE ( cate_class='13' ) LIMIT 1   [ RunTime:0.0002s ]
SQL: SELECT `cate_name` FROM `tt_category` WHERE ( cate_class='8' ) LIMIT 1   [ RunTime:0.0002s ]
SQL: SELECT `cate_name` FROM `tt_category` WHERE ( cate_class='11' ) LIMIT 1   [ RunTime:0.0002s ]
SQL: SELECT `cate_name` FROM `tt_category` WHERE ( cate_class='16' ) LIMIT 1   [ RunTime:0.0002s ]
SQL: SELECT `cate_name` FROM `tt_category` WHERE ( cate_class='14' ) LIMIT 1   [ RunTime:0.0002s ]
SQL: SELECT `cate_name` FROM `tt_category` WHERE ( cate_class='13' ) LIMIT 1   [ RunTime:0.0002s ]
SQL: SELECT `cate_name` FROM `tt_category` WHERE ( cate_class='13' ) LIMIT 1   [ RunTime:0.0002s ]
SQL: SELECT `cate_name` FROM `tt_category` WHERE ( cate_class='8' ) LIMIT 1   [ RunTime:0.0002s ]
SQL: SELECT `cate_name` FROM `tt_category` WHERE ( cate_class='15' ) LIMIT 1   [ RunTime:0.0002s ]
SQL: SELECT * FROM `tt_secondgoods` WHERE ( secondgoods_tradetype='1' ) ORDER BY secondgoods_postdate DESC LIMIT 0,10   [ RunTime:0.0005s ]
SQL: SELECT COUNT(*) AS tp_count FROM `tt_secondgoods` WHERE ( secondgoods_tradetype='1' ) LIMIT 1   [ RunTime:0.0002s ]
SQL: SELECT `cate_name` FROM `tt_category` WHERE ( cate_class='17' ) LIMIT 1   [ RunTime:0.0002s ]
SQL: SELECT `cate_name` FROM `tt_category` WHERE ( cate_class='16' ) LIMIT 1   [ RunTime:0.0002s ]
SQL: SELECT `cate_name` FROM `tt_category` WHERE ( cate_class='9' ) LIMIT 1   [ RunTime:0.0002s ]
SQL: SELECT `cate_name` FROM `tt_category` WHERE ( cate_class='13' ) LIMIT 1   [ RunTime:0.0002s ]
SQL: SELECT `cate_name` FROM `tt_category` WHERE ( cate_class='15' ) LIMIT 1   [ RunTime:0.0002s ]
SQL: SELECT * FROM `tt_category` WHERE ( cate_pid <>'0' )  [ RunTime:0.0002s ]
INFO: [ view_parse ] --START--
INFO: [ template_filter ] --START--
INFO: Run Behavior\ContentReplaceBehavior [ RunTime:0.000227s ]
INFO: [ template_filter ] --END-- [ RunTime:0.000288s ]
NOTIC: [8] Use of undefined constant cate_class - assumed 'cate_class' E:\xampp\htdocs\hometownMarket\Application\Runtime\Cache\Admin\e108ecdbfd65ee1d6bf36aaa1a637131.php 第 180 行.
NOTIC: [8] Use of undefined constant cate_class - assumed 'cate_class' E:\xampp\htdocs\hometownMarket\Application\Runtime\Cache\Admin\e108ecdbfd65ee1d6bf36aaa1a637131.php 第 180 行.
NOTIC: [8] Use of undefined constant cate_class - assumed 'cate_class' E:\xampp\htdocs\hometownMarket\Application\Runtime\Cache\Admin\e108ecdbfd65ee1d6bf36aaa1a637131.php 第 180 行.
NOTIC: [8] Use of undefined constant cate_class - assumed 'cate_class' E:\xampp\htdocs\hometownMarket\Application\Runtime\Cache\Admin\e108ecdbfd65ee1d6bf36aaa1a637131.php 第 180 行.
NOTIC: [8] Use of undefined constant cate_class - assumed 'cate_class' E:\xampp\htdocs\hometownMarket\Application\Runtime\Cache\Admin\e108ecdbfd65ee1d6bf36aaa1a637131.php 第 187 行.
NOTIC: [8] Use of undefined constant cate_class - assumed 'cate_class' E:\xampp\htdocs\hometownMarket\Application\Runtime\Cache\Admin\e108ecdbfd65ee1d6bf36aaa1a637131.php 第 194 行.
NOTIC: [8] Use of undefined constant cate_class - assumed 'cate_class' E:\xampp\htdocs\hometownMarket\Application\Runtime\Cache\Admin\e108ecdbfd65ee1d6bf36aaa1a637131.php 第 201 行.
NOTIC: [8] Use of undefined constant cate_class - assumed 'cate_class' E:\xampp\htdocs\hometownMarket\Application\Runtime\Cache\Admin\e108ecdbfd65ee1d6bf36aaa1a637131.php 第 208 行.
NOTIC: [8] Use of undefined constant cate_class - assumed 'cate_class' E:\xampp\htdocs\hometownMarket\Application\Runtime\Cache\Admin\e108ecdbfd65ee1d6bf36aaa1a637131.php 第 215 行.
NOTIC: [8] Use of undefined constant cate_class - assumed 'cate_class' E:\xampp\htdocs\hometownMarket\Application\Runtime\Cache\Admin\e108ecdbfd65ee1d6bf36aaa1a637131.php 第 215 行.
NOTIC: [8] Use of undefined constant cate_class - assumed 'cate_class' E:\xampp\htdocs\hometownMarket\Application\Runtime\Cache\Admin\e108ecdbfd65ee1d6bf36aaa1a637131.php 第 222 行.
NOTIC: [8] Use of undefined constant cate_class - assumed 'cate_class' E:\xampp\htdocs\hometownMarket\Application\Runtime\Cache\Admin\e108ecdbfd65ee1d6bf36aaa1a637131.php 第 180 行.
NOTIC: [8] Use of undefined constant cate_class - assumed 'cate_class' E:\xampp\htdocs\hometownMarket\Application\Runtime\Cache\Admin\e108ecdbfd65ee1d6bf36aaa1a637131.php 第 180 行.
NOTIC: [8] Use of undefined constant cate_class - assumed 'cate_class' E:\xampp\htdocs\hometownMarket\Application\Runtime\Cache\Admin\e108ecdbfd65ee1d6bf36aaa1a637131.php 第 180 行.
NOTIC: [8] Use of undefined constant cate_class - assumed 'cate_class' E:\xampp\htdocs\hometownMarket\Application\Runtime\Cache\Admin\e108ecdbfd65ee1d6bf36aaa1a637131.php 第 180 行.
NOTIC: [8] Use of undefined constant cate_class - assumed 'cate_class' E:\xampp\htdocs\hometownMarket\Application\Runtime\Cache\Admin\e108ecdbfd65ee1d6bf36aaa1a637131.php 第 187 行.
NOTIC: [8] Use of undefined constant cate_class - assumed 'cate_class' E:\xampp\htdocs\hometownMarket\Application\Runtime\Cache\Admin\e108ecdbfd65ee1d6bf36aaa1a637131.php 第 194 行.
NOTIC: [8] Use of undefined constant cate_class - assumed 'cate_class' E:\xampp\htdocs\hometownMarket\Application\Runtime\Cache\Admin\e108ecdbfd65ee1d6bf36aaa1a637131.php 第 201 行.
NOTIC: [8] Use of undefined constant cate_class - assumed 'cate_class' E:\xampp\htdocs\hometownMarket\Application\Runtime\Cache\Admin\e108ecdbfd65ee1d6bf36aaa1a637131.php 第 208 行.
NOTIC: [8] Use of undefined constant cate_class - assumed 'cate_class' E:\xampp\htdocs\hometownMarket\Application\Runtime\Cache\Admin\e108ecdbfd65ee1d6bf36aaa1a637131.php 第 215 行.
NOTIC: [8] Use of undefined constant cate_class - assumed 'cate_class' E:\xampp\htdocs\hometownMarket\Application\Runtime\Cache\Admin\e108ecdbfd65ee1d6bf36aaa1a637131.php 第 215 行.
NOTIC: [8] Use of undefined constant cate_class - assumed 'cate_class' E:\xampp\htdocs\hometownMarket\Application\Runtime\Cache\Admin\e108ecdbfd65ee1d6bf36aaa1a637131.php 第 222 行.
NOTIC: [8] Use of undefined constant cate_class - assumed 'cate_class' E:\xampp\htdocs\hometownMarket\Application\Runtime\Cache\Admin\e108ecdbfd65ee1d6bf36aaa1a637131.php 第 180 行.
NOTIC: [8] Use of undefined constant cate_class - assumed 'cate_class' E:\xampp\htdocs\hometownMarket\Application\Runtime\Cache\Admin\e108ecdbfd65ee1d6bf36aaa1a637131.php 第 180 行.
NOTIC: [8] Use of undefined constant cate_class - assumed 'cate_class' E:\xampp\htdocs\hometownMarket\Application\Runtime\Cache\Admin\e108ecdbfd65ee1d6bf36aaa1a637131.php 第 180 行.
NOTIC: [8] Use of undefined constant cate_class - assumed 'cate_class' E:\xampp\htdocs\hometownMarket\Application\Runtime\Cache\Admin\e108ecdbfd65ee1d6bf36aaa1a637131.php 第 180 行.
NOTIC: [8] Use of undefined constant cate_class - assumed 'cate_class' E:\xampp\htdocs\hometownMarket\Application\Runtime\Cache\Admin\e108ecdbfd65ee1d6bf36aaa1a637131.php 第 187 行.
NOTIC: [8] Use of undefined constant cate_class - assumed 'cate_class' E:\xampp\htdocs\hometownMarket\Application\Runtime\Cache\Admin\e108ecdbfd65ee1d6bf36aaa1a637131.php 第 194 行.
NOTIC: [8] Use of undefined constant cate_class - assumed 'cate_class' E:\xampp\htdocs\hometownMarket\Application\Runtime\Cache\Admin\e108ecdbfd65ee1d6bf36aaa1a637131.php 第 201 行.
NOTIC: [8] Use of undefined constant cate_class - assumed 'cate_class' E:\xampp\htdocs\hometownMarket\Application\Runtime\Cache\Admin\e108ecdbfd65ee1d6bf36aaa1a637131.php 第 208 行.
NOTIC: [8] Use of undefined constant cate_class - assumed 'cate_class' E:\xampp\htdocs\hometownMarket\Application\Runtime\Cache\Admin\e108ecdbfd65ee1d6bf36aaa1a637131.php 第 215 行.
NOTIC: [8] Use of undefined constant cate_class - assumed 'cate_class' E:\xampp\htdocs\hometownMarket\Application\Runtime\Cache\Admin\e108ecdbfd65ee1d6bf36aaa1a637131.php 第 215 行.
NOTIC: [8] Use of undefined constant cate_class - assumed 'cate_class' E:\xampp\htdocs\hometownMarket\Application\Runtime\Cache\Admin\e108ecdbfd65ee1d6bf36aaa1a637131.php 第 222 行.
NOTIC: [8] Use of undefined constant cate_class - assumed 'cate_class' E:\xampp\htdocs\hometownMarket\Application\Runtime\Cache\Admin\e108ecdbfd65ee1d6bf36aaa1a637131.php 第 180 行.
NOTIC: [8] Use of undefined constant cate_class - assumed 'cate_class' E:\xampp\htdocs\hometownMarket\Application\Runtime\Cache\Admin\e108ecdbfd65ee1d6bf36aaa1a637131.php 第 180 行.
NOTIC: [8] Use of undefined constant cate_class - assumed 'cate_class' E:\xampp\htdocs\hometownMarket\Application\Runtime\Cache\Admin\e108ecdbfd65ee1d6bf36aaa1a637131.php 第 180 行.
NOTIC: [8] Use of undefined constant cate_class - assumed 'cate_class' E:\xampp\htdocs\hometownMarket\Application\Runtime\Cache\Admin\e108ecdbfd65ee1d6bf36aaa1a637131.php 第 180 行.
NOTIC: [8] Use of undefined constant cate_class - assumed 'cate_class' E:\xampp\htdocs\hometownMarket\Application\Runtime\Cache\Admin\e108ecdbfd65ee1d6bf36aaa1a637131.php 第 187 行.
NOTIC: [8] Use of undefined constant cate_class - assumed 'cate_class' E:\xampp\htdocs\hometownMarket\Application\Runtime\Cache\Admin\e108ecdbfd65ee1d6bf36aaa1a637131.php 第 194 行.
NOTIC: [8] Use of undefined constant cate_class - assumed 'cate_class' E:\xampp\htdocs\hometownMarket\Application\Runtime\Cache\Admin\e108ecdbfd65ee1d6bf36aaa1a637131.php 第 201 行.
NOTIC: [8] Use of undefined constant cate_class - assumed 'cate_class' E:\xampp\htdocs\hometownMarket\Application\Runtime\Cache\Admin\e108ecdbfd65ee1d6bf36aaa1a637131.php 第 208 行.
NOTIC: [8] Use of undefined constant cate_class - assumed 'cate_class' E:\xampp\htdocs\hometownMarket\Application\Runtime\Cache\Admin\e108ecdbfd65ee1d6bf36aaa1a637131.php 第 215 行.
NOTIC: [8] Use of undefined constant cate_class - assumed 'cate_class' E:\xampp\htdocs\hometownMarket\Application\Runtime\Cache\Admin\e108ecdbfd65ee1d6bf36aaa1a637131.php 第 215 行.
NOTIC: [8] Use of undefined constant cate_class - assumed 'cate_class' E:\xampp\htdocs\hometownMarket\Application\Runtime\Cache\Admin\e108ecdbfd65ee1d6bf36aaa1a637131.php 第 222 行.
NOTIC: [8] Use of undefined constant cate_class - assumed 'cate_class' E:\xampp\htdocs\hometownMarket\Application\Runtime\Cache\Admin\e108ecdbfd65ee1d6bf36aaa1a637131.php 第 180 行.
NOTIC: [8] Use of undefined constant cate_class - assumed 'cate_class' E:\xampp\htdocs\hometownMarket\Application\Runtime\Cache\Admin\e108ecdbfd65ee1d6bf36aaa1a637131.php 第 180 行.
NOTIC: [8] Use of undefined constant cate_class - assumed 'cate_class' E:\xampp\htdocs\hometownMarket\Application\Runtime\Cache\Admin\e108ecdbfd65ee1d6bf36aaa1a637131.php 第 180 行.
NOTIC: [8] Use of undefined constant cate_class - assumed 'cate_class' E:\xampp\htdocs\hometownMarket\Application\Runtime\Cache\Admin\e108ecdbfd65ee1d6bf36aaa1a637131.php 第 180 行.
NOTIC: [8] Use of undefined constant cate_class - assumed 'cate_class' E:\xampp\htdocs\hometownMarket\Application\Runtime\Cache\Admin\e108ecdbfd65ee1d6bf36aaa1a637131.php 第 187 行.
NOTIC: [8] Use of undefined constant cate_class - assumed 'cate_class' E:\xampp\htdocs\hometownMarket\Application\Runtime\Cache\Admin\e108ecdbfd65ee1d6bf36aaa1a637131.php 第 194 行.
NOTIC: [8] Use of undefined constant cate_class - assumed 'cate_class' E:\xampp\htdocs\hometownMarket\Application\Runtime\Cache\Admin\e108ecdbfd65ee1d6bf36aaa1a637131.php 第 201 行.
NOTIC: [8] Use of undefined constant cate_class - assumed 'cate_class' E:\xampp\htdocs\hometownMarket\Application\Runtime\Cache\Admin\e108ecdbfd65ee1d6bf36aaa1a637131.php 第 208 行.
NOTIC: [8] Use of undefined constant cate_class - assumed 'cate_class' E:\xampp\htdocs\hometownMarket\Application\Runtime\Cache\Admin\e108ecdbfd65ee1d6bf36aaa1a637131.php 第 215 行.
NOTIC: [8] Use of undefined constant cate_class - assumed 'cate_class' E:\xampp\htdocs\hometownMarket\Application\Runtime\Cache\Admin\e108ecdbfd65ee1d6bf36aaa1a637131.php 第 215 行.
NOTIC: [8] Use of undefined constant cate_class - assumed 'cate_class' E:\xampp\htdocs\hometownMarket\Application\Runtime\Cache\Admin\e108ecdbfd65ee1d6bf36aaa1a637131.php 第 222 行.
NOTIC: [8] Use of undefined constant cate_class - assumed 'cate_class' E:\xampp\htdocs\hometownMarket\Application\Runtime\Cache\Admin\e108ecdbfd65ee1d6bf36aaa1a637131.php 第 180 行.
NOTIC: [8] Use of undefined constant cate_class - assumed 'cate_class' E:\xampp\htdocs\hometownMarket\Application\Runtime\Cache\Admin\e108ecdbfd65ee1d6bf36aaa1a637131.php 第 180 行.
NOTIC: [8] Use of undefined constant cate_class - assumed 'cate_class' E:\xampp\htdocs\hometownMarket\Application\Runtime\Cache\Admin\e108ecdbfd65ee1d6bf36aaa1a637131.php 第 180 行.
NOTIC: [8] Use of undefined constant cate_class - assumed 'cate_class' E:\xampp\htdocs\hometownMarket\Application\Runtime\Cache\Admin\e108ecdbfd65ee1d6bf36aaa1a637131.php 第 180 行.
NOTIC: [8] Use of undefined constant cate_class - assumed 'cate_class' E:\xampp\htdocs\hometownMarket\Application\Runtime\Cache\Admin\e108ecdbfd65ee1d6bf36aaa1a637131.php 第 187 行.
NOTIC: [8] Use of undefined constant cate_class - assumed 'cate_class' E:\xampp\htdocs\hometownMarket\Application\Runtime\Cache\Admin\e108ecdbfd65ee1d6bf36aaa1a637131.php 第 194 行.
NOTIC: [8] Use of undefined constant cate_class - assumed 'cate_class' E:\xampp\htdocs\hometownMarket\Application\Runtime\Cache\Admin\e108ecdbfd65ee1d6bf36aaa1a637131.php 第 201 行.
NOTIC: [8] Use of undefined constant cate_class - assumed 'cate_class' E:\xampp\htdocs\hometownMarket\Application\Runtime\Cache\Admin\e108ecdbfd65ee1d6bf36aaa1a637131.php 第 208 行.
NOTIC: [8] Use of undefined constant cate_class - assumed 'cate_class' E:\xampp\htdocs\hometownMarket\Application\Runtime\Cache\Admin\e108ecdbfd65ee1d6bf36aaa1a637131.php 第 215 行.
NOTIC: [8] Use of undefined constant cate_class - assumed 'cate_class' E:\xampp\htdocs\hometownMarket\Application\Runtime\Cache\Admin\e108ecdbfd65ee1d6bf36aaa1a637131.php 第 215 行.
NOTIC: [8] Use of undefined constant cate_class - assumed 'cate_class' E:\xampp\htdocs\hometownMarket\Application\Runtime\Cache\Admin\e108ecdbfd65ee1d6bf36aaa1a637131.php 第 222 行.
NOTIC: [8] Use of undefined constant cate_class - assumed 'cate_class' E:\xampp\htdocs\hometownMarket\Application\Runtime\Cache\Admin\e108ecdbfd65ee1d6bf36aaa1a637131.php 第 180 行.
NOTIC: [8] Use of undefined constant cate_class - assumed 'cate_class' E:\xampp\htdocs\hometownMarket\Application\Runtime\Cache\Admin\e108ecdbfd65ee1d6bf36aaa1a637131.php 第 180 行.
NOTIC: [8] Use of undefined constant cate_class - assumed 'cate_class' E:\xampp\htdocs\hometownMarket\Application\Runtime\Cache\Admin\e108ecdbfd65ee1d6bf36aaa1a637131.php 第 180 行.
NOTIC: [8] Use of undefined constant cate_class - assumed 'cate_class' E:\xampp\htdocs\hometownMarket\Application\Runtime\Cache\Admin\e108ecdbfd65ee1d6bf36aaa1a637131.php 第 180 行.
NOTIC: [8] Use of undefined constant cate_class - assumed 'cate_class' E:\xampp\htdocs\hometownMarket\Application\Runtime\Cache\Admin\e108ecdbfd65ee1d6bf36aaa1a637131.php 第 187 行.
NOTIC: [8] Use of undefined constant cate_class - assumed 'cate_class' E:\xampp\htdocs\hometownMarket\Application\Runtime\Cache\Admin\e108ecdbfd65ee1d6bf36aaa1a637131.php 第 194 行.
NOTIC: [8] Use of undefined constant cate_class - assumed 'cate_class' E:\xampp\htdocs\hometownMarket\Application\Runtime\Cache\Admin\e108ecdbfd65ee1d6bf36aaa1a637131.php 第 201 行.
NOTIC: [8] Use of undefined constant cate_class - assumed 'cate_class' E:\xampp\htdocs\hometownMarket\Application\Runtime\Cache\Admin\e108ecdbfd65ee1d6bf36aaa1a637131.php 第 208 行.
NOTIC: [8] Use of undefined constant cate_class - assumed 'cate_class' E:\xampp\htdocs\hometownMarket\Application\Runtime\Cache\Admin\e108ecdbfd65ee1d6bf36aaa1a637131.php 第 215 行.
NOTIC: [8] Use of undefined constant cate_class - assumed 'cate_class' E:\xampp\htdocs\hometownMarket\Application\Runtime\Cache\Admin\e108ecdbfd65ee1d6bf36aaa1a637131.php 第 215 行.
NOTIC: [8] Use of undefined constant cate_class - assumed 'cate_class' E:\xampp\htdocs\hometownMarket\Application\Runtime\Cache\Admin\e108ecdbfd65ee1d6bf36aaa1a637131.php 第 222 行.
NOTIC: [8] Undefined index: secondgoods_id E:\xampp\htdocs\hometownMarket\Application\Runtime\Cache\Admin\e108ecdbfd65ee1d6bf36aaa1a637131.php 第 311 行.
INFO: Run Behavior\ParseTemplateBehavior [ RunTime:0.028359s ]
INFO: [ view_parse ] --END-- [ RunTime:0.028415s ]
INFO: [ view_filter ] --START--
INFO: Run Behavior\WriteHtmlCacheBehavior [ RunTime:0.000562s ]
INFO: [ view_filter ] --END-- [ RunTime:0.000604s ]
INFO: [ app_end ] --START--
INFO: Run Behavior\ShowPageTraceBehavior [ RunTime:0.000785s ]
INFO: [ app_end ] --END-- [ RunTime:0.000896s ]

[ 2015-07-12T18:21:50+08:00 ] ::1 /hometownMarket/index.php/Admin/User/notChecked.html
INFO: [ app_init ] --START--
INFO: Run Behavior\BuildLiteBehavior [ RunTime:0.000015s ]
INFO: [ app_init ] --END-- [ RunTime:0.000357s ]
INFO: [ app_begin ] --START--
INFO: Run Behavior\ReadHtmlCacheBehavior [ RunTime:0.000446s ]
INFO: [ app_begin ] --END-- [ RunTime:0.000496s ]
SQL: SHOW COLUMNS FROM `tt_members` [ RunTime:0.0059s ]
SQL: SELECT * FROM `tt_members` WHERE ( members_visitset='1' ) ORDER BY members_joindate DESC LIMIT 0,10   [ RunTime:0.0010s ]
SQL: SELECT COUNT(*) AS tp_count FROM `tt_members` WHERE ( members_visitset='1' ) LIMIT 1   [ RunTime:0.0004s ]
INFO: [ view_parse ] --START--
INFO: [ template_filter ] --START--
INFO: Run Behavior\ContentReplaceBehavior [ RunTime:0.000087s ]
INFO: [ template_filter ] --END-- [ RunTime:0.000142s ]
INFO: Run Behavior\ParseTemplateBehavior [ RunTime:0.009943s ]
INFO: [ view_parse ] --END-- [ RunTime:0.010014s ]
INFO: [ view_filter ] --START--
INFO: Run Behavior\WriteHtmlCacheBehavior [ RunTime:0.000453s ]
INFO: [ view_filter ] --END-- [ RunTime:0.000500s ]
INFO: [ app_end ] --START--
INFO: Run Behavior\ShowPageTraceBehavior [ RunTime:0.001197s ]
INFO: [ app_end ] --END-- [ RunTime:0.001288s ]

[ 2015-07-12T18:22:18+08:00 ] ::1 /hometownMarket/index.php/Admin/User/setVisitset.html
INFO: [ app_init ] --START--
INFO: Run Behavior\BuildLiteBehavior [ RunTime:0.000024s ]
INFO: [ app_init ] --END-- [ RunTime:0.000605s ]
INFO: [ app_begin ] --START--
INFO: Run Behavior\ReadHtmlCacheBehavior [ RunTime:0.000779s ]
INFO: [ app_begin ] --END-- [ RunTime:0.000895s ]
SQL: SHOW COLUMNS FROM `tt_secondgoods` [ RunTime:0.0046s ]
SQL: UPDATE `tt_secondgoods` SET `secondgoods_class`='2' WHERE ( secondgoods_id='0' ) [ RunTime:0.0003s ]

[ 2015-07-12T18:23:08+08:00 ] ::1 /hometownMarket/index.php/Admin/User/notChecked.html
INFO: [ app_init ] --START--
INFO: Run Behavior\BuildLiteBehavior [ RunTime:0.000018s ]
INFO: [ app_init ] --END-- [ RunTime:0.000384s ]
INFO: [ app_begin ] --START--
INFO: Run Behavior\ReadHtmlCacheBehavior [ RunTime:0.000476s ]
INFO: [ app_begin ] --END-- [ RunTime:0.000529s ]
SQL: SHOW COLUMNS FROM `tt_members` [ RunTime:0.0049s ]
SQL: SELECT * FROM `tt_members` WHERE ( members_visitset='1' ) ORDER BY members_joindate DESC LIMIT 0,10   [ RunTime:0.0008s ]
SQL: SELECT COUNT(*) AS tp_count FROM `tt_members` WHERE ( members_visitset='1' ) LIMIT 1   [ RunTime:0.0003s ]
INFO: [ view_parse ] --START--
INFO: [ template_filter ] --START--
INFO: Run Behavior\ContentReplaceBehavior [ RunTime:0.000097s ]
INFO: [ template_filter ] --END-- [ RunTime:0.000151s ]
INFO: Run Behavior\ParseTemplateBehavior [ RunTime:0.009765s ]
INFO: [ view_parse ] --END-- [ RunTime:0.009822s ]
INFO: [ view_filter ] --START--
INFO: Run Behavior\WriteHtmlCacheBehavior [ RunTime:0.000459s ]
INFO: [ view_filter ] --END-- [ RunTime:0.000510s ]
INFO: [ app_end ] --START--
INFO: Run Behavior\ShowPageTraceBehavior [ RunTime:0.000796s ]
INFO: [ app_end ] --END-- [ RunTime:0.000851s ]

[ 2015-07-12T18:23:13+08:00 ] ::1 /hometownMarket/index.php/Admin/User/setVisitset.html
INFO: [ app_init ] --START--
INFO: Run Behavior\BuildLiteBehavior [ RunTime:0.000016s ]
INFO: [ app_init ] --END-- [ RunTime:0.000514s ]
INFO: [ app_begin ] --START--
INFO: Run Behavior\ReadHtmlCacheBehavior [ RunTime:0.000596s ]
INFO: [ app_begin ] --END-- [ RunTime:0.000654s ]
SQL: SHOW COLUMNS FROM `tt_secondgoods` [ RunTime:0.0043s ]
SQL: UPDATE `tt_secondgoods` SET `secondgoods_class`='2' WHERE ( secondgoods_id='0' ) [ RunTime:0.0003s ]

[ 2015-07-12T18:23:16+08:00 ] ::1 /hometownMarket/index.php/Admin/User/notChecked.html
INFO: [ app_init ] --START--
INFO: Run Behavior\BuildLiteBehavior [ RunTime:0.000017s ]
INFO: [ app_init ] --END-- [ RunTime:0.000502s ]
INFO: [ app_begin ] --START--
INFO: Run Behavior\ReadHtmlCacheBehavior [ RunTime:0.000709s ]
INFO: [ app_begin ] --END-- [ RunTime:0.000774s ]
SQL: SHOW COLUMNS FROM `tt_members` [ RunTime:0.0050s ]
SQL: SELECT * FROM `tt_members` WHERE ( members_visitset='1' ) ORDER BY members_joindate DESC LIMIT 0,10   [ RunTime:0.0007s ]
SQL: SELECT COUNT(*) AS tp_count FROM `tt_members` WHERE ( members_visitset='1' ) LIMIT 1   [ RunTime:0.0003s ]
INFO: [ view_parse ] --START--
INFO: [ template_filter ] --START--
INFO: Run Behavior\ContentReplaceBehavior [ RunTime:0.000099s ]
INFO: [ template_filter ] --END-- [ RunTime:0.000156s ]
INFO: Run Behavior\ParseTemplateBehavior [ RunTime:0.010442s ]
INFO: [ view_parse ] --END-- [ RunTime:0.010504s ]
INFO: [ view_filter ] --START--
INFO: Run Behavior\WriteHtmlCacheBehavior [ RunTime:0.000395s ]
INFO: [ view_filter ] --END-- [ RunTime:0.000448s ]
INFO: [ app_end ] --START--
INFO: Run Behavior\ShowPageTraceBehavior [ RunTime:0.000627s ]
INFO: [ app_end ] --END-- [ RunTime:0.000683s ]

[ 2015-07-12T18:41:01+08:00 ] ::1 /hometownMarket/index.php/Admin/User/notChecked.html
INFO: [ app_init ] --START--
INFO: Run Behavior\BuildLiteBehavior [ RunTime:0.000022s ]
INFO: [ app_init ] --END-- [ RunTime:0.000509s ]
INFO: [ app_begin ] --START--
INFO: Run Behavior\ReadHtmlCacheBehavior [ RunTime:0.000643s ]
INFO: [ app_begin ] --END-- [ RunTime:0.000700s ]
SQL: SHOW COLUMNS FROM `tt_members` [ RunTime:0.0044s ]
SQL: SELECT * FROM `tt_members` WHERE ( members_visitset='1' ) ORDER BY members_joindate DESC LIMIT 0,10   [ RunTime:0.0008s ]
SQL: SELECT COUNT(*) AS tp_count FROM `tt_members` WHERE ( members_visitset='1' ) LIMIT 1   [ RunTime:0.0003s ]
INFO: [ view_parse ] --START--
INFO: [ template_filter ] --START--
INFO: Run Behavior\ContentReplaceBehavior [ RunTime:0.000099s ]
INFO: [ template_filter ] --END-- [ RunTime:0.000154s ]
INFO: Run Behavior\ParseTemplateBehavior [ RunTime:0.010430s ]
INFO: [ view_parse ] --END-- [ RunTime:0.010494s ]
INFO: [ view_filter ] --START--
INFO: Run Behavior\WriteHtmlCacheBehavior [ RunTime:0.000364s ]
INFO: [ view_filter ] --END-- [ RunTime:0.000408s ]
INFO: [ app_end ] --START--
INFO: Run Behavior\ShowPageTraceBehavior [ RunTime:0.001279s ]
INFO: [ app_end ] --END-- [ RunTime:0.001356s ]

[ 2015-07-12T18:43:23+08:00 ] ::1 /hometownMarket/index.php/Admin/User/notChecked.html
INFO: [ app_init ] --START--
INFO: Run Behavior\BuildLiteBehavior [ RunTime:0.000015s ]
INFO: [ app_init ] --END-- [ RunTime:0.000473s ]
INFO: [ app_begin ] --START--
INFO: Run Behavior\ReadHtmlCacheBehavior [ RunTime:0.001092s ]
INFO: [ app_begin ] --END-- [ RunTime:0.001171s ]
SQL: SHOW COLUMNS FROM `tt_members` [ RunTime:0.0039s ]
SQL: SELECT * FROM `tt_members` WHERE ( members_visitset='1' ) ORDER BY members_joindate DESC LIMIT 0,10   [ RunTime:0.0006s ]
SQL: SELECT COUNT(*) AS tp_count FROM `tt_members` WHERE ( members_visitset='1' ) LIMIT 1   [ RunTime:0.0002s ]
INFO: [ view_parse ] --START--
INFO: [ template_filter ] --START--
INFO: Run Behavior\ContentReplaceBehavior [ RunTime:0.000097s ]
INFO: [ template_filter ] --END-- [ RunTime:0.000154s ]
INFO: Run Behavior\ParseTemplateBehavior [ RunTime:0.011492s ]
INFO: [ view_parse ] --END-- [ RunTime:0.011565s ]
INFO: [ view_filter ] --START--
INFO: Run Behavior\WriteHtmlCacheBehavior [ RunTime:0.000482s ]
INFO: [ view_filter ] --END-- [ RunTime:0.000529s ]
INFO: [ app_end ] --START--
INFO: Run Behavior\ShowPageTraceBehavior [ RunTime:0.000693s ]
INFO: [ app_end ] --END-- [ RunTime:0.000750s ]

[ 2015-07-12T18:43:29+08:00 ] ::1 /hometownMarket/index.php/Admin/User/setVisitset.html
INFO: [ app_init ] --START--
INFO: Run Behavior\BuildLiteBehavior [ RunTime:0.000027s ]
INFO: [ app_init ] --END-- [ RunTime:0.000750s ]
INFO: [ app_begin ] --START--
INFO: Run Behavior\ReadHtmlCacheBehavior [ RunTime:0.001180s ]
INFO: [ app_begin ] --END-- [ RunTime:0.001330s ]
SQL: SHOW COLUMNS FROM `tt_members` [ RunTime:0.0045s ]
SQL: UPDATE `tt_members` SET `members_visitset`='2' WHERE ( members_id='0' ) [ RunTime:0.0003s ]

[ 2015-07-12T18:43:32+08:00 ] ::1 /hometownMarket/index.php/Admin/User/notChecked.html
INFO: [ app_init ] --START--
INFO: Run Behavior\BuildLiteBehavior [ RunTime:0.000014s ]
INFO: [ app_init ] --END-- [ RunTime:0.000355s ]
INFO: [ app_begin ] --START--
INFO: Run Behavior\ReadHtmlCacheBehavior [ RunTime:0.000599s ]
INFO: [ app_begin ] --END-- [ RunTime:0.000666s ]
SQL: SHOW COLUMNS FROM `tt_members` [ RunTime:0.0041s ]
SQL: SELECT * FROM `tt_members` WHERE ( members_visitset='1' ) ORDER BY members_joindate DESC LIMIT 0,10   [ RunTime:0.0006s ]
SQL: SELECT COUNT(*) AS tp_count FROM `tt_members` WHERE ( members_visitset='1' ) LIMIT 1   [ RunTime:0.0003s ]
INFO: [ view_parse ] --START--
INFO: [ template_filter ] --START--
INFO: Run Behavior\ContentReplaceBehavior [ RunTime:0.000094s ]
INFO: [ template_filter ] --END-- [ RunTime:0.000150s ]
INFO: Run Behavior\ParseTemplateBehavior [ RunTime:0.010998s ]
INFO: [ view_parse ] --END-- [ RunTime:0.011062s ]
INFO: [ view_filter ] --START--
INFO: Run Behavior\WriteHtmlCacheBehavior [ RunTime:0.000376s ]
INFO: [ view_filter ] --END-- [ RunTime:0.000419s ]
INFO: [ app_end ] --START--
INFO: Run Behavior\ShowPageTraceBehavior [ RunTime:0.000637s ]
INFO: [ app_end ] --END-- [ RunTime:0.000724s ]

[ 2015-07-12T18:43:35+08:00 ] ::1 /hometownMarket/index.php/Admin/User/notChecked.html
INFO: [ app_init ] --START--
INFO: Run Behavior\BuildLiteBehavior [ RunTime:0.000014s ]
INFO: [ app_init ] --END-- [ RunTime:0.000367s ]
INFO: [ app_begin ] --START--
INFO: Run Behavior\ReadHtmlCacheBehavior [ RunTime:0.000510s ]
INFO: [ app_begin ] --END-- [ RunTime:0.000570s ]
SQL: SHOW COLUMNS FROM `tt_members` [ RunTime:0.0038s ]
SQL: SELECT * FROM `tt_members` WHERE ( members_visitset='1' ) ORDER BY members_joindate DESC LIMIT 0,10   [ RunTime:0.0006s ]
SQL: SELECT COUNT(*) AS tp_count FROM `tt_members` WHERE ( members_visitset='1' ) LIMIT 1   [ RunTime:0.0003s ]
INFO: [ view_parse ] --START--
INFO: [ template_filter ] --START--
INFO: Run Behavior\ContentReplaceBehavior [ RunTime:0.000095s ]
INFO: [ template_filter ] --END-- [ RunTime:0.000150s ]
INFO: Run Behavior\ParseTemplateBehavior [ RunTime:0.010304s ]
INFO: [ view_parse ] --END-- [ RunTime:0.010380s ]
INFO: [ view_filter ] --START--
INFO: Run Behavior\WriteHtmlCacheBehavior [ RunTime:0.000237s ]
INFO: [ view_filter ] --END-- [ RunTime:0.000281s ]
INFO: [ app_end ] --START--
INFO: Run Behavior\ShowPageTraceBehavior [ RunTime:0.000497s ]
INFO: [ app_end ] --END-- [ RunTime:0.000551s ]

[ 2015-07-12T18:43:43+08:00 ] ::1 /hometownMarket/index.php/Admin/User/setVisitset.html
INFO: [ app_init ] --START--
INFO: Run Behavior\BuildLiteBehavior [ RunTime:0.000024s ]
INFO: [ app_init ] --END-- [ RunTime:0.000672s ]
INFO: [ app_begin ] --START--
INFO: Run Behavior\ReadHtmlCacheBehavior [ RunTime:0.000691s ]
INFO: [ app_begin ] --END-- [ RunTime:0.000754s ]
SQL: SHOW COLUMNS FROM `tt_members` [ RunTime:0.0057s ]
SQL: UPDATE `tt_members` SET `members_visitset`='2' WHERE ( members_id='0' ) [ RunTime:0.0003s ]

[ 2015-07-12T18:43:49+08:00 ] ::1 /hometownMarket/index.php/Admin/User/notChecked.html
INFO: [ app_init ] --START--
INFO: Run Behavior\BuildLiteBehavior [ RunTime:0.000016s ]
INFO: [ app_init ] --END-- [ RunTime:0.000371s ]
INFO: [ app_begin ] --START--
INFO: Run Behavior\ReadHtmlCacheBehavior [ RunTime:0.000459s ]
INFO: [ app_begin ] --END-- [ RunTime:0.000512s ]
SQL: SHOW COLUMNS FROM `tt_members` [ RunTime:0.0042s ]
SQL: SELECT * FROM `tt_members` WHERE ( members_visitset='1' ) ORDER BY members_joindate DESC LIMIT 0,10   [ RunTime:0.0006s ]
SQL: SELECT COUNT(*) AS tp_count FROM `tt_members` WHERE ( members_visitset='1' ) LIMIT 1   [ RunTime:0.0003s ]
INFO: [ view_parse ] --START--
INFO: [ template_filter ] --START--
INFO: Run Behavior\ContentReplaceBehavior [ RunTime:0.000102s ]
INFO: [ template_filter ] --END-- [ RunTime:0.000158s ]
INFO: Run Behavior\ParseTemplateBehavior [ RunTime:0.011235s ]
INFO: [ view_parse ] --END-- [ RunTime:0.011300s ]
INFO: [ view_filter ] --START--
INFO: Run Behavior\WriteHtmlCacheBehavior [ RunTime:0.000368s ]
INFO: [ view_filter ] --END-- [ RunTime:0.000413s ]
INFO: [ app_end ] --START--
INFO: Run Behavior\ShowPageTraceBehavior [ RunTime:0.000671s ]
INFO: [ app_end ] --END-- [ RunTime:0.000738s ]

[ 2015-07-12T18:43:52+08:00 ] ::1 /hometownMarket/index.php/Admin/User/notChecked.html
INFO: [ app_init ] --START--
INFO: Run Behavior\BuildLiteBehavior [ RunTime:0.000015s ]
INFO: [ app_init ] --END-- [ RunTime:0.000400s ]
INFO: [ app_begin ] --START--
INFO: Run Behavior\ReadHtmlCacheBehavior [ RunTime:0.000465s ]
INFO: [ app_begin ] --END-- [ RunTime:0.000521s ]
SQL: SHOW COLUMNS FROM `tt_members` [ RunTime:0.0039s ]
SQL: SELECT * FROM `tt_members` WHERE ( members_visitset='1' ) ORDER BY members_joindate DESC LIMIT 0,10   [ RunTime:0.0006s ]
SQL: SELECT COUNT(*) AS tp_count FROM `tt_members` WHERE ( members_visitset='1' ) LIMIT 1   [ RunTime:0.0003s ]
INFO: [ view_parse ] --START--
INFO: [ template_filter ] --START--
INFO: Run Behavior\ContentReplaceBehavior [ RunTime:0.000097s ]
INFO: [ template_filter ] --END-- [ RunTime:0.000150s ]
INFO: Run Behavior\ParseTemplateBehavior [ RunTime:0.010078s ]
INFO: [ view_parse ] --END-- [ RunTime:0.010163s ]
INFO: [ view_filter ] --START--
INFO: Run Behavior\WriteHtmlCacheBehavior [ RunTime:0.000398s ]
INFO: [ view_filter ] --END-- [ RunTime:0.000469s ]
INFO: [ app_end ] --START--
INFO: Run Behavior\ShowPageTraceBehavior [ RunTime:0.000797s ]
INFO: [ app_end ] --END-- [ RunTime:0.000888s ]

[ 2015-07-12T18:43:55+08:00 ] ::1 /hometownMarket/index.php/Admin/User/setVisitset.html
INFO: [ app_init ] --START--
INFO: Run Behavior\BuildLiteBehavior [ RunTime:0.000026s ]
INFO: [ app_init ] --END-- [ RunTime:0.000656s ]
INFO: [ app_begin ] --START--
INFO: Run Behavior\ReadHtmlCacheBehavior [ RunTime:0.000789s ]
INFO: [ app_begin ] --END-- [ RunTime:0.000895s ]
SQL: SHOW COLUMNS FROM `tt_members` [ RunTime:0.0038s ]
SQL: UPDATE `tt_members` SET `members_visitset`='2' WHERE ( members_id='0' ) [ RunTime:0.0002s ]

[ 2015-07-12T18:44:56+08:00 ] ::1 /hometownMarket/index.php/Admin/User/notChecked.html
INFO: [ app_init ] --START--
INFO: Run Behavior\BuildLiteBehavior [ RunTime:0.000023s ]
INFO: [ app_init ] --END-- [ RunTime:0.000594s ]
INFO: [ app_begin ] --START--
INFO: Run Behavior\ReadHtmlCacheBehavior [ RunTime:0.000667s ]
INFO: [ app_begin ] --END-- [ RunTime:0.000738s ]
SQL: SHOW COLUMNS FROM `tt_members` [ RunTime:0.0045s ]
SQL: SELECT * FROM `tt_members` WHERE ( members_visitset='1' ) ORDER BY members_joindate DESC LIMIT 0,10   [ RunTime:0.0009s ]
SQL: SELECT COUNT(*) AS tp_count FROM `tt_members` WHERE ( members_visitset='1' ) LIMIT 1   [ RunTime:0.0005s ]
INFO: [ view_parse ] --START--
INFO: [ template_filter ] --START--
INFO: Run Behavior\ContentReplaceBehavior [ RunTime:0.000100s ]
INFO: [ template_filter ] --END-- [ RunTime:0.000158s ]
INFO: Run Behavior\ParseTemplateBehavior [ RunTime:0.011085s ]
INFO: [ view_parse ] --END-- [ RunTime:0.011169s ]
INFO: [ view_filter ] --START--
INFO: Run Behavior\WriteHtmlCacheBehavior [ RunTime:0.000269s ]
INFO: [ view_filter ] --END-- [ RunTime:0.000314s ]
INFO: [ app_end ] --START--
INFO: Run Behavior\ShowPageTraceBehavior [ RunTime:0.000576s ]
INFO: [ app_end ] --END-- [ RunTime:0.000642s ]

[ 2015-07-12T18:53:17+08:00 ] ::1 /hometownMarket/index.php/Admin/User/notChecked.html
INFO: [ app_init ] --START--
INFO: Run Behavior\BuildLiteBehavior [ RunTime:0.000014s ]
INFO: [ app_init ] --END-- [ RunTime:0.000415s ]
INFO: [ app_begin ] --START--
INFO: Run Behavior\ReadHtmlCacheBehavior [ RunTime:0.000652s ]
INFO: [ app_begin ] --END-- [ RunTime:0.000706s ]
SQL: SHOW COLUMNS FROM `tt_members` [ RunTime:0.0041s ]
SQL: SELECT * FROM `tt_members` WHERE ( members_visitset='1' ) ORDER BY members_joindate DESC LIMIT 0,10   [ RunTime:0.0006s ]
SQL: SELECT COUNT(*) AS tp_count FROM `tt_members` WHERE ( members_visitset='1' ) LIMIT 1   [ RunTime:0.0003s ]
INFO: [ view_parse ] --START--
INFO: [ template_filter ] --START--
INFO: Run Behavior\ContentReplaceBehavior [ RunTime:0.000092s ]
INFO: [ template_filter ] --END-- [ RunTime:0.000148s ]
INFO: Run Behavior\ParseTemplateBehavior [ RunTime:0.011876s ]
INFO: [ view_parse ] --END-- [ RunTime:0.011937s ]
INFO: [ view_filter ] --START--
INFO: Run Behavior\WriteHtmlCacheBehavior [ RunTime:0.000457s ]
INFO: [ view_filter ] --END-- [ RunTime:0.000501s ]
INFO: [ app_end ] --START--
INFO: Run Behavior\ShowPageTraceBehavior [ RunTime:0.000840s ]
INFO: [ app_end ] --END-- [ RunTime:0.000912s ]

[ 2015-07-12T18:53:23+08:00 ] ::1 /hometownMarket/index.php/Admin/User/setVisitset.html
INFO: [ app_init ] --START--
INFO: Run Behavior\BuildLiteBehavior [ RunTime:0.000020s ]
INFO: [ app_init ] --END-- [ RunTime:0.000469s ]
INFO: [ app_begin ] --START--
INFO: Run Behavior\ReadHtmlCacheBehavior [ RunTime:0.001012s ]
INFO: [ app_begin ] --END-- [ RunTime:0.001110s ]
SQL: SHOW COLUMNS FROM `tt_members` [ RunTime:0.0043s ]
SQL: UPDATE `tt_members` SET `members_visitset`='1' WHERE ( members_id='0' ) [ RunTime:0.0003s ]

[ 2015-07-12T18:53:28+08:00 ] ::1 /hometownMarket/index.php/Admin/User/notChecked.html
INFO: [ app_init ] --START--
INFO: Run Behavior\BuildLiteBehavior [ RunTime:0.000015s ]
INFO: [ app_init ] --END-- [ RunTime:0.000369s ]
INFO: [ app_begin ] --START--
INFO: Run Behavior\ReadHtmlCacheBehavior [ RunTime:0.000457s ]
INFO: [ app_begin ] --END-- [ RunTime:0.000508s ]
SQL: SHOW COLUMNS FROM `tt_members` [ RunTime:0.0057s ]
SQL: SELECT * FROM `tt_members` WHERE ( members_visitset='1' ) ORDER BY members_joindate DESC LIMIT 0,10   [ RunTime:0.0008s ]
SQL: SELECT COUNT(*) AS tp_count FROM `tt_members` WHERE ( members_visitset='1' ) LIMIT 1   [ RunTime:0.0004s ]
INFO: [ view_parse ] --START--
INFO: [ template_filter ] --START--
INFO: Run Behavior\ContentReplaceBehavior [ RunTime:0.000101s ]
INFO: [ template_filter ] --END-- [ RunTime:0.000161s ]
INFO: Run Behavior\ParseTemplateBehavior [ RunTime:0.015157s ]
INFO: [ view_parse ] --END-- [ RunTime:0.015225s ]
INFO: [ view_filter ] --START--
INFO: Run Behavior\WriteHtmlCacheBehavior [ RunTime:0.000424s ]
INFO: [ view_filter ] --END-- [ RunTime:0.000467s ]
INFO: [ app_end ] --START--
INFO: Run Behavior\ShowPageTraceBehavior [ RunTime:0.000672s ]
INFO: [ app_end ] --END-- [ RunTime:0.000738s ]

[ 2015-07-12T18:53:34+08:00 ] ::1 /hometownMarket/index.php/Admin/User/checked.html
INFO: [ app_init ] --START--
INFO: Run Behavior\BuildLiteBehavior [ RunTime:0.000017s ]
INFO: [ app_init ] --END-- [ RunTime:0.000664s ]
INFO: [ app_begin ] --START--
INFO: Run Behavior\ReadHtmlCacheBehavior [ RunTime:0.000632s ]
INFO: [ app_begin ] --END-- [ RunTime:0.000686s ]
SQL: SHOW COLUMNS FROM `tt_members` [ RunTime:0.0042s ]
SQL: SELECT * FROM `tt_members` WHERE ( members_visitset='0' ) ORDER BY members_joindate DESC LIMIT 0,10   [ RunTime:0.0007s ]
SQL: SELECT COUNT(*) AS tp_count FROM `tt_members` WHERE ( members_visitset='0' ) LIMIT 1   [ RunTime:0.0003s ]
INFO: [ view_parse ] --START--
INFO: [ template_filter ] --START--
INFO: Run Behavior\ContentReplaceBehavior [ RunTime:0.000104s ]
INFO: [ template_filter ] --END-- [ RunTime:0.000164s ]
INFO: Run Behavior\ParseTemplateBehavior [ RunTime:0.010776s ]
INFO: [ view_parse ] --END-- [ RunTime:0.010838s ]
INFO: [ view_filter ] --START--
INFO: Run Behavior\WriteHtmlCacheBehavior [ RunTime:0.000368s ]
INFO: [ view_filter ] --END-- [ RunTime:0.000411s ]
INFO: [ app_end ] --START--
INFO: Run Behavior\ShowPageTraceBehavior [ RunTime:0.000650s ]
INFO: [ app_end ] --END-- [ RunTime:0.000717s ]

[ 2015-07-12T18:53:40+08:00 ] ::1 /hometownMarket/index.php/Admin/User/setVisitset.html
INFO: [ app_init ] --START--
INFO: Run Behavior\BuildLiteBehavior [ RunTime:0.000014s ]
INFO: [ app_init ] --END-- [ RunTime:0.000383s ]
INFO: [ app_begin ] --START--
INFO: Run Behavior\ReadHtmlCacheBehavior [ RunTime:0.000650s ]
INFO: [ app_begin ] --END-- [ RunTime:0.000729s ]
SQL: SHOW COLUMNS FROM `tt_members` [ RunTime:0.0054s ]
SQL: UPDATE `tt_members` SET `members_visitset`='1' WHERE ( members_id='0' ) [ RunTime:0.0003s ]

[ 2015-07-12T18:53:45+08:00 ] ::1 /hometownMarket/index.php/Admin/User/checked.html
INFO: [ app_init ] --START--
INFO: Run Behavior\BuildLiteBehavior [ RunTime:0.000025s ]
INFO: [ app_init ] --END-- [ RunTime:0.000618s ]
INFO: [ app_begin ] --START--
INFO: Run Behavior\ReadHtmlCacheBehavior [ RunTime:0.000844s ]
INFO: [ app_begin ] --END-- [ RunTime:0.000949s ]
SQL: SHOW COLUMNS FROM `tt_members` [ RunTime:0.0059s ]
SQL: SELECT * FROM `tt_members` WHERE ( members_visitset='0' ) ORDER BY members_joindate DESC LIMIT 0,10   [ RunTime:0.0007s ]
SQL: SELECT COUNT(*) AS tp_count FROM `tt_members` WHERE ( members_visitset='0' ) LIMIT 1   [ RunTime:0.0003s ]
INFO: [ view_parse ] --START--
INFO: [ template_filter ] --START--
INFO: Run Behavior\ContentReplaceBehavior [ RunTime:0.000098s ]
INFO: [ template_filter ] --END-- [ RunTime:0.000158s ]
INFO: Run Behavior\ParseTemplateBehavior [ RunTime:0.011697s ]
INFO: [ view_parse ] --END-- [ RunTime:0.011798s ]
INFO: [ view_filter ] --START--
INFO: Run Behavior\WriteHtmlCacheBehavior [ RunTime:0.000494s ]
INFO: [ view_filter ] --END-- [ RunTime:0.000570s ]
INFO: [ app_end ] --START--
INFO: Run Behavior\ShowPageTraceBehavior [ RunTime:0.000856s ]
INFO: [ app_end ] --END-- [ RunTime:0.000950s ]

[ 2015-07-12T18:53:55+08:00 ] ::1 /hometownMarket/index.php/Admin/User/setVisitset.html
INFO: [ app_init ] --START--
INFO: Run Behavior\BuildLiteBehavior [ RunTime:0.000024s ]
INFO: [ app_init ] --END-- [ RunTime:0.000616s ]
INFO: [ app_begin ] --START--
INFO: Run Behavior\ReadHtmlCacheBehavior [ RunTime:0.000808s ]
INFO: [ app_begin ] --END-- [ RunTime:0.000888s ]
SQL: SHOW COLUMNS FROM `tt_members` [ RunTime:0.0040s ]
SQL: UPDATE `tt_members` SET `members_visitset`='1' WHERE ( members_id='0' ) [ RunTime:0.0003s ]

[ 2015-07-12T18:53:58+08:00 ] ::1 /hometownMarket/index.php/Admin/User/checked.html
INFO: [ app_init ] --START--
INFO: Run Behavior\BuildLiteBehavior [ RunTime:0.000027s ]
INFO: [ app_init ] --END-- [ RunTime:0.000675s ]
INFO: [ app_begin ] --START--
INFO: Run Behavior\ReadHtmlCacheBehavior [ RunTime:0.001054s ]
INFO: [ app_begin ] --END-- [ RunTime:0.001172s ]
SQL: SHOW COLUMNS FROM `tt_members` [ RunTime:0.0038s ]
SQL: SELECT * FROM `tt_members` WHERE ( members_visitset='0' ) ORDER BY members_joindate DESC LIMIT 0,10   [ RunTime:0.0005s ]
SQL: SELECT COUNT(*) AS tp_count FROM `tt_members` WHERE ( members_visitset='0' ) LIMIT 1   [ RunTime:0.0002s ]
INFO: [ view_parse ] --START--
INFO: [ template_filter ] --START--
INFO: Run Behavior\ContentReplaceBehavior [ RunTime:0.000092s ]
INFO: [ template_filter ] --END-- [ RunTime:0.000148s ]
INFO: Run Behavior\ParseTemplateBehavior [ RunTime:0.011310s ]
INFO: [ view_parse ] --END-- [ RunTime:0.011375s ]
INFO: [ view_filter ] --START--
INFO: Run Behavior\WriteHtmlCacheBehavior [ RunTime:0.000401s ]
INFO: [ view_filter ] --END-- [ RunTime:0.000447s ]
INFO: [ app_end ] --START--
INFO: Run Behavior\ShowPageTraceBehavior [ RunTime:0.000733s ]
INFO: [ app_end ] --END-- [ RunTime:0.000803s ]

[ 2015-07-12T18:54:08+08:00 ] ::1 /hometownMarket/index.php/Admin/User/setVisitset.html
INFO: [ app_init ] --START--
INFO: Run Behavior\BuildLiteBehavior [ RunTime:0.000013s ]
INFO: [ app_init ] --END-- [ RunTime:0.000410s ]
INFO: [ app_begin ] --START--
INFO: Run Behavior\ReadHtmlCacheBehavior [ RunTime:0.000593s ]
INFO: [ app_begin ] --END-- [ RunTime:0.000644s ]
SQL: SHOW COLUMNS FROM `tt_members` [ RunTime:0.0040s ]
SQL: UPDATE `tt_members` SET `members_visitset`='1' WHERE ( members_id='0' ) [ RunTime:0.0003s ]

[ 2015-07-12T18:54:11+08:00 ] ::1 /hometownMarket/index.php/Admin/User/checked.html
INFO: [ app_init ] --START--
INFO: Run Behavior\BuildLiteBehavior [ RunTime:0.000021s ]
INFO: [ app_init ] --END-- [ RunTime:0.000492s ]
INFO: [ app_begin ] --START--
INFO: Run Behavior\ReadHtmlCacheBehavior [ RunTime:0.000742s ]
INFO: [ app_begin ] --END-- [ RunTime:0.000830s ]
SQL: SHOW COLUMNS FROM `tt_members` [ RunTime:0.0046s ]
SQL: SELECT * FROM `tt_members` WHERE ( members_visitset='0' ) ORDER BY members_joindate DESC LIMIT 0,10   [ RunTime:0.0006s ]
SQL: SELECT COUNT(*) AS tp_count FROM `tt_members` WHERE ( members_visitset='0' ) LIMIT 1   [ RunTime:0.0003s ]
INFO: [ view_parse ] --START--
INFO: [ template_filter ] --START--
INFO: Run Behavior\ContentReplaceBehavior [ RunTime:0.000093s ]
INFO: [ template_filter ] --END-- [ RunTime:0.000150s ]
INFO: Run Behavior\ParseTemplateBehavior [ RunTime:0.011068s ]
INFO: [ view_parse ] --END-- [ RunTime:0.011147s ]
INFO: [ view_filter ] --START--
INFO: Run Behavior\WriteHtmlCacheBehavior [ RunTime:0.000576s ]
INFO: [ view_filter ] --END-- [ RunTime:0.000650s ]
INFO: [ app_end ] --START--
INFO: Run Behavior\ShowPageTraceBehavior [ RunTime:0.001215s ]
INFO: [ app_end ] --END-- [ RunTime:0.001308s ]

[ 2015-07-12T18:54:12+08:00 ] ::1 /hometownMarket/index.php/Admin/User/checked.html
INFO: [ app_init ] --START--
INFO: Run Behavior\BuildLiteBehavior [ RunTime:0.000014s ]
INFO: [ app_init ] --END-- [ RunTime:0.000427s ]
INFO: [ app_begin ] --START--
INFO: Run Behavior\ReadHtmlCacheBehavior [ RunTime:0.000643s ]
INFO: [ app_begin ] --END-- [ RunTime:0.000697s ]
SQL: SHOW COLUMNS FROM `tt_members` [ RunTime:0.0038s ]
SQL: SELECT * FROM `tt_members` WHERE ( members_visitset='0' ) ORDER BY members_joindate DESC LIMIT 0,10   [ RunTime:0.0005s ]
SQL: SELECT COUNT(*) AS tp_count FROM `tt_members` WHERE ( members_visitset='0' ) LIMIT 1   [ RunTime:0.0003s ]
INFO: [ view_parse ] --START--
INFO: [ template_filter ] --START--
INFO: Run Behavior\ContentReplaceBehavior [ RunTime:0.000096s ]
INFO: [ template_filter ] --END-- [ RunTime:0.000154s ]
INFO: Run Behavior\ParseTemplateBehavior [ RunTime:0.010758s ]
INFO: [ view_parse ] --END-- [ RunTime:0.010816s ]
INFO: [ view_filter ] --START--
INFO: Run Behavior\WriteHtmlCacheBehavior [ RunTime:0.000485s ]
INFO: [ view_filter ] --END-- [ RunTime:0.000541s ]
INFO: [ app_end ] --START--
INFO: Run Behavior\ShowPageTraceBehavior [ RunTime:0.000989s ]
INFO: [ app_end ] --END-- [ RunTime:0.001052s ]

[ 2015-07-12T21:47:18+08:00 ] ::1 /hometownMarket/index.php/Admin/User/checked.html
INFO: [ app_init ] --START--
INFO: Run Behavior\BuildLiteBehavior [ RunTime:0.000024s ]
INFO: [ app_init ] --END-- [ RunTime:0.000679s ]
INFO: [ app_begin ] --START--
INFO: Run Behavior\ReadHtmlCacheBehavior [ RunTime:0.000970s ]
INFO: [ app_begin ] --END-- [ RunTime:0.001077s ]
SQL: SHOW COLUMNS FROM `tt_members` [ RunTime:0.0056s ]
SQL: SELECT * FROM `tt_members` WHERE ( members_visitset='0' ) ORDER BY members_joindate DESC LIMIT 0,10   [ RunTime:0.0007s ]
SQL: SELECT COUNT(*) AS tp_count FROM `tt_members` WHERE ( members_visitset='0' ) LIMIT 1   [ RunTime:0.0003s ]
INFO: [ view_parse ] --START--
INFO: [ template_filter ] --START--
INFO: Run Behavior\ContentReplaceBehavior [ RunTime:0.000091s ]
INFO: [ template_filter ] --END-- [ RunTime:0.000156s ]
INFO: Run Behavior\ParseTemplateBehavior [ RunTime:0.014902s ]
INFO: [ view_parse ] --END-- [ RunTime:0.014970s ]
INFO: [ view_filter ] --START--
INFO: Run Behavior\WriteHtmlCacheBehavior [ RunTime:0.000417s ]
INFO: [ view_filter ] --END-- [ RunTime:0.000473s ]
INFO: [ app_end ] --START--
INFO: Run Behavior\ShowPageTraceBehavior [ RunTime:0.001333s ]
INFO: [ app_end ] --END-- [ RunTime:0.001428s ]

[ 2015-07-12T21:47:23+08:00 ] ::1 /hometownMarket/index.php/Admin/User/setVisitset.html
INFO: [ app_init ] --START--
INFO: Run Behavior\BuildLiteBehavior [ RunTime:0.000016s ]
INFO: [ app_init ] --END-- [ RunTime:0.000434s ]
INFO: [ app_begin ] --START--
INFO: Run Behavior\ReadHtmlCacheBehavior [ RunTime:0.000608s ]
INFO: [ app_begin ] --END-- [ RunTime:0.000659s ]

[ 2015-07-12T21:47:27+08:00 ] ::1 /hometownMarket/index.php/Admin/User/setVisitset.html
INFO: [ app_init ] --START--
INFO: Run Behavior\BuildLiteBehavior [ RunTime:0.000015s ]
INFO: [ app_init ] --END-- [ RunTime:0.000372s ]
INFO: [ app_begin ] --START--
INFO: Run Behavior\ReadHtmlCacheBehavior [ RunTime:0.000452s ]
INFO: [ app_begin ] --END-- [ RunTime:0.000501s ]

[ 2015-07-12T21:47:32+08:00 ] ::1 /hometownMarket/index.php/Admin/User/setVisitset.html
INFO: [ app_init ] --START--
INFO: Run Behavior\BuildLiteBehavior [ RunTime:0.000015s ]
INFO: [ app_init ] --END-- [ RunTime:0.000364s ]
INFO: [ app_begin ] --START--
INFO: Run Behavior\ReadHtmlCacheBehavior [ RunTime:0.000459s ]
INFO: [ app_begin ] --END-- [ RunTime:0.000508s ]

[ 2015-07-12T21:47:35+08:00 ] ::1 /hometownMarket/index.php/Admin/User/setVisitset.html
INFO: [ app_init ] --START--
INFO: Run Behavior\BuildLiteBehavior [ RunTime:0.000023s ]
INFO: [ app_init ] --END-- [ RunTime:0.000577s ]
INFO: [ app_begin ] --START--
INFO: Run Behavior\ReadHtmlCacheBehavior [ RunTime:0.000656s ]
INFO: [ app_begin ] --END-- [ RunTime:0.000738s ]

[ 2015-07-12T21:48:05+08:00 ] ::1 /hometownMarket/index.php/Admin/User/checked.html
INFO: [ app_init ] --START--
INFO: Run Behavior\BuildLiteBehavior [ RunTime:0.000015s ]
INFO: [ app_init ] --END-- [ RunTime:0.000371s ]
INFO: [ app_begin ] --START--
INFO: Run Behavior\ReadHtmlCacheBehavior [ RunTime:0.000469s ]
INFO: [ app_begin ] --END-- [ RunTime:0.000524s ]
SQL: SHOW COLUMNS FROM `tt_members` [ RunTime:0.0043s ]
SQL: SELECT * FROM `tt_members` WHERE ( members_visitset='0' ) ORDER BY members_joindate DESC LIMIT 0,10   [ RunTime:0.0006s ]
SQL: SELECT COUNT(*) AS tp_count FROM `tt_members` WHERE ( members_visitset='0' ) LIMIT 1   [ RunTime:0.0003s ]
INFO: [ view_parse ] --START--
INFO: [ template_filter ] --START--
INFO: Run Behavior\ContentReplaceBehavior [ RunTime:0.000148s ]
INFO: [ template_filter ] --END-- [ RunTime:0.000236s ]
INFO: Run Behavior\ParseTemplateBehavior [ RunTime:0.013797s ]
INFO: [ view_parse ] --END-- [ RunTime:0.013879s ]
INFO: [ view_filter ] --START--
INFO: Run Behavior\WriteHtmlCacheBehavior [ RunTime:0.000511s ]
INFO: [ view_filter ] --END-- [ RunTime:0.000582s ]
INFO: [ app_end ] --START--
INFO: Run Behavior\ShowPageTraceBehavior [ RunTime:0.000919s ]
INFO: [ app_end ] --END-- [ RunTime:0.001013s ]

[ 2015-07-12T21:48:09+08:00 ] ::1 /hometownMarket/index.php/Admin/User/setVisitset.html
INFO: [ app_init ] --START--
INFO: Run Behavior\BuildLiteBehavior [ RunTime:0.000015s ]
INFO: [ app_init ] --END-- [ RunTime:0.000459s ]
INFO: [ app_begin ] --START--
INFO: Run Behavior\ReadHtmlCacheBehavior [ RunTime:0.000607s ]
INFO: [ app_begin ] --END-- [ RunTime:0.000658s ]
INFO: [ app_end ] --START--
INFO: Run Behavior\ShowPageTraceBehavior [ RunTime:0.000659s ]
INFO: [ app_end ] --END-- [ RunTime:0.000737s ]

[ 2015-07-12T21:48:15+08:00 ] ::1 /hometownMarket/index.php/Admin/User/setVisitset.html
INFO: [ app_init ] --START--
INFO: Run Behavior\BuildLiteBehavior [ RunTime:0.000015s ]
INFO: [ app_init ] --END-- [ RunTime:0.000366s ]
INFO: [ app_begin ] --START--
INFO: Run Behavior\ReadHtmlCacheBehavior [ RunTime:0.000449s ]
INFO: [ app_begin ] --END-- [ RunTime:0.000498s ]
INFO: [ app_end ] --START--
INFO: Run Behavior\ShowPageTraceBehavior [ RunTime:0.000670s ]
INFO: [ app_end ] --END-- [ RunTime:0.000745s ]

[ 2015-07-12T21:48:19+08:00 ] ::1 /hometownMarket/index.php/Admin/User/setVisitset.html
INFO: [ app_init ] --START--
INFO: Run Behavior\BuildLiteBehavior [ RunTime:0.000016s ]
INFO: [ app_init ] --END-- [ RunTime:0.000382s ]
INFO: [ app_begin ] --START--
INFO: Run Behavior\ReadHtmlCacheBehavior [ RunTime:0.000547s ]
INFO: [ app_begin ] --END-- [ RunTime:0.000623s ]

[ 2015-07-12T21:48:23+08:00 ] ::1 /hometownMarket/index.php/Admin/User/setVisitset.html
INFO: [ app_init ] --START--
INFO: Run Behavior\BuildLiteBehavior [ RunTime:0.000021s ]
INFO: [ app_init ] --END-- [ RunTime:0.000547s ]
INFO: [ app_begin ] --START--
INFO: Run Behavior\ReadHtmlCacheBehavior [ RunTime:0.000566s ]
INFO: [ app_begin ] --END-- [ RunTime:0.000636s ]

[ 2015-07-12T21:48:27+08:00 ] ::1 /hometownMarket/index.php/Admin/User/setVisitset.html
INFO: [ app_init ] --START--
INFO: Run Behavior\BuildLiteBehavior [ RunTime:0.000025s ]
INFO: [ app_init ] --END-- [ RunTime:0.000607s ]
INFO: [ app_begin ] --START--
INFO: Run Behavior\ReadHtmlCacheBehavior [ RunTime:0.000596s ]
INFO: [ app_begin ] --END-- [ RunTime:0.000681s ]
INFO: [ app_end ] --START--
INFO: Run Behavior\ShowPageTraceBehavior [ RunTime:0.000878s ]
INFO: [ app_end ] --END-- [ RunTime:0.001029s ]

[ 2015-07-12T21:48:51+08:00 ] ::1 /hometownMarket/index.php/Admin/User/checked.html
INFO: [ app_init ] --START--
INFO: Run Behavior\BuildLiteBehavior [ RunTime:0.000014s ]
INFO: [ app_init ] --END-- [ RunTime:0.000357s ]
INFO: [ app_begin ] --START--
INFO: Run Behavior\ReadHtmlCacheBehavior [ RunTime:0.000472s ]
INFO: [ app_begin ] --END-- [ RunTime:0.000522s ]
SQL: SHOW COLUMNS FROM `tt_members` [ RunTime:0.0039s ]
SQL: SELECT * FROM `tt_members` WHERE ( members_visitset='0' ) ORDER BY members_joindate DESC LIMIT 0,10   [ RunTime:0.0005s ]
SQL: SELECT COUNT(*) AS tp_count FROM `tt_members` WHERE ( members_visitset='0' ) LIMIT 1   [ RunTime:0.0003s ]
INFO: [ view_parse ] --START--
INFO: [ template_filter ] --START--
INFO: Run Behavior\ContentReplaceBehavior [ RunTime:0.000086s ]
INFO: [ template_filter ] --END-- [ RunTime:0.000141s ]
INFO: Run Behavior\ParseTemplateBehavior [ RunTime:0.010778s ]
INFO: [ view_parse ] --END-- [ RunTime:0.010840s ]
INFO: [ view_filter ] --START--
INFO: Run Behavior\WriteHtmlCacheBehavior [ RunTime:0.000353s ]
INFO: [ view_filter ] --END-- [ RunTime:0.000396s ]
INFO: [ app_end ] --START--
INFO: Run Behavior\ShowPageTraceBehavior [ RunTime:0.000488s ]
INFO: [ app_end ] --END-- [ RunTime:0.000559s ]

[ 2015-07-12T21:48:55+08:00 ] ::1 /hometownMarket/index.php/Admin/User/setVisitset.html
INFO: [ app_init ] --START--
INFO: Run Behavior\BuildLiteBehavior [ RunTime:0.000015s ]
INFO: [ app_init ] --END-- [ RunTime:0.000530s ]
INFO: [ app_begin ] --START--
INFO: Run Behavior\ReadHtmlCacheBehavior [ RunTime:0.000618s ]
INFO: [ app_begin ] --END-- [ RunTime:0.000668s ]

[ 2015-07-12T21:48:58+08:00 ] ::1 /hometownMarket/index.php/Admin/User/setVisitset.html
INFO: [ app_init ] --START--
INFO: Run Behavior\BuildLiteBehavior [ RunTime:0.000021s ]
INFO: [ app_init ] --END-- [ RunTime:0.000453s ]
INFO: [ app_begin ] --START--
INFO: Run Behavior\ReadHtmlCacheBehavior [ RunTime:0.000470s ]
INFO: [ app_begin ] --END-- [ RunTime:0.000523s ]

[ 2015-07-12T21:49:02+08:00 ] ::1 /hometownMarket/index.php/Admin/User/setVisitset.html
INFO: [ app_init ] --START--
INFO: Run Behavior\BuildLiteBehavior [ RunTime:0.000046s ]
INFO: [ app_init ] --END-- [ RunTime:0.000908s ]
INFO: [ app_begin ] --START--
INFO: Run Behavior\ReadHtmlCacheBehavior [ RunTime:0.001291s ]
INFO: [ app_begin ] --END-- [ RunTime:0.001412s ]

[ 2015-07-12T21:49:06+08:00 ] ::1 /hometownMarket/index.php/Admin/User/setVisitset.html
INFO: [ app_init ] --START--
INFO: Run Behavior\BuildLiteBehavior [ RunTime:0.000027s ]
INFO: [ app_init ] --END-- [ RunTime:0.000622s ]
INFO: [ app_begin ] --START--
INFO: Run Behavior\ReadHtmlCacheBehavior [ RunTime:0.001234s ]
INFO: [ app_begin ] --END-- [ RunTime:0.001333s ]

[ 2015-07-12T21:49:23+08:00 ] ::1 /hometownMarket/index.php/Admin/User/checked.html
INFO: [ app_init ] --START--
INFO: Run Behavior\BuildLiteBehavior [ RunTime:0.000014s ]
INFO: [ app_init ] --END-- [ RunTime:0.000368s ]
INFO: [ app_begin ] --START--
INFO: Run Behavior\ReadHtmlCacheBehavior [ RunTime:0.000457s ]
INFO: [ app_begin ] --END-- [ RunTime:0.000509s ]
SQL: SHOW COLUMNS FROM `tt_members` [ RunTime:0.0041s ]
SQL: SELECT * FROM `tt_members` WHERE ( members_visitset='0' ) ORDER BY members_joindate DESC LIMIT 0,10   [ RunTime:0.0005s ]
SQL: SELECT COUNT(*) AS tp_count FROM `tt_members` WHERE ( members_visitset='0' ) LIMIT 1   [ RunTime:0.0003s ]
INFO: [ view_parse ] --START--
INFO: [ template_filter ] --START--
INFO: Run Behavior\ContentReplaceBehavior [ RunTime:0.000090s ]
INFO: [ template_filter ] --END-- [ RunTime:0.000148s ]
INFO: Run Behavior\ParseTemplateBehavior [ RunTime:0.011401s ]
INFO: [ view_parse ] --END-- [ RunTime:0.011460s ]
INFO: [ view_filter ] --START--
INFO: Run Behavior\WriteHtmlCacheBehavior [ RunTime:0.000450s ]
INFO: [ view_filter ] --END-- [ RunTime:0.000492s ]
INFO: [ app_end ] --START--
INFO: Run Behavior\ShowPageTraceBehavior [ RunTime:0.000749s ]
INFO: [ app_end ] --END-- [ RunTime:0.000812s ]

[ 2015-07-12T21:49:26+08:00 ] ::1 /hometownMarket/index.php/Admin/User/setVisitset.html
INFO: [ app_init ] --START--
INFO: Run Behavior\BuildLiteBehavior [ RunTime:0.000023s ]
INFO: [ app_init ] --END-- [ RunTime:0.000599s ]
INFO: [ app_begin ] --START--
INFO: Run Behavior\ReadHtmlCacheBehavior [ RunTime:0.000816s ]
INFO: [ app_begin ] --END-- [ RunTime:0.000886s ]

[ 2015-07-12T21:49:29+08:00 ] ::1 /hometownMarket/index.php/Admin/User/setVisitset.html
INFO: [ app_init ] --START--
INFO: Run Behavior\BuildLiteBehavior [ RunTime:0.000021s ]
INFO: [ app_init ] --END-- [ RunTime:0.000497s ]
INFO: [ app_begin ] --START--
INFO: Run Behavior\ReadHtmlCacheBehavior [ RunTime:0.000460s ]
INFO: [ app_begin ] --END-- [ RunTime:0.000511s ]

[ 2015-07-12T21:49:32+08:00 ] ::1 /hometownMarket/index.php/Admin/User/setVisitset.html
INFO: [ app_init ] --START--
INFO: Run Behavior\BuildLiteBehavior [ RunTime:0.000021s ]
INFO: [ app_init ] --END-- [ RunTime:0.000684s ]
INFO: [ app_begin ] --START--
INFO: Run Behavior\ReadHtmlCacheBehavior [ RunTime:0.001238s ]
INFO: [ app_begin ] --END-- [ RunTime:0.001396s ]

