[ 2015-07-19T10:58:57+08:00 ] ::1 /hometownMarket/Uploads/2015-06-04/556fb0ee6e1c3.jpg
INFO: [ app_init ] --START--
INFO: Run Behavior\BuildLiteBehavior [ RunTime:0.000022s ]
INFO: [ app_init ] --END-- [ RunTime:0.000488s ]
ERR: 无法加载模块:Uploads

[ 2015-07-19T10:59:30+08:00 ] ::1 /hometownMarket/Uploads/2015-06-04/556fb0ee6e1c3.jpg
INFO: [ app_init ] --START--
INFO: Run Behavior\BuildLiteBehavior [ RunTime:0.000023s ]
INFO: [ app_init ] --END-- [ RunTime:0.000518s ]
ERR: 无法加载模块:Uploads

[ 2015-07-19T10:59:30+08:00 ] ::1 /hometownMarket/Uploads/2015-06-04/556fb0ee6e1c3.jpg
INFO: [ app_init ] --START--
INFO: Run Behavior\BuildLiteBehavior [ RunTime:0.000026s ]
INFO: [ app_init ] --END-- [ RunTime:0.000608s ]
ERR: 无法加载模块:Uploads

[ 2015-07-19T20:06:57+08:00 ] ::1 /hometownMarket/Uploads/2015-06-04/556fb0ee6e1c3.jpg
INFO: [ app_init ] --START--
INFO: Run Behavior\BuildLiteBehavior [ RunTime:0.000024s ]
INFO: [ app_init ] --END-- [ RunTime:0.000702s ]
ERR: 无法加载模块:Uploads

[ 2015-07-19T20:06:59+08:00 ] ::1 /hometownMarket/Uploads/2015-06-04/556fb0ee6e1c3.jpg
INFO: [ app_init ] --START--
INFO: Run Behavior\BuildLiteBehavior [ RunTime:0.000022s ]
INFO: [ app_init ] --END-- [ RunTime:0.000536s ]
ERR: 无法加载模块:Uploads

[ 2015-07-19T20:07:01+08:00 ] ::1 /hometownMarket/Uploads/2015-06-04/556fb0ee6e1c3.jpg
INFO: [ app_init ] --START--
INFO: Run Behavior\BuildLiteBehavior [ RunTime:0.000015s ]
INFO: [ app_init ] --END-- [ RunTime:0.000383s ]
ERR: 无法加载模块:Uploads

