[ 2015-06-09T08:14:06+08:00 ] ::1 /hometownMarket/Uploads/2015-06-04/556fb0ee6e1c3.jpg
INFO: [ app_init ] --START--
INFO: Run Behavior\BuildLiteBehavior [ RunTime:0.000068s ]
INFO: [ app_init ] --END-- [ RunTime:0.001702s ]
ERR: 无法加载模块:Uploads

[ 2015-06-09T08:51:29+08:00 ] ::1 /hometownMarket/Uploads/2015-06-04/556fb0ee6e1c3.jpg
INFO: [ app_init ] --START--
INFO: Run Behavior\BuildLiteBehavior [ RunTime:0.000065s ]
INFO: [ app_init ] --END-- [ RunTime:0.002084s ]
ERR: 无法加载模块:Uploads

[ 2015-06-09T13:31:00+08:00 ] ::1 /hometownMarket/Uploads/2015-06-04/556fb0ee6e1c3.jpg
INFO: [ app_init ] --START--
INFO: Run Behavior\BuildLiteBehavior [ RunTime:0.000025s ]
INFO: [ app_init ] --END-- [ RunTime:0.000682s ]
ERR: 无法加载模块:Uploads

[ 2015-06-09T13:31:32+08:00 ] ::1 /hometownMarket/Uploads/2015-06-04/556fb0ee6e1c3.jpg
INFO: [ app_init ] --START--
INFO: Run Behavior\BuildLiteBehavior [ RunTime:0.000015s ]
INFO: [ app_init ] --END-- [ RunTime:0.000381s ]
ERR: 无法加载模块:Uploads

[ 2015-06-09T18:03:43+08:00 ] ::1 /hometownMarket/Uploads/2015-06-04/556fb0ee6e1c3.jpg
INFO: [ app_init ] --START--
INFO: Run Behavior\BuildLiteBehavior [ RunTime:0.000024s ]
INFO: [ app_init ] --END-- [ RunTime:0.000554s ]
ERR: 无法加载模块:Uploads

[ 2015-06-09T18:08:15+08:00 ] ::1 /hometownMarket/Uploads/2015-06-04/556fb0ee6e1c3.jpg
INFO: [ app_init ] --START--
INFO: Run Behavior\BuildLiteBehavior [ RunTime:0.000025s ]
INFO: [ app_init ] --END-- [ RunTime:0.000601s ]
ERR: 无法加载模块:Uploads

