[ 2015-06-06T12:37:59+08:00 ] ::1 /hometownMarket/Uploads/2015-06-04/556fb0ee6e1c3.jpg
INFO: [ app_init ] --START--
INFO: Run Behavior\BuildLiteBehavior [ RunTime:0.000064s ]
INFO: [ app_init ] --END-- [ RunTime:0.001893s ]
ERR: 无法加载模块:Uploads

[ 2015-06-06T12:38:13+08:00 ] ::1 /hometownMarket/Uploads/2015-06-04/556fb0ee6e1c3.jpg
INFO: [ app_init ] --START--
INFO: Run Behavior\BuildLiteBehavior [ RunTime:0.000065s ]
INFO: [ app_init ] --END-- [ RunTime:0.001675s ]
ERR: 无法加载模块:Uploads

[ 2015-06-06T12:39:38+08:00 ] ::1 /hometownMarket/Uploads/2015-06-04/556fb0ee6e1c3.jpg
INFO: [ app_init ] --START--
INFO: Run Behavior\BuildLiteBehavior [ RunTime:0.000066s ]
INFO: [ app_init ] --END-- [ RunTime:0.001829s ]
ERR: 无法加载模块:Uploads

[ 2015-06-06T12:39:48+08:00 ] ::1 /hometownMarket/Uploads/2015-06-04/556fb0ee6e1c3.jpg
INFO: [ app_init ] --START--
INFO: Run Behavior\BuildLiteBehavior [ RunTime:0.000066s ]
INFO: [ app_init ] --END-- [ RunTime:0.001890s ]
ERR: 无法加载模块:Uploads

[ 2015-06-06T14:17:50+08:00 ] ::1 /hometownMarket/Uploads/2015-06-04/556fb0ee6e1c3.jpg
INFO: [ app_init ] --START--
INFO: Run Behavior\BuildLiteBehavior [ RunTime:0.000015s ]
INFO: [ app_init ] --END-- [ RunTime:0.000382s ]
ERR: 无法加载模块:Uploads

[ 2015-06-06T14:17:52+08:00 ] ::1 /hometownMarket/Uploads/2015-06-04/556fb0ee6e1c3.jpg
INFO: [ app_init ] --START--
INFO: Run Behavior\BuildLiteBehavior [ RunTime:0.000016s ]
INFO: [ app_init ] --END-- [ RunTime:0.000464s ]
ERR: 无法加载模块:Uploads

[ 2015-06-06T14:18:10+08:00 ] ::1 /hometownMarket/Uploads/2015-06-04/556fb0ee6e1c3.jpg
INFO: [ app_init ] --START--
INFO: Run Behavior\BuildLiteBehavior [ RunTime:0.000016s ]
INFO: [ app_init ] --END-- [ RunTime:0.000504s ]
ERR: 无法加载模块:Uploads

[ 2015-06-06T14:18:26+08:00 ] ::1 /hometownMarket/Uploads/2015-06-04/556fb0ee6e1c3.jpg
INFO: [ app_init ] --START--
INFO: Run Behavior\BuildLiteBehavior [ RunTime:0.000015s ]
INFO: [ app_init ] --END-- [ RunTime:0.000466s ]
ERR: 无法加载模块:Uploads

[ 2015-06-06T14:19:14+08:00 ] ::1 /hometownMarket/Uploads/2015-06-04/556fb0ee6e1c3.jpg
INFO: [ app_init ] --START--
INFO: Run Behavior\BuildLiteBehavior [ RunTime:0.000025s ]
INFO: [ app_init ] --END-- [ RunTime:0.000596s ]
ERR: 无法加载模块:Uploads

[ 2015-06-06T14:43:01+08:00 ] ::1 /hometownMarket/Uploads/2015-06-04/556fb0ee6e1c3.jpg
INFO: [ app_init ] --START--
INFO: Run Behavior\BuildLiteBehavior [ RunTime:0.000025s ]
INFO: [ app_init ] --END-- [ RunTime:0.000660s ]
ERR: 无法加载模块:Uploads

[ 2015-06-06T17:21:40+08:00 ] ::1 /hometownMarket/Uploads/2015-06-04/556fb0ee6e1c3.jpg
INFO: [ app_init ] --START--
INFO: Run Behavior\BuildLiteBehavior [ RunTime:0.000024s ]
INFO: [ app_init ] --END-- [ RunTime:0.000703s ]
ERR: 无法加载模块:Uploads

[ 2015-06-06T17:23:30+08:00 ] ::1 /hometownMarket/Uploads/2015-06-04/556fb0ee6e1c3.jpg
INFO: [ app_init ] --START--
INFO: Run Behavior\BuildLiteBehavior [ RunTime:0.000020s ]
INFO: [ app_init ] --END-- [ RunTime:0.000504s ]
ERR: 无法加载模块:Uploads

[ 2015-06-06T17:24:44+08:00 ] ::1 /hometownMarket/Uploads/2015-06-04/556fb0ee6e1c3.jpg
INFO: [ app_init ] --START--
INFO: Run Behavior\BuildLiteBehavior [ RunTime:0.000031s ]
INFO: [ app_init ] --END-- [ RunTime:0.002540s ]
ERR: 无法加载模块:Uploads

[ 2015-06-06T17:24:47+08:00 ] ::1 /hometownMarket/index.php/a
INFO: [ app_init ] --START--
INFO: Run Behavior\BuildLiteBehavior [ RunTime:0.000014s ]
INFO: [ app_init ] --END-- [ RunTime:0.000357s ]
ERR: 无法加载模块:A

[ 2015-06-06T17:53:39+08:00 ] ::1 /hometownMarket/Uploads/2015-06-04/556fb0ee6e1c3.jpg
INFO: [ app_init ] --START--
INFO: Run Behavior\BuildLiteBehavior [ RunTime:0.000026s ]
INFO: [ app_init ] --END-- [ RunTime:0.000773s ]
ERR: 无法加载模块:Uploads

[ 2015-06-06T17:59:16+08:00 ] ::1 /hometownMarket/Uploads/2015-06-04/556fb0ee6e1c3.jpg
INFO: [ app_init ] --START--
INFO: Run Behavior\BuildLiteBehavior [ RunTime:0.000019s ]
INFO: [ app_init ] --END-- [ RunTime:0.000476s ]
ERR: 无法加载模块:Uploads

[ 2015-06-06T17:59:17+08:00 ] ::1 /hometownMarket/Uploads/2015-06-04/556fb0ee6e1c3.jpg
INFO: [ app_init ] --START--
INFO: Run Behavior\BuildLiteBehavior [ RunTime:0.000021s ]
INFO: [ app_init ] --END-- [ RunTime:0.000582s ]
ERR: 无法加载模块:Uploads

[ 2015-06-06T18:00:34+08:00 ] ::1 /hometownMarket/Uploads/2015-06-04/556fb0ee6e1c3.jpg
INFO: [ app_init ] --START--
INFO: Run Behavior\BuildLiteBehavior [ RunTime:0.000014s ]
INFO: [ app_init ] --END-- [ RunTime:0.000364s ]
ERR: 无法加载模块:Uploads

[ 2015-06-06T18:00:34+08:00 ] ::1 /hometownMarket/Uploads/2015-06-04/556fb0ee6e1c3.jpg
INFO: [ app_init ] --START--
INFO: Run Behavior\BuildLiteBehavior [ RunTime:0.000015s ]
INFO: [ app_init ] --END-- [ RunTime:0.000364s ]
ERR: 无法加载模块:Uploads

[ 2015-06-06T18:00:57+08:00 ] ::1 /hometownMarket/Uploads/2015-06-04/556fb0ee6e1c3.jpg
INFO: [ app_init ] --START--
INFO: Run Behavior\BuildLiteBehavior [ RunTime:0.000015s ]
INFO: [ app_init ] --END-- [ RunTime:0.000486s ]
ERR: 无法加载模块:Uploads

[ 2015-06-06T18:01:12+08:00 ] ::1 /hometownMarket/Public/icons/responsivenav.ttf
INFO: [ app_init ] --START--
INFO: Run Behavior\BuildLiteBehavior [ RunTime:0.000022s ]
INFO: [ app_init ] --END-- [ RunTime:0.000534s ]
ERR: 无法加载模块:Public

[ 2015-06-06T18:01:12+08:00 ] ::1 /hometownMarket/Public/icons/responsivenav.woff
INFO: [ app_init ] --START--
INFO: Run Behavior\BuildLiteBehavior [ RunTime:0.000025s ]
INFO: [ app_init ] --END-- [ RunTime:0.000688s ]
ERR: 无法加载模块:Public

[ 2015-06-06T23:57:29+08:00 ] ::1 /hometownMarket/Uploads/2015-06-04/556fb0ee6e1c3.jpg
INFO: [ app_init ] --START--
INFO: Run Behavior\BuildLiteBehavior [ RunTime:0.000072s ]
INFO: [ app_init ] --END-- [ RunTime:0.002045s ]
ERR: 无法加载模块:Uploads

