[ 2015-06-08T23:40:44+08:00 ] ::1 /hometownMarket/Uploads/2015-06-04/556fb0ee6e1c3.jpg
INFO: [ app_init ] --START--
INFO: Run Behavior\BuildLiteBehavior [ RunTime:0.000023s ]
INFO: [ app_init ] --END-- [ RunTime:0.000522s ]
ERR: 无法加载模块:Uploads

[ 2015-06-08T23:40:44+08:00 ] ::1 /hometownMarket/Uploads/2015-06-04/556fb0ee6e1c3.jpg
INFO: [ app_init ] --START--
INFO: Run Behavior\BuildLiteBehavior [ RunTime:0.000069s ]
INFO: [ app_init ] --END-- [ RunTime:0.000774s ]
ERR: 无法加载模块:Uploads

[ 2015-06-08T23:46:25+08:00 ] ::1 /hometownMarket/Uploads/2015-06-04/556fb0ee6e1c3.jpg
INFO: [ app_init ] --START--
INFO: Run Behavior\BuildLiteBehavior [ RunTime:0.000016s ]
INFO: [ app_init ] --END-- [ RunTime:0.000411s ]
ERR: 无法加载模块:Uploads

[ 2015-06-08T23:46:44+08:00 ] ::1 /hometownMarket/Uploads/2015-06-04/556fb0ee6e1c3.jpg
INFO: [ app_init ] --START--
INFO: Run Behavior\BuildLiteBehavior [ RunTime:0.000025s ]
INFO: [ app_init ] --END-- [ RunTime:0.000649s ]
ERR: 无法加载模块:Uploads

